<?xml version="1.0" encoding="UTF-8"?>
<!-- Generated by org.testng.reporters.JUnitXMLReporter -->
<testsuite ignored="31" hostname="DESKTOP-82MSA1R" failures="0" tests="3" name="RegressionSuite" time="63.159" errors="0" timestamp="2025-05-21T10:34:53 IST">
  <testcase classname="org.dewa.framework.regressiontestcases.VoicedCustomersPageTest" name="verifyCustomersListPageAllCustomersTest" time="10.0"/>
  <testcase classname="org.dewa.framework.regressiontestcases.VoicedCustomersPageTest" name="verifyCustomersListPageBuildersTest" time="8.615"/>
  <testcase classname="org.dewa.framework.regressiontestcases.VoicedCustomersPageTest" name="verifyCustomersListPageConsumersTest" time="9.165"/>
  <testcase classname="org.dewa.framework.regressiontestcases.VoicedCustomersPageTest" name="verifyCustomersDetailsViewAllVoiceTest" time="0.0">
    <ignored/>
  </testcase> <!-- verifyCustomersDetailsViewAllVoiceTest -->
  <testcase classname="org.dewa.framework.regressiontestcases.VoicedCustomersPageTest" name="verifyCustomersListDateRangeSelectorTest" time="0.0">
    <ignored/>
  </testcase> <!-- verifyCustomersListDateRangeSelectorTest -->
  <testcase classname="org.dewa.framework.regressiontestcases.VoicedCustomersPageTest" name="verifyCustomersListPageTitleTest" time="0.0">
    <ignored/>
  </testcase> <!-- verifyCustomersListPageTitleTest -->
  <testcase classname="org.dewa.framework.regressiontestcases.VoicedCustomersPageTest" name="verifyCustomersDetailsVoiceDetailedReportTest" time="0.0">
    <ignored/>
  </testcase> <!-- verifyCustomersDetailsVoiceDetailedReportTest -->
  <testcase classname="org.dewa.framework.regressiontestcases.VoicedCustomersPageTest" name="verifyCustomersListPageMostActiveBuilderStatTest" time="0.0">
    <ignored/>
  </testcase> <!-- verifyCustomersListPageMostActiveBuilderStatTest -->
  <testcase classname="org.dewa.framework.regressiontestcases.VoicedCustomersPageTest" name="verifyCustomersListPageCustomersRequiringAttentionStatTest" time="0.0">
    <ignored/>
  </testcase> <!-- verifyCustomersListPageCustomersRequiringAttentionStatTest -->
  <testcase classname="org.dewa.framework.regressiontestcases.VoicedCustomersPageTest" name="verifyCustomersDetailsVoiceDetailedReportDashboardCancelButtonTest" time="0.0">
    <ignored/>
  </testcase> <!-- verifyCustomersDetailsVoiceDetailedReportDashboardCancelButtonTest -->
  <testcase classname="org.dewa.framework.regressiontestcases.VoicedCustomersPageTest" name="verifyCustomersListPageHideFilterTest" time="0.0">
    <ignored/>
  </testcase> <!-- verifyCustomersListPageHideFilterTest -->
  <testcase classname="org.dewa.framework.regressiontestcases.VoicedCustomersPageTest" name="verifyCustomersListPageFilterPresenseTest" time="0.0">
    <ignored/>
  </testcase> <!-- verifyCustomersListPageFilterPresenseTest -->
  <testcase classname="org.dewa.framework.regressiontestcases.VoicedCustomersPageTest" name="verifyCustomersListPageCustomersListTest" time="0.0">
    <ignored/>
  </testcase> <!-- verifyCustomersListPageCustomersListTest -->
  <testcase classname="org.dewa.framework.regressiontestcases.VoicedCustomersPageTest" name="verifyCustomersListPageExcelExportTest" time="0.0">
    <ignored/>
  </testcase> <!-- verifyCustomersListPageExcelExportTest -->
  <testcase classname="org.dewa.framework.regressiontestcases.VoicedCustomersPageTest" name="verifyCustomersDetailsNumberOfVoicesTest" time="0.0">
    <ignored/>
  </testcase> <!-- verifyCustomersDetailsNumberOfVoicesTest -->
  <testcase classname="org.dewa.framework.regressiontestcases.VoicedCustomersPageTest" name="verifyCustomersDetailsPageCustomerInfoDisplayTest" time="0.0">
    <ignored/>
  </testcase> <!-- verifyCustomersDetailsPageCustomerInfoDisplayTest -->
  <testcase classname="org.dewa.framework.regressiontestcases.VoicedCustomersPageTest" name="verifyCustomersListPagePaginationTest" time="0.0">
    <ignored/>
  </testcase> <!-- verifyCustomersListPagePaginationTest -->
  <testcase classname="org.dewa.framework.regressiontestcases.VoicedCustomersPageTest" name="verifyCustomersDetailsPageCustomerNameTest" time="0.0">
    <ignored/>
  </testcase> <!-- verifyCustomersDetailsPageCustomerNameTest -->
  <testcase classname="org.dewa.framework.regressiontestcases.VoicedCustomersPageTest" name="verifyCustomersDetailsPageCustomerSummarySectionTest" time="0.0">
    <ignored/>
  </testcase> <!-- verifyCustomersDetailsPageCustomerSummarySectionTest -->
  <testcase classname="org.dewa.framework.regressiontestcases.VoicedCustomersPageTest" name="verifyCustomersDetailsCustomerTypeDisplayTest" time="0.0">
    <ignored/>
  </testcase> <!-- verifyCustomersDetailsCustomerTypeDisplayTest -->
  <testcase classname="org.dewa.framework.regressiontestcases.VoicedCustomersPageTest" name="verifyCustomersListPageSearchTest" time="0.0">
    <ignored/>
  </testcase> <!-- verifyCustomersListPageSearchTest -->
  <testcase classname="org.dewa.framework.regressiontestcases.VoicedCustomersPageTest" name="verifyCustomersListPageShowCountTest" time="0.0">
    <ignored/>
  </testcase> <!-- verifyCustomersListPageShowCountTest -->
  <testcase classname="org.dewa.framework.regressiontestcases.VoicedCustomersPageTest" name="verifyCustomersListPageTotalVoicedCutomerTest" time="0.0">
    <ignored/>
  </testcase> <!-- verifyCustomersListPageTotalVoicedCutomerTest -->
  <testcase classname="org.dewa.framework.regressiontestcases.VoicedCustomersPageTest" name="verifyCustomersListPageMostEngagedConsumerStatTest" time="0.0">
    <ignored/>
  </testcase> <!-- verifyCustomersListPageMostEngagedConsumerStatTest -->
  <testcase classname="org.dewa.framework.regressiontestcases.VoicedCustomersPageTest" name="verifyCustomersListPageIdSearchTest" time="0.0">
    <ignored/>
  </testcase> <!-- verifyCustomersListPageIdSearchTest -->
  <testcase classname="org.dewa.framework.regressiontestcases.VoicedCustomersPageTest" name="verifyCustomersListPagePrimaryCustomerInteractionChannelStatTest" time="0.0">
    <ignored/>
  </testcase> <!-- verifyCustomersListPagePrimaryCustomerInteractionChannelStatTest -->
  <testcase classname="org.dewa.framework.regressiontestcases.VoicedCustomersPageTest" name="verifyCustomersListPageDayWeekMonthTest" time="0.0">
    <ignored/>
  </testcase> <!-- verifyCustomersListPageDayWeekMonthTest -->
  <testcase classname="org.dewa.framework.regressiontestcases.VoicedCustomersPageTest" name="verifyCustomersDetailsTopSQLTest" time="0.0">
    <ignored/>
  </testcase> <!-- verifyCustomersDetailsTopSQLTest -->
  <testcase classname="org.dewa.framework.regressiontestcases.VoicedCustomersPageTest" name="verifyCustomersListPageCustomerSentimentTest" time="0.0">
    <ignored/>
  </testcase> <!-- verifyCustomersListPageCustomerSentimentTest -->
  <testcase classname="org.dewa.framework.regressiontestcases.VoicedCustomersPageTest" name="verifyCustomersDetailsTopSourceTest" time="0.0">
    <ignored/>
  </testcase> <!-- verifyCustomersDetailsTopSourceTest -->
  <testcase classname="org.dewa.framework.regressiontestcases.VoicedCustomersPageTest" name="verifyCustomersDetailsTopServiceTest" time="0.0">
    <ignored/>
  </testcase> <!-- verifyCustomersDetailsTopServiceTest -->
  <testcase classname="org.dewa.framework.regressiontestcases.VoicedCustomersPageTest" name="verifyCustomersDetailsPageProblemIDTest" time="0.0">
    <ignored/>
  </testcase> <!-- verifyCustomersDetailsPageProblemIDTest -->
  <testcase classname="org.dewa.framework.regressiontestcases.VoicedCustomersPageTest" name="verifyCustomersListPageFilterTest" time="0.0">
    <ignored/>
  </testcase> <!-- verifyCustomersListPageFilterTest -->
  <testcase classname="org.dewa.framework.regressiontestcases.VoicedCustomersPageTest" name="verifyCustomersDetailsPagePrevNextCloseFunctionalityTest" time="0.0">
    <ignored/>
  </testcase> <!-- verifyCustomersDetailsPagePrevNextCloseFunctionalityTest -->
</testsuite> <!-- RegressionSuite -->
