# JRE version: Java(TM) SE Runtime Environment (17.0.12+8) (build 17.0.12+8-LTS-286)
# Java VM: Java HotSpot(TM) 64-Bit Server VM (17.0.12+8-LTS-286, mixed mode, sharing, tiered, compressed oops, compressed class ptrs, g1 gc, windows-amd64)
GC Precious Log:
 CPUs: 4 total, 4 available
 Memory: 16259M
 Large Page Support: Disabled
 NUMA Support: Disabled
 Compressed Oops: Enabled (Zero based)
 Heap Region Size: 2M
 Heap Min Capacity: 8M
 Heap Initial Capacity: 256M
 Heap Max Capacity: 4066M
 Pre-touch: Disabled
 Parallel Workers: 4
 Concurrent Workers: 1
 Concurrent Refinement Workers: 4
 Periodic GC: Disabled
Heap:
 garbage-first heap   total 262144K, used 71245K [0x0000000701e00000, 0x0000000800000000)
  region size 2048K, 10 young (20480K), 3 survivors (6144K)
 Metaspace       used 8241K, committed 8384K, reserved 1114112K
  class space    used 889K, committed 960K, reserved 1048576K
GC Heap History (12 events):
Event: 0.951 GC heap before
{Heap before GC invocations=0 (full 0):
 garbage-first heap   total 262144K, used 10240K [0x0000000701e00000, 0x0000000800000000)
  region size 2048K, 6 young (12288K), 0 survivors (0K)
 Metaspace       used 1386K, committed 1536K, reserved 1114112K
  class space    used 120K, committed 192K, reserved 1048576K
}
Event: 0.979 GC heap after
{Heap after GC invocations=1 (full 0):
 garbage-first heap   total 262144K, used 7979K [0x0000000701e00000, 0x0000000800000000)
  region size 2048K, 1 young (2048K), 1 survivors (2048K)
 Metaspace       used 1386K, committed 1536K, reserved 1114112K
  class space    used 120K, committed 192K, reserved 1048576K
}
Event: 1.688 GC heap before
{Heap before GC invocations=1 (full 0):
 garbage-first heap   total 262144K, used 16171K [0x0000000701e00000, 0x0000000800000000)
  region size 2048K, 6 young (12288K), 1 survivors (2048K)
 Metaspace       used 5589K, committed 5760K, reserved 1114112K
  class space    used 597K, committed 704K, reserved 1048576K
}
Event: 1.691 GC heap after
{Heap after GC invocations=2 (full 0):
 garbage-first heap   total 262144K, used 10006K [0x0000000701e00000, 0x0000000800000000)
  region size 2048K, 1 young (2048K), 1 survivors (2048K)
 Metaspace       used 5589K, committed 5760K, reserved 1114112K
  class space    used 597K, committed 704K, reserved 1048576K
}
Event: 2.194 GC heap before
{Heap before GC invocations=2 (full 0):
 garbage-first heap   total 262144K, used 24342K [0x0000000701e00000, 0x0000000800000000)
  region size 2048K, 8 young (16384K), 1 survivors (2048K)
 Metaspace       used 8160K, committed 8384K, reserved 1114112K
  class space    used 888K, committed 960K, reserved 1048576K
}
Event: 2.198 GC heap after
{Heap after GC invocations=3 (full 0):
 garbage-first heap   total 262144K, used 11621K [0x0000000701e00000, 0x0000000800000000)
  region size 2048K, 1 young (2048K), 1 survivors (2048K)
 Metaspace       used 8160K, committed 8384K, reserved 1114112K
  class space    used 888K, committed 960K, reserved 1048576K
}
Event: 3.221 GC heap before
{Heap before GC invocations=3 (full 0):
 garbage-first heap   total 262144K, used 116069K [0x0000000701e00000, 0x0000000800000000)
  region size 2048K, 52 young (106496K), 1 survivors (2048K)
 Metaspace       used 8232K, committed 8384K, reserved 1114112K
  class space    used 889K, committed 960K, reserved 1048576K
}
Event: 3.250 GC heap after
{Heap after GC invocations=4 (full 0):
 garbage-first heap   total 262144K, used 36861K [0x0000000701e00000, 0x0000000800000000)
  region size 2048K, 7 young (14336K), 7 survivors (14336K)
 Metaspace       used 8232K, committed 8384K, reserved 1114112K
  class space    used 889K, committed 960K, reserved 1048576K
}
Event: 3.393 GC heap before
{Heap before GC invocations=4 (full 0):
 garbage-first heap   total 262144K, used 86013K [0x0000000701e00000, 0x0000000800000000)
  region size 2048K, 31 young (63488K), 7 survivors (14336K)
 Metaspace       used 8234K, committed 8384K, reserved 1114112K
  class space    used 889K, committed 960K, reserved 1048576K
}
Event: 3.429 GC heap after
{Heap after GC invocations=5 (full 0):
 garbage-first heap   total 262144K, used 49625K [0x0000000701e00000, 0x0000000800000000)
  region size 2048K, 4 young (8192K), 4 survivors (8192K)
 Metaspace       used 8234K, committed 8384K, reserved 1114112K
  class space    used 889K, committed 960K, reserved 1048576K
}
Event: 3.491 GC heap before
{Heap before GC invocations=5 (full 0):
 garbage-first heap   total 262144K, used 80345K [0x0000000701e00000, 0x0000000800000000)
  region size 2048K, 19 young (38912K), 4 survivors (8192K)
 Metaspace       used 8234K, committed 8384K, reserved 1114112K
  class space    used 889K, committed 960K, reserved 1048576K
}
Event: 3.505 GC heap after
{Heap after GC invocations=6 (full 0):
 garbage-first heap   total 262144K, used 58957K [0x0000000701e00000, 0x0000000800000000)
  region size 2048K, 3 young (6144K), 3 survivors (6144K)
 Metaspace       used 8234K, committed 8384K, reserved 1114112K
  class space    used 889K, committed 960K, reserved 1048576K
}

