<?xml version="1.0" encoding="UTF-8"?>
<!-- Generated by org.testng.reporters.JUnitXMLReporter -->
<testsuite ignored="3" hostname="DESKTOP-UNS3PT6" failures="0" tests="1" name="Default test" time="115.299" errors="0" timestamp="2025-11-26T21:27:33 IST">
  <testcase classname="smoke_test_cases.AppointmentPageSmokeTest" name="appointmentCreationTest" time="74.71"/>
  <testcase classname="smoke_test_cases.AppointmentPageSmokeTest" name="appointmentCheckoutTest" time="0.0">
    <ignored/>
  </testcase> <!-- appointmentCheckoutTest -->
  <testcase classname="smoke_test_cases.AppointmentPageSmokeTest" name="scheduleTileTest" time="0.0">
    <ignored/>
  </testcase> <!-- scheduleTileTest -->
  <testcase classname="smoke_test_cases.AppointmentPageSmokeTest" name="checkedInTileTest" time="0.0">
    <ignored/>
  </testcase> <!-- checkedInTileTest -->
</testsuite> <!-- Default test -->
