<?xml version="1.0" encoding="UTF-8"?>
<!-- Generated by org.testng.reporters.JUnitXMLReporter -->
<testsuite ignored="4" hostname="DESKTOP-UNS3PT6" failures="0" tests="1" name="Default test" time="124.407" errors="0" timestamp="2025-12-25T13:47:45 IST">
  <testcase classname="smoke_test_cases.AppointmentPageSmokeTest" name="ecounterFormTest" time="87.623"/>
  <testcase classname="smoke_test_cases.AppointmentPageSmokeTest" name="checkedInTileTest" time="0.0">
    <ignored/>
  </testcase> <!-- checkedInTileTest -->
  <testcase classname="smoke_test_cases.AppointmentPageSmokeTest" name="appointmentCheckoutTest" time="0.0">
    <ignored/>
  </testcase> <!-- appointmentCheckoutTest -->
  <testcase classname="smoke_test_cases.AppointmentPageSmokeTest" name="appointmentCreationTest" time="0.0">
    <ignored/>
  </testcase> <!-- appointmentCreationTest -->
  <testcase classname="smoke_test_cases.AppointmentPageSmokeTest" name="scheduleTileTest" time="0.0">
    <ignored/>
  </testcase> <!-- scheduleTileTest -->
</testsuite> <!-- Default test -->
