<?xml version="1.0" encoding="UTF-8"?>
<!-- Generated by org.testng.reporters.JUnitXMLReporter -->
<testsuite ignored="20" hostname="DESKTOP-82MSA1R" failures="1" tests="4" name="Test" time="378.432" errors="0" timestamp="2025-06-25T22:47:24 IST">
  <testcase classname="smoke_test_cases.StudioPageSmokeTest" name="createViewTest" time="27.581"/>
  <testcase classname="smoke_test_cases.StudioPageSmokeTest" name="createWorkFlowTest" time="157.08"/>
  <testcase classname="smoke_test_cases.StudioPageSmokeTest" name="titleValidationQueryPaneTest" time="44.979"/>
  <testcase classname="smoke_test_cases.StudioPageSmokeTest" name="verifyAgentCreationTest" time="124.131">
    <failure type="com.microsoft.playwright.TimeoutError" message="Error {
  message=&amp;apos;Timeout 30000ms exceeded.
  name=&amp;apos;TimeoutError
  stack=&amp;apos;TimeoutError: Timeout 30000ms exceeded.
    at ProgressController.run (C:\Users\Dell\AppData\Local\Temp\playwright-java-8642778856527869538\package\lib\server\progress.js:78:26)
    at Frame.fill (C:\Users\Dell\AppData\Local\Temp\playwright-java-8642778856527869538\package\lib\server\frames.js:1052:23)
    at FrameDispatcher.fill (C:\Users\Dell\AppData\Local\Temp\playwright-java-8642778856527869538\package\lib\server\dispatchers\frameDispatcher.js:170:30)
    at FrameDispatcher._handleCommand (C:\Users\Dell\AppData\Local\Temp\playwright-java-8642778856527869538\package\lib\server\dispatchers\dispatcher.js:94:40)
    at DispatcherConnection.dispatch (C:\Users\Dell\AppData\Local\Temp\playwright-java-8642778856527869538\package\lib\server\dispatchers\dispatcher.js:361:39)
}
Call log:
- waiting for locator(&amp;quot;//input[@name=&amp;apos;Label Name&amp;apos;]&amp;quot;)
">
      <![CDATA[com.microsoft.playwright.TimeoutError: Error {
  message='Timeout 30000ms exceeded.
  name='TimeoutError
  stack='TimeoutError: Timeout 30000ms exceeded.
    at ProgressController.run (C:\Users\Dell\AppData\Local\Temp\playwright-java-8642778856527869538\package\lib\server\progress.js:78:26)
    at Frame.fill (C:\Users\Dell\AppData\Local\Temp\playwright-java-8642778856527869538\package\lib\server\frames.js:1052:23)
    at FrameDispatcher.fill (C:\Users\Dell\AppData\Local\Temp\playwright-java-8642778856527869538\package\lib\server\dispatchers\frameDispatcher.js:170:30)
    at FrameDispatcher._handleCommand (C:\Users\Dell\AppData\Local\Temp\playwright-java-8642778856527869538\package\lib\server\dispatchers\dispatcher.js:94:40)
    at DispatcherConnection.dispatch (C:\Users\Dell\AppData\Local\Temp\playwright-java-8642778856527869538\package\lib\server\dispatchers\dispatcher.js:361:39)
}
Call log:
- waiting for locator("//input[@name='Label Name']")

at com.microsoft.playwright.impl.WaitableResult.get(WaitableResult.java:52)
at com.microsoft.playwright.impl.ChannelOwner.runUntil(ChannelOwner.java:120)
at com.microsoft.playwright.impl.Connection.sendMessage(Connection.java:130)
at com.microsoft.playwright.impl.ChannelOwner.sendMessage(ChannelOwner.java:106)
at com.microsoft.playwright.impl.FrameImpl.fillImpl(FrameImpl.java:335)
at com.microsoft.playwright.impl.FrameImpl.lambda$fill$14(FrameImpl.java:325)
at com.microsoft.playwright.impl.LoggingSupport.lambda$withLogging$0(LoggingSupport.java:36)
at com.microsoft.playwright.impl.LoggingSupport.withLogging(LoggingSupport.java:47)
at com.microsoft.playwright.impl.ChannelOwner.withLogging(ChannelOwner.java:89)
at com.microsoft.playwright.impl.LoggingSupport.withLogging(LoggingSupport.java:35)
at com.microsoft.playwright.impl.FrameImpl.fill(FrameImpl.java:325)
at com.microsoft.playwright.impl.LocatorImpl.fill(LocatorImpl.java:235)
at com.microsoft.playwright.Locator.fill(Locator.java:3054)
at org.framework.playwright.utils.BaseClass.sendText(BaseClass.java:60)
at org.playwright.pages.StudioPage.inputLabelName(StudioPage.java:570)
at org.playwright.modules.SmokeTestModules.createNewLabelUnderTaxonomy(SmokeTestModules.java:584)
at org.playwright.modules.SmokeTestModules.agentCreation(SmokeTestModules.java:548)
at smoke_test_cases.StudioPageSmokeTest.verifyAgentCreationTest(StudioPageSmokeTest.java:141)
at java.base/java.util.ArrayList.forEach(ArrayList.java:1511)
Caused by: com.microsoft.playwright.TimeoutError: Error {
  message='Timeout 30000ms exceeded.
  name='TimeoutError
  stack='TimeoutError: Timeout 30000ms exceeded.
    at ProgressController.run (C:\Users\Dell\AppData\Local\Temp\playwright-java-8642778856527869538\package\lib\server\progress.js:78:26)
    at Frame.fill (C:\Users\Dell\AppData\Local\Temp\playwright-java-8642778856527869538\package\lib\server\frames.js:1052:23)
    at FrameDispatcher.fill (C:\Users\Dell\AppData\Local\Temp\playwright-java-8642778856527869538\package\lib\server\dispatchers\frameDispatcher.js:170:30)
    at FrameDispatcher._handleCommand (C:\Users\Dell\AppData\Local\Temp\playwright-java-8642778856527869538\package\lib\server\dispatchers\dispatcher.js:94:40)
    at DispatcherConnection.dispatch (C:\Users\Dell\AppData\Local\Temp\playwright-java-8642778856527869538\package\lib\server\dispatchers\dispatcher.js:361:39)
}
Call log:
- waiting for locator("//input[@name='Label Name']")

at com.microsoft.playwright.impl.Connection.dispatch(Connection.java:254)
at com.microsoft.playwright.impl.Connection.processOneMessage(Connection.java:211)
at com.microsoft.playwright.impl.ChannelOwner.runUntil(ChannelOwner.java:118)
... 44 more
... Removed 27 stack frames]]>
    </failure>
  </testcase> <!-- verifyAgentCreationTest -->
  <testcase classname="smoke_test_cases.StudioPageSmokeTest" name="landingPageTest" time="0.0">
    <ignored/>
  </testcase> <!-- landingPageTest -->
  <testcase classname="smoke_test_cases.StudioPageSmokeTest" name="addFunctionToTool" time="0.0">
    <ignored/>
  </testcase> <!-- addFunctionToTool -->
  <testcase classname="smoke_test_cases.StudioPageSmokeTest" name="studioPageAndHomePageNavigationTest" time="0.0">
    <ignored/>
  </testcase> <!-- studioPageAndHomePageNavigationTest -->
  <testcase classname="smoke_test_cases.StudioPageSmokeTest" name="ValidateStudioProjectTest" time="0.0">
    <ignored/>
  </testcase> <!-- ValidateStudioProjectTest -->
  <testcase classname="smoke_test_cases.StudioPageSmokeTest" name="createProjectWithoutMandatoryDetails" time="0.0">
    <ignored/>
  </testcase> <!-- createProjectWithoutMandatoryDetails -->
  <testcase classname="smoke_test_cases.StudioPageSmokeTest" name="editEntity" time="0.0">
    <ignored/>
  </testcase> <!-- editEntity -->
  <testcase classname="smoke_test_cases.StudioPageSmokeTest" name="createNewSubscriptionTest" time="0.0">
    <ignored/>
  </testcase> <!-- createNewSubscriptionTest -->
  <testcase classname="smoke_test_cases.StudioPageSmokeTest" name="convertFunctionToTool" time="0.0">
    <ignored/>
  </testcase> <!-- convertFunctionToTool -->
  <testcase classname="smoke_test_cases.StudioPageSmokeTest" name="ingestDocumentsFromDocumentPage" time="0.0">
    <ignored/>
  </testcase> <!-- ingestDocumentsFromDocumentPage -->
  <testcase classname="smoke_test_cases.StudioPageSmokeTest" name="createProjectTest" time="0.0">
    <ignored/>
  </testcase> <!-- createProjectTest -->
  <testcase classname="smoke_test_cases.StudioPageSmokeTest" name="verifyPiperPromptTest" time="0.0">
    <ignored/>
  </testcase> <!-- verifyPiperPromptTest -->
  <testcase classname="smoke_test_cases.StudioPageSmokeTest" name="deleteWorkFlow" time="0.0">
    <ignored/>
  </testcase> <!-- deleteWorkFlow -->
  <testcase classname="smoke_test_cases.StudioPageSmokeTest" name="createBotmindsFunction" time="0.0">
    <ignored/>
  </testcase> <!-- createBotmindsFunction -->
  <testcase classname="smoke_test_cases.StudioPageSmokeTest" name="taxonomyValidationTest" time="0.0">
    <ignored/>
  </testcase> <!-- taxonomyValidationTest -->
  <testcase classname="smoke_test_cases.StudioPageSmokeTest" name="createProjectWithDuplicateName" time="0.0">
    <ignored/>
  </testcase> <!-- createProjectWithDuplicateName -->
  <testcase classname="smoke_test_cases.StudioPageSmokeTest" name="downloadExportReport" time="0.0">
    <ignored/>
  </testcase> <!-- downloadExportReport -->
  <testcase classname="smoke_test_cases.StudioPageSmokeTest" name="ingestDocument" time="0.0">
    <ignored/>
  </testcase> <!-- ingestDocument -->
  <testcase classname="smoke_test_cases.StudioPageSmokeTest" name="createCustomFunction" time="0.0">
    <ignored/>
  </testcase> <!-- createCustomFunction -->
  <testcase classname="smoke_test_cases.StudioPageSmokeTest" name="assignUserNamesToTheDocuments" time="0.0">
    <ignored/>
  </testcase> <!-- assignUserNamesToTheDocuments -->
  <testcase classname="smoke_test_cases.StudioPageSmokeTest" name="verifyDocumentStateMovementTest" time="0.0">
    <ignored/>
  </testcase> <!-- verifyDocumentStateMovementTest -->
</testsuite> <!-- Test -->
