<?xml version="1.0" encoding="UTF-8"?>
<!-- Generated by org.testng.reporters.JUnitXMLReporter -->
<testsuite ignored="43" hostname="Manoj_Kumar_M" failures="0" tests="17" name="SmokeSuite" time="260.751" errors="0" timestamp="2025-03-10T10:55:38 IST">
  <testcase classname="org.dewa.framework.regressiontestcases.VoicePageTest" name="verifyCategorizationOfElectricityNetworkServicesGettingElectricityConnectionTest" time="9.541"/>
  <testcase classname="org.dewa.framework.regressiontestcases.VoicePageTest" name="verifyCategorizationOfElectricityWaterManagementServicesRequestForActivationOfElectricityWaterTest" time="7.285"/>
  <testcase classname="org.dewa.framework.regressiontestcases.VoicePageTest" name="verifyCategorizationOfSustainabilityConsumptionManagementServicesEVChargingArabicTest" time="6.544"/>
  <testcase classname="org.dewa.framework.regressiontestcases.VoicePageTest" name="verifyCategorizationOfWaterNetworkServicesGettingWaterConnectionTest" time="7.236"/>
  <testcase classname="org.dewa.framework.regressiontestcases.VoicePageTest" name="verifyDateAndTimeDisplayDateInVoiceSummaryPageTest" time="8.318"/>
  <testcase classname="org.dewa.framework.regressiontestcases.VoicePageTest" name="verifyLocationInvalidLocationDataTest" time="8.229"/>
  <testcase classname="org.dewa.framework.regressiontestcases.VoicePageTest" name="verifySentimentHappySentimentNegativeCommentsTest" time="7.867"/>
  <testcase classname="org.dewa.framework.regressiontestcases.VoicePageTest" name="verifySentimentNeutralSentimentNegativeCommentsTest" time="7.235"/>
  <testcase classname="org.dewa.framework.regressiontestcases.VoicePageTest" name="verifySentimentUnhappySentimentNoCommentsTest" time="7.305"/>
  <testcase classname="org.dewa.framework.regressiontestcases.VoicePageTest" name="verifySqlAppearanceOfServiceDeliveryUnhappyCustomerTest" time="7.193"/>
  <testcase classname="org.dewa.framework.regressiontestcases.VoicePageTest" name="verifySqlInformationQualityHappyCustomerTest" time="7.329"/>
  <testcase classname="org.dewa.framework.regressiontestcases.VoicePageTest" name="verifySqlNoCommentsTest" time="6.978"/>
  <testcase classname="org.dewa.framework.regressiontestcases.VoicePageTest" name="verifySqlRespectForCustomerPrivacyHappyCustomerTest" time="7.391"/>
  <testcase classname="org.dewa.framework.regressiontestcases.VoicePageTest" name="verifySqlSpeedOfServiceDeliveryUnhappyCustomerTest" time="7.206"/>
  <testcase classname="org.dewa.framework.regressiontestcases.VoicePageTest" name="verifyVoiceTypeComplaintsTest" time="7.384"/>
  <testcase classname="org.dewa.framework.regressiontestcases.VoicePageTest" name="verifyVoiceTypeSuggestionsTest" time="8.065"/>
  <testcase classname="org.dewa.framework.regressiontestcases.VoicePageTest" name="verifyVoiceTypeSuggestionsUrduTest" time="7.282"/>
  <testcase classname="org.dewa.framework.regressiontestcases.VoicePageTest" name="verifySourceDisplaySourceInVoiceSummaryPageTest" time="0.0">
    <ignored/>
  </testcase> <!-- verifySourceDisplaySourceInVoiceSummaryPageTest -->
  <testcase classname="org.dewa.framework.regressiontestcases.VoicePageTest" name="verifySqlEaseOfUseUnhappyCustomerTest" time="0.0">
    <ignored/>
  </testcase> <!-- verifySqlEaseOfUseUnhappyCustomerTest -->
  <testcase classname="org.dewa.framework.regressiontestcases.VoicePageTest" name="verifySentimentNeutralSentimentPositiveCommentsTest" time="0.0">
    <ignored/>
  </testcase> <!-- verifySentimentNeutralSentimentPositiveCommentsTest -->
  <testcase classname="org.dewa.framework.regressiontestcases.VoicePageTest" name="verifySqlAccessibilityOfServicesUnhappyCustomerTest" time="0.0">
    <ignored/>
  </testcase> <!-- verifySqlAccessibilityOfServicesUnhappyCustomerTest -->
  <testcase classname="org.dewa.framework.regressiontestcases.VoicePageTest" name="verifySubjectDisplaySubjectInVoiceSummaryPageTest" time="0.0">
    <ignored/>
  </testcase> <!-- verifySubjectDisplaySubjectInVoiceSummaryPageTest -->
  <testcase classname="org.dewa.framework.regressiontestcases.VoicePageTest" name="verifySqlAccessibilityOfServicesHappyCustomerTest" time="0.0">
    <ignored/>
  </testcase> <!-- verifySqlAccessibilityOfServicesHappyCustomerTest -->
  <testcase classname="org.dewa.framework.regressiontestcases.VoicePageTest" name="verifySqlProfessionalismOfStaffUnhappyCustomerTest" time="0.0">
    <ignored/>
  </testcase> <!-- verifySqlProfessionalismOfStaffUnhappyCustomerTest -->
  <testcase classname="org.dewa.framework.regressiontestcases.VoicePageTest" name="verifyCategorizationOfSustainabilityConsumptionManagementServicesRequestForConsumptionVerificationElectricityWaterTest" time="0.0">
    <ignored/>
  </testcase> <!-- verifyCategorizationOfSustainabilityConsumptionManagementServicesRequestForConsumptionVerificationElectricityWaterTest -->
  <testcase classname="org.dewa.framework.regressiontestcases.VoicePageTest" name="verifySentimentUnhappySentimentNeutralCommentsTest" time="0.0">
    <ignored/>
  </testcase> <!-- verifySentimentUnhappySentimentNeutralCommentsTest -->
  <testcase classname="org.dewa.framework.regressiontestcases.VoicePageTest" name="verifyCategorizationOfWaterNetworkServicesRequestForWaterNetworkModificationTest" time="0.0">
    <ignored/>
  </testcase> <!-- verifyCategorizationOfWaterNetworkServicesRequestForWaterNetworkModificationTest -->
  <testcase classname="org.dewa.framework.regressiontestcases.VoicePageTest" name="verifyCategorizationOfElectricityNetworkServicesGettingElectricityConnectionUrduTest" time="0.0">
    <ignored/>
  </testcase> <!-- verifyCategorizationOfElectricityNetworkServicesGettingElectricityConnectionUrduTest -->
  <testcase classname="org.dewa.framework.regressiontestcases.VoicePageTest" name="verifyCategorizationOfNOCServicesRequestForBuildingNoObjectionCertificateElectricityTest" time="0.0">
    <ignored/>
  </testcase> <!-- verifyCategorizationOfNOCServicesRequestForBuildingNoObjectionCertificateElectricityTest -->
  <testcase classname="org.dewa.framework.regressiontestcases.VoicePageTest" name="verifySqlRespectForCustomerPrivacyUnhappyCustomerTest" time="0.0">
    <ignored/>
  </testcase> <!-- verifySqlRespectForCustomerPrivacyUnhappyCustomerTest -->
  <testcase classname="org.dewa.framework.regressiontestcases.VoicePageTest" name="verifyVoiceTypeNoCommentsTest" time="0.0">
    <ignored/>
  </testcase> <!-- verifyVoiceTypeNoCommentsTest -->
  <testcase classname="org.dewa.framework.regressiontestcases.VoicePageTest" name="verifyCategorizationOfElectricityWaterManagementServicesRequestForDeactivationOfElectricityWaterTest" time="0.0">
    <ignored/>
  </testcase> <!-- verifyCategorizationOfElectricityWaterManagementServicesRequestForDeactivationOfElectricityWaterTest -->
  <testcase classname="org.dewa.framework.regressiontestcases.VoicePageTest" name="verifyCategorizationOfNOCServicesRequestForBuildingNoObjectionCertificateWaterTest" time="0.0">
    <ignored/>
  </testcase> <!-- verifyCategorizationOfNOCServicesRequestForBuildingNoObjectionCertificateWaterTest -->
  <testcase classname="org.dewa.framework.regressiontestcases.VoicePageTest" name="verifyVoiceTypeCommentsTest" time="0.0">
    <ignored/>
  </testcase> <!-- verifyVoiceTypeCommentsTest -->
  <testcase classname="org.dewa.framework.regressiontestcases.VoicePageTest" name="verifyCategorizationOfBillingServicesRequestForRefundTest" time="0.0">
    <ignored/>
  </testcase> <!-- verifyCategorizationOfBillingServicesRequestForRefundTest -->
  <testcase classname="org.dewa.framework.regressiontestcases.VoicePageTest" name="verifySentimentNeutralSentimentNoCommentsTest" time="0.0">
    <ignored/>
  </testcase> <!-- verifySentimentNeutralSentimentNoCommentsTest -->
  <testcase classname="org.dewa.framework.regressiontestcases.VoicePageTest" name="verifySqlAppearanceOfServiceDeliveryHappyCustomerTest" time="0.0">
    <ignored/>
  </testcase> <!-- verifySqlAppearanceOfServiceDeliveryHappyCustomerTest -->
  <testcase classname="org.dewa.framework.regressiontestcases.VoicePageTest" name="verifySentimentHappySentimentNoCommentsTest" time="0.0">
    <ignored/>
  </testcase> <!-- verifySentimentHappySentimentNoCommentsTest -->
  <testcase classname="org.dewa.framework.regressiontestcases.VoicePageTest" name="verifySqlProfessionalismOfStaffHappyCustomerTest" time="0.0">
    <ignored/>
  </testcase> <!-- verifySqlProfessionalismOfStaffHappyCustomerTest -->
  <testcase classname="org.dewa.framework.regressiontestcases.VoicePageTest" name="verifySqlProfessionalismOfStaffNeutralCustomerTest" time="0.0">
    <ignored/>
  </testcase> <!-- verifySqlProfessionalismOfStaffNeutralCustomerTest -->
  <testcase classname="org.dewa.framework.regressiontestcases.VoicePageTest" name="verifyCategorizationOfElectricityNetworkServicesRequestForElectricityNetworkAndModificationTest" time="0.0">
    <ignored/>
  </testcase> <!-- verifyCategorizationOfElectricityNetworkServicesRequestForElectricityNetworkAndModificationTest -->
  <testcase classname="org.dewa.framework.regressiontestcases.VoicePageTest" name="verifySqlEaseOfUseHappyCustomerTest" time="0.0">
    <ignored/>
  </testcase> <!-- verifySqlEaseOfUseHappyCustomerTest -->
  <testcase classname="org.dewa.framework.regressiontestcases.VoicePageTest" name="verifySentimentNeutralSentimentNeutralCommentsTest" time="0.0">
    <ignored/>
  </testcase> <!-- verifySentimentNeutralSentimentNeutralCommentsTest -->
  <testcase classname="org.dewa.framework.regressiontestcases.VoicePageTest" name="verifySqlEaseOfUseHappyCustomerUrduTest" time="0.0">
    <ignored/>
  </testcase> <!-- verifySqlEaseOfUseHappyCustomerUrduTest -->
  <testcase classname="org.dewa.framework.regressiontestcases.VoicePageTest" name="verifySqlInformationQualityUnhappyCustomerTest" time="0.0">
    <ignored/>
  </testcase> <!-- verifySqlInformationQualityUnhappyCustomerTest -->
  <testcase classname="org.dewa.framework.regressiontestcases.VoicePageTest" name="verifySentimentHappySentimentPositiveCommentsTest" time="0.0">
    <ignored/>
  </testcase> <!-- verifySentimentHappySentimentPositiveCommentsTest -->
  <testcase classname="org.dewa.framework.regressiontestcases.VoicePageTest" name="verifyCategorizationOfBillingServicesRequestForClearanceCertificateTest" time="0.0">
    <ignored/>
  </testcase> <!-- verifyCategorizationOfBillingServicesRequestForClearanceCertificateTest -->
  <testcase classname="org.dewa.framework.regressiontestcases.VoicePageTest" name="verifyMappingServiceCodesValidateCorrectMappingOfServiceCodesToSubServices771Test" time="0.0">
    <ignored/>
  </testcase> <!-- verifyMappingServiceCodesValidateCorrectMappingOfServiceCodesToSubServices771Test -->
  <testcase classname="org.dewa.framework.regressiontestcases.VoicePageTest" name="verifyVoiceTypeComplimentsTest" time="0.0">
    <ignored/>
  </testcase> <!-- verifyVoiceTypeComplimentsTest -->
  <testcase classname="org.dewa.framework.regressiontestcases.VoicePageTest" name="verifyMappingServiceCodesValidateCorrectMappingOfServiceCodesToSubServices4156Test" time="0.0">
    <ignored/>
  </testcase> <!-- verifyMappingServiceCodesValidateCorrectMappingOfServiceCodesToSubServices4156Test -->
  <testcase classname="org.dewa.framework.regressiontestcases.VoicePageTest" name="verifyCategorizationOfSustainabilityConsumptionManagementServicesEVAccountAndChargingCardManagementTest" time="0.0">
    <ignored/>
  </testcase> <!-- verifyCategorizationOfSustainabilityConsumptionManagementServicesEVAccountAndChargingCardManagementTest -->
  <testcase classname="org.dewa.framework.regressiontestcases.VoicePageTest" name="verifySqlSpeedOfServiceDeliveryHappyCustomerTest" time="0.0">
    <ignored/>
  </testcase> <!-- verifySqlSpeedOfServiceDeliveryHappyCustomerTest -->
  <testcase classname="org.dewa.framework.regressiontestcases.VoicePageTest" name="verifyCategorizationOfBillingServicesBillPaymentTest" time="0.0">
    <ignored/>
  </testcase> <!-- verifyCategorizationOfBillingServicesBillPaymentTest -->
  <testcase classname="org.dewa.framework.regressiontestcases.VoicePageTest" name="verifyVoiceTypeInquiresTest" time="0.0">
    <ignored/>
  </testcase> <!-- verifyVoiceTypeInquiresTest -->
  <testcase classname="org.dewa.framework.regressiontestcases.VoicePageTest" name="verifyLocationNoLocationInVoiceTest" time="0.0">
    <ignored/>
  </testcase> <!-- verifyLocationNoLocationInVoiceTest -->
  <testcase classname="org.dewa.framework.regressiontestcases.VoicePageTest" name="verifyLocationDisplayLocationInVoiceSummaryPageTest" time="0.0">
    <ignored/>
  </testcase> <!-- verifyLocationDisplayLocationInVoiceSummaryPageTest -->
  <testcase classname="org.dewa.framework.regressiontestcases.VoicePageTest" name="verifySqlAccessibilityOfServicesNegativeCustomerArabicTest" time="0.0">
    <ignored/>
  </testcase> <!-- verifySqlAccessibilityOfServicesNegativeCustomerArabicTest -->
  <testcase classname="org.dewa.framework.regressiontestcases.VoicePageTest" name="verifySentimentUnhappySentimentNegativeCommentsTest" time="0.0">
    <ignored/>
  </testcase> <!-- verifySentimentUnhappySentimentNegativeCommentsTest -->
  <testcase classname="org.dewa.framework.regressiontestcases.VoicePageTest" name="verifyMappingServiceCodesValidateCorrectMappingOfServiceCodesToSubServices798Test" time="0.0">
    <ignored/>
  </testcase> <!-- verifyMappingServiceCodesValidateCorrectMappingOfServiceCodesToSubServices798Test -->
  <testcase classname="org.dewa.framework.regressiontestcases.VoicePageTest" name="verifyVoiceTypeComplimentsUrduTest" time="0.0">
    <ignored/>
  </testcase> <!-- verifyVoiceTypeComplimentsUrduTest -->
</testsuite> <!-- SmokeSuite -->
