<?xml version="1.0" encoding="UTF-8"?>
<!-- Generated by org.testng.reporters.JUnitXMLReporter -->
<testsuite ignored="0" hostname="DESKTOP-82MSA1R" failures="0" tests="11" name="Test" time="258.478" errors="0" timestamp="2025-05-21T23:53:45 IST">
  <testcase classname="org.dewa.framework.regressiontestcases.CloneProject_BMX_Test" name="downloadBMXFileTest" time="30.613"/>
  <testcase classname="org.dewa.framework.regressiontestcases.CloneProject_BMX_Test" name="validateProjectModuleTest" time="13.553"/>
  <testcase classname="org.dewa.framework.regressiontestcases.CloneProject_BMX_Test" name="validateDataModelModuleTest" time="81.452"/>
  <testcase classname="org.dewa.framework.regressiontestcases.CloneProject_BMX_Test" name="validateAutomationModuleTest" time="7.48"/>
  <testcase classname="org.dewa.framework.regressiontestcases.CloneProject_BMX_Test" name="validateSearchModuleTest" time="7.193"/>
  <testcase classname="org.dewa.framework.regressiontestcases.CloneProject_BMX_Test" name="validateChatModuleTest" time="5.242"/>
  <testcase classname="org.dewa.framework.regressiontestcases.CloneProject_BMX_Test" name="validateIntelligenceTest" time="13.736"/>
  <testcase classname="org.dewa.framework.regressiontestcases.CloneProject_BMX_Test" name="validateAiBuilderTest" time="5.272"/>
  <testcase classname="org.dewa.framework.regressiontestcases.CloneProject_BMX_Test" name="validateAgentBuilderTest" time="11.641"/>
  <testcase classname="org.dewa.framework.regressiontestcases.CloneProject_BMX_Test" name="validateLibraryBuilderTest" time="5.234"/>
  <testcase classname="org.dewa.framework.regressiontestcases.CloneProject_BMX_Test" name="validateDataLakeTest" time="6.698"/>
</testsuite> <!-- Test -->
