<?xml version="1.0" encoding="UTF-8"?>
<!-- Generated by org.testng.reporters.JUnitXMLReporter -->
<testsuite ignored="15" hostname="Manoj_Kumar_M" failures="0" tests="3" name="Test" time="56.945" errors="0" timestamp="2025-03-06T12:09:38 IST">
  <testcase classname="org.dewa.framework.regressiontestcases.VoicePageTest" name="verifySentimentHappySentimentNegativeCommentsTest" time="17.133"/>
  <testcase classname="org.dewa.framework.regressiontestcases.VoicePageTest" name="verifySentimentNeutralSentimentNegativeCommentsTest" time="13.707"/>
  <testcase classname="org.dewa.framework.regressiontestcases.VoicePageTest" name="verifySentimentUnhappySentimentNoCommentsTest" time="16.813"/>
  <testcase classname="org.dewa.framework.regressiontestcases.VoicePageTest" name="verifySentimentNeutralSentimentPositiveCommentsTest" time="0.0">
    <ignored/>
  </testcase> <!-- verifySentimentNeutralSentimentPositiveCommentsTest -->
  <testcase classname="org.dewa.framework.regressiontestcases.VoicePageTest" name="verifySentimentHappySentimentPositiveCommentsTest" time="0.0">
    <ignored/>
  </testcase> <!-- verifySentimentHappySentimentPositiveCommentsTest -->
  <testcase classname="org.dewa.framework.regressiontestcases.VoicePageTest" name="verifyVoiceTypeSuggestionsTest" time="0.0">
    <ignored/>
  </testcase> <!-- verifyVoiceTypeSuggestionsTest -->
  <testcase classname="org.dewa.framework.regressiontestcases.VoicePageTest" name="verifySentimentUnhappySentimentNegativeCommentsTest" time="0.0">
    <ignored/>
  </testcase> <!-- verifySentimentUnhappySentimentNegativeCommentsTest -->
  <testcase classname="org.dewa.framework.regressiontestcases.VoicePageTest" name="verifySentimentNeutralSentimentNeutralCommentsTest" time="0.0">
    <ignored/>
  </testcase> <!-- verifySentimentNeutralSentimentNeutralCommentsTest -->
  <testcase classname="org.dewa.framework.regressiontestcases.VoicePageTest" name="verifyVoiceTypeSuggestionsUrduTest" time="0.0">
    <ignored/>
  </testcase> <!-- verifyVoiceTypeSuggestionsUrduTest -->
  <testcase classname="org.dewa.framework.regressiontestcases.VoicePageTest" name="verifyVoiceTypeComplaintsTest" time="0.0">
    <ignored/>
  </testcase> <!-- verifyVoiceTypeComplaintsTest -->
  <testcase classname="org.dewa.framework.regressiontestcases.VoicePageTest" name="verifySentimentNeutralSentimentNoCommentsTest" time="0.0">
    <ignored/>
  </testcase> <!-- verifySentimentNeutralSentimentNoCommentsTest -->
  <testcase classname="org.dewa.framework.regressiontestcases.VoicePageTest" name="verifyVoiceTypeComplimentsTest" time="0.0">
    <ignored/>
  </testcase> <!-- verifyVoiceTypeComplimentsTest -->
  <testcase classname="org.dewa.framework.regressiontestcases.VoicePageTest" name="verifyVoiceTypeNoCommentsTest" time="0.0">
    <ignored/>
  </testcase> <!-- verifyVoiceTypeNoCommentsTest -->
  <testcase classname="org.dewa.framework.regressiontestcases.VoicePageTest" name="verifyVoiceTypeCommentsTest" time="0.0">
    <ignored/>
  </testcase> <!-- verifyVoiceTypeCommentsTest -->
  <testcase classname="org.dewa.framework.regressiontestcases.VoicePageTest" name="verifySentimentUnhappySentimentNeutralCommentsTest" time="0.0">
    <ignored/>
  </testcase> <!-- verifySentimentUnhappySentimentNeutralCommentsTest -->
  <testcase classname="org.dewa.framework.regressiontestcases.VoicePageTest" name="verifySentimentHappySentimentNoCommentsTest" time="0.0">
    <ignored/>
  </testcase> <!-- verifySentimentHappySentimentNoCommentsTest -->
  <testcase classname="org.dewa.framework.regressiontestcases.VoicePageTest" name="verifyVoiceTypeComplimentsUrduTest" time="0.0">
    <ignored/>
  </testcase> <!-- verifyVoiceTypeComplimentsUrduTest -->
  <testcase classname="org.dewa.framework.regressiontestcases.VoicePageTest" name="verifyVoiceTypeInquiresTest" time="0.0">
    <ignored/>
  </testcase> <!-- verifyVoiceTypeInquiresTest -->
</testsuite> <!-- Test -->
