<?xml version="1.0" encoding="UTF-8"?>
<testng-results ignored="96" total="97" passed="0" failed="1" skipped="0">
  <reporter-output>
  </reporter-output>
  <suite started-at="2025-10-15T16:00:49 IST" name="Default suite" finished-at="2025-10-15T16:02:48 IST" duration-ms="119133">
    <groups>
      <group name="Regression">
        <method signature="DashboardPageTest.verifyDashboardOverallSentimentScore_ChannelWebsiteHappyFilterTest()[pri:0, instance:org.dewa.framework.regressiontestcases.DashboardPageTest@63475ace]" name="verifyDashboardOverallSentimentScore_ChannelWebsiteHappyFilterTest" class="org.dewa.framework.regressiontestcases.DashboardPageTest"/>
      </group> <!-- Regression -->
    </groups>
    <test started-at="2025-10-15T16:00:49 IST" name="Default test" finished-at="2025-10-15T16:02:48 IST" duration-ms="119133">
      <class name="org.dewa.framework.regressiontestcases.DashboardPageTest">
        <test-method is-config="true" signature="navigateToProjectFromHome()[pri:0, instance:org.dewa.framework.regressiontestcases.DashboardPageTest@63475ace]" started-at="2025-10-15T16:00:49 IST" name="navigateToProjectFromHome" finished-at="2025-10-15T16:01:19 IST" duration-ms="29934" status="PASS">
          <reporter-output>
          </reporter-output>
        </test-method> <!-- navigateToProjectFromHome -->
        <test-method signature="verifyDashboardOverallSentimentScore_ChannelWebsiteHappyFilterTest()[pri:0, instance:org.dewa.framework.regressiontestcases.DashboardPageTest@63475ace]" started-at="2025-10-15T16:01:19 IST" name="verifyDashboardOverallSentimentScore_ChannelWebsiteHappyFilterTest" finished-at="2025-10-15T16:02:37 IST" duration-ms="77719" status="FAIL">
          <exception class="java.lang.AssertionError">
            <message>
              <![CDATA[null]]>
            </message>
            <full-stacktrace>
              <![CDATA[java.lang.AssertionError: null
at org.testng.Assert.fail(Assert.java:111)
at org.testng.Assert.fail(Assert.java:116)
at org.dewa.framework.utils.BaseClass.assertContains(BaseClass.java:203)
at org.dewa.framework.scriptmodules.DashBoardModules.verifyDashboardOverallSentimentScore_ChannelWebsiteHappyFilter(DashBoardModules.java:651)
at org.dewa.framework.regressiontestcases.DashboardPageTest.verifyDashboardOverallSentimentScore_ChannelWebsiteHappyFilterTest(DashboardPageTest.java:211)
at java.base/jdk.internal.reflect.NativeMethodAccessorImpl.invoke0(Native Method)
at java.base/jdk.internal.reflect.NativeMethodAccessorImpl.invoke(NativeMethodAccessorImpl.java:77)
at java.base/jdk.internal.reflect.DelegatingMethodAccessorImpl.invoke(DelegatingMethodAccessorImpl.java:43)
at java.base/java.lang.reflect.Method.invoke(Method.java:568)
at org.testng.internal.invokers.MethodInvocationHelper.invokeMethod(MethodInvocationHelper.java:141)
at org.testng.internal.invokers.TestInvoker.invokeMethod(TestInvoker.java:687)
at org.testng.internal.invokers.TestInvoker.invokeTestMethod(TestInvoker.java:230)
at org.testng.internal.invokers.MethodRunner.runInSequence(MethodRunner.java:63)
at org.testng.internal.invokers.TestInvoker$MethodInvocationAgent.invoke(TestInvoker.java:995)
at org.testng.internal.invokers.TestInvoker.invokeTestMethods(TestInvoker.java:203)
at org.testng.internal.invokers.TestMethodWorker.invokeTestMethods(TestMethodWorker.java:154)
at org.testng.internal.invokers.TestMethodWorker.run(TestMethodWorker.java:134)
at java.base/java.util.ArrayList.forEach(ArrayList.java:1511)
at org.testng.TestRunner.privateRun(TestRunner.java:741)
at org.testng.TestRunner.run(TestRunner.java:616)
at org.testng.SuiteRunner.runTest(SuiteRunner.java:421)
at org.testng.SuiteRunner.runSequentially(SuiteRunner.java:413)
at org.testng.SuiteRunner.privateRun(SuiteRunner.java:373)
at org.testng.SuiteRunner.run(SuiteRunner.java:312)
at org.testng.SuiteRunnerWorker.runSuite(SuiteRunnerWorker.java:52)
at org.testng.SuiteRunnerWorker.run(SuiteRunnerWorker.java:95)
at org.testng.TestNG.runSuitesSequentially(TestNG.java:1274)
at org.testng.TestNG.runSuitesLocally(TestNG.java:1208)
at org.testng.TestNG.runSuites(TestNG.java:1112)
at org.testng.TestNG.run(TestNG.java:1079)
at org.testng.remote.AbstractRemoteTestNG.run(AbstractRemoteTestNG.java:115)
at org.testng.remote.RemoteTestNG.initAndRun(RemoteTestNG.java:293)
at org.testng.remote.RemoteTestNG.main(RemoteTestNG.java:91)
]]>
            </full-stacktrace>
          </exception> <!-- java.lang.AssertionError -->
          <reporter-output>
          </reporter-output>
        </test-method> <!-- verifyDashboardOverallSentimentScore_ChannelWebsiteHappyFilterTest -->
        <test-method is-config="true" signature="afterMethod()[pri:0, instance:org.dewa.framework.regressiontestcases.DashboardPageTest@63475ace]" started-at="2025-10-15T16:02:37 IST" name="afterMethod" finished-at="2025-10-15T16:02:48 IST" duration-ms="10659" status="PASS">
          <reporter-output>
          </reporter-output>
        </test-method> <!-- afterMethod -->
        <test-method is-config="true" signature="tearDown()[pri:0, instance:org.dewa.framework.regressiontestcases.DashboardPageTest@63475ace]" started-at="2025-10-15T16:02:48 IST" name="tearDown" finished-at="2025-10-15T16:02:48 IST" duration-ms="1" status="PASS">
          <reporter-output>
          </reporter-output>
        </test-method> <!-- tearDown -->
        <test-method is-config="true" signature="afterSuite()[pri:0, instance:org.dewa.framework.regressiontestcases.DashboardPageTest@63475ace]" started-at="2025-10-15T16:02:49 IST" name="afterSuite" finished-at="2025-10-15T16:02:49 IST" duration-ms="1" status="PASS">
          <reporter-output>
          </reporter-output>
        </test-method> <!-- afterSuite -->
      </class> <!-- org.dewa.framework.regressiontestcases.DashboardPageTest -->
    </test> <!-- Default test -->
  </suite> <!-- Default suite -->
</testng-results>
