<?xml version="1.0" encoding="UTF-8"?>
<testng-results ignored="0" total="1" passed="1" failed="0" skipped="0">
  <reporter-output>
  </reporter-output>
  <suite started-at="2026-01-19T15:46:39 IST" name="Default suite" finished-at="2026-01-19T15:48:17 IST" duration-ms="97203">
    <groups>
      <group name="Smoke">
        <method signature="AppointmentPageSmokeTest.patientCreationTest(java.util.Map)[pri:0, instance:smoke_test_cases.AppointmentPageSmokeTest@2118cddf]" name="patientCreationTest" class="smoke_test_cases.AppointmentPageSmokeTest"/>
      </group> <!-- Smoke -->
    </groups>
    <test started-at="2026-01-19T15:46:39 IST" name="Default test" finished-at="2026-01-19T15:48:17 IST" duration-ms="97203">
      <class name="smoke_test_cases.AppointmentPageSmokeTest">
        <test-method is-config="true" signature="launchApplication()[pri:0, instance:smoke_test_cases.AppointmentPageSmokeTest@2118cddf]" started-at="2026-01-19T15:46:39 IST" name="launchApplication" finished-at="2026-01-19T15:46:58 IST" duration-ms="18798" status="PASS">
          <reporter-output>
          </reporter-output>
        </test-method> <!-- launchApplication -->
        <test-method signature="patientCreationTest(java.util.Map)[pri:0, instance:smoke_test_cases.AppointmentPageSmokeTest@2118cddf]" started-at="2026-01-19T15:46:58 IST" name="patientCreationTest" data-provider="getSmokeTestCasesData" finished-at="2026-01-19T15:48:04 IST" duration-ms="65584" status="PASS">
          <params>
            <param index="0">
              <value>
                <![CDATA[{zip=36276(Abanda), Phone Type=Mobile, Gender=Male, Insurance Name=1199 National Benefit Fund, Insurance Zip=35005(Adamsville)}]]>
              </value>
            </param>
          </params>
          <reporter-output>
          </reporter-output>
        </test-method> <!-- patientCreationTest -->
        <test-method is-config="true" signature="afterMethod()[pri:0, instance:smoke_test_cases.AppointmentPageSmokeTest@2118cddf]" started-at="2026-01-19T15:48:04 IST" name="afterMethod" finished-at="2026-01-19T15:48:09 IST" duration-ms="5586" status="PASS">
          <reporter-output>
          </reporter-output>
        </test-method> <!-- afterMethod -->
        <test-method is-config="true" signature="tearDown()[pri:0, instance:smoke_test_cases.AppointmentPageSmokeTest@2118cddf]" started-at="2026-01-19T15:48:09 IST" name="tearDown" finished-at="2026-01-19T15:48:17 IST" duration-ms="7122" status="PASS">
          <reporter-output>
          </reporter-output>
        </test-method> <!-- tearDown -->
        <test-method is-config="true" signature="afterSuite()[pri:0, instance:smoke_test_cases.AppointmentPageSmokeTest@2118cddf]" started-at="2026-01-19T15:48:17 IST" name="afterSuite" finished-at="2026-01-19T15:48:17 IST" duration-ms="0" status="PASS">
          <reporter-output>
          </reporter-output>
        </test-method> <!-- afterSuite -->
      </class> <!-- smoke_test_cases.AppointmentPageSmokeTest -->
    </test> <!-- Default test -->
  </suite> <!-- Default suite -->
</testng-results>
