<?xml version="1.0" encoding="UTF-8"?>
<testng-results ignored="0" total="1" passed="1" failed="0" skipped="0">
  <reporter-output>
  </reporter-output>
  <suite started-at="2025-12-25T13:45:40 IST" name="Default suite" finished-at="2025-12-25T13:47:45 IST" duration-ms="124407">
    <groups>
      <group name="Sanity">
        <method signature="AppointmentPageSmokeTest.ecounterFormTest(java.util.Map)[pri:0, instance:smoke_test_cases.AppointmentPageSmokeTest@5609159b]" name="ecounterFormTest" class="smoke_test_cases.AppointmentPageSmokeTest"/>
      </group> <!-- Sanity -->
    </groups>
    <test started-at="2025-12-25T13:45:40 IST" name="Default test" finished-at="2025-12-25T13:47:45 IST" duration-ms="124407">
      <class name="smoke_test_cases.AppointmentPageSmokeTest">
        <test-method is-config="true" signature="launchApplication()[pri:0, instance:smoke_test_cases.AppointmentPageSmokeTest@5609159b]" started-at="2025-12-25T13:45:40 IST" name="launchApplication" finished-at="2025-12-25T13:46:06 IST" duration-ms="26056" status="PASS">
          <reporter-output>
          </reporter-output>
        </test-method> <!-- launchApplication -->
        <test-method signature="ecounterFormTest(java.util.Map)[pri:0, instance:smoke_test_cases.AppointmentPageSmokeTest@5609159b]" started-at="2025-12-25T13:46:06 IST" name="ecounterFormTest" data-provider="getSmokeTestCasesData" finished-at="2025-12-25T13:47:34 IST" duration-ms="87623" status="PASS">
          <params>
            <param index="0">
              <value>
                <![CDATA[{patientName=Paisley Wolf}]]>
              </value>
            </param>
          </params>
          <reporter-output>
          </reporter-output>
        </test-method> <!-- ecounterFormTest -->
        <test-method is-config="true" signature="afterMethod()[pri:0, instance:smoke_test_cases.AppointmentPageSmokeTest@5609159b]" started-at="2025-12-25T13:47:34 IST" name="afterMethod" finished-at="2025-12-25T13:47:38 IST" duration-ms="3864" status="PASS">
          <reporter-output>
          </reporter-output>
        </test-method> <!-- afterMethod -->
        <test-method is-config="true" signature="tearDown()[pri:0, instance:smoke_test_cases.AppointmentPageSmokeTest@5609159b]" started-at="2025-12-25T13:47:38 IST" name="tearDown" finished-at="2025-12-25T13:47:45 IST" duration-ms="6735" status="PASS">
          <reporter-output>
          </reporter-output>
        </test-method> <!-- tearDown -->
        <test-method is-config="true" signature="afterSuite()[pri:0, instance:smoke_test_cases.AppointmentPageSmokeTest@5609159b]" started-at="2025-12-25T13:47:45 IST" name="afterSuite" finished-at="2025-12-25T13:47:45 IST" duration-ms="0" status="PASS">
          <reporter-output>
          </reporter-output>
        </test-method> <!-- afterSuite -->
      </class> <!-- smoke_test_cases.AppointmentPageSmokeTest -->
    </test> <!-- Default test -->
  </suite> <!-- Default suite -->
</testng-results>
