<?xml version="1.0" encoding="UTF-8"?>
<testng-results ignored="0" total="1" passed="1" failed="0" skipped="0">
  <reporter-output>
  </reporter-output>
  <suite started-at="2025-11-26T21:25:38 IST" name="Default suite" finished-at="2025-11-26T21:27:33 IST" duration-ms="115299">
    <groups>
      <group name="Smoke">
        <method signature="AppointmentPageSmokeTest.appointmentCreationTest()[pri:0, instance:smoke_test_cases.AppointmentPageSmokeTest@57250572]" name="appointmentCreationTest" class="smoke_test_cases.AppointmentPageSmokeTest"/>
      </group> <!-- Smoke -->
    </groups>
    <test started-at="2025-11-26T21:25:38 IST" name="Default test" finished-at="2025-11-26T21:27:33 IST" duration-ms="115299">
      <class name="smoke_test_cases.AppointmentPageSmokeTest">
        <test-method is-config="true" signature="launchApplication()[pri:0, instance:smoke_test_cases.AppointmentPageSmokeTest@57250572]" started-at="2025-11-26T21:25:38 IST" name="launchApplication" finished-at="2025-11-26T21:26:02 IST" duration-ms="24097" status="PASS">
          <reporter-output>
          </reporter-output>
        </test-method> <!-- launchApplication -->
        <test-method signature="appointmentCreationTest()[pri:0, instance:smoke_test_cases.AppointmentPageSmokeTest@57250572]" started-at="2025-11-26T21:26:02 IST" name="appointmentCreationTest" finished-at="2025-11-26T21:27:17 IST" duration-ms="74710" status="PASS">
          <reporter-output>
          </reporter-output>
        </test-method> <!-- appointmentCreationTest -->
        <test-method is-config="true" signature="afterMethod()[pri:0, instance:smoke_test_cases.AppointmentPageSmokeTest@57250572]" started-at="2025-11-26T21:27:17 IST" name="afterMethod" finished-at="2025-11-26T21:27:22 IST" duration-ms="5736" status="PASS">
          <reporter-output>
          </reporter-output>
        </test-method> <!-- afterMethod -->
        <test-method is-config="true" signature="tearDown()[pri:0, instance:smoke_test_cases.AppointmentPageSmokeTest@57250572]" started-at="2025-11-26T21:27:22 IST" name="tearDown" finished-at="2025-11-26T21:27:33 IST" duration-ms="10699" status="PASS">
          <reporter-output>
          </reporter-output>
        </test-method> <!-- tearDown -->
        <test-method is-config="true" signature="afterSuite()[pri:0, instance:smoke_test_cases.AppointmentPageSmokeTest@57250572]" started-at="2025-11-26T21:27:33 IST" name="afterSuite" finished-at="2025-11-26T21:27:33 IST" duration-ms="1" status="PASS">
          <reporter-output>
          </reporter-output>
        </test-method> <!-- afterSuite -->
      </class> <!-- smoke_test_cases.AppointmentPageSmokeTest -->
    </test> <!-- Default test -->
  </suite> <!-- Default suite -->
</testng-results>
