<?xml version="1.0" encoding="UTF-8"?>
<testng-results ignored="0" total="1" passed="0" failed="0" skipped="1">
  <reporter-output>
  </reporter-output>
  <suite started-at="2025-11-18T00:04:36 IST" name="Default suite" finished-at="2025-11-18T00:05:13 IST" duration-ms="37171">
    <groups>
      <group name="Smoke">
        <method signature="AppointmentPageSmokeTest.appointmentCreationTest()[pri:0, instance:smoke_test_cases.AppointmentPageSmokeTest@3098cf3b]" name="appointmentCreationTest" class="smoke_test_cases.AppointmentPageSmokeTest"/>
      </group> <!-- Smoke -->
    </groups>
    <test started-at="2025-11-18T00:04:36 IST" name="Default test" finished-at="2025-11-18T00:05:13 IST" duration-ms="37171">
      <class name="smoke_test_cases.AppointmentPageSmokeTest">
        <test-method is-config="true" signature="launchApplication()[pri:0, instance:smoke_test_cases.AppointmentPageSmokeTest@3098cf3b]" started-at="2025-11-18T00:04:36 IST" name="launchApplication" finished-at="2025-11-18T00:05:09 IST" duration-ms="33431" status="FAIL">
          <exception class="com.microsoft.playwright.PlaywrightException">
            <message>
              <![CDATA[Error {
  message='net::ERR_CONNECTION_TIMED_OUT at http://pmsuatadmin.inventsoftlabs.com/authentication/signin
  name='Error
  stack='Error: net::ERR_CONNECTION_TIMED_OUT at http://pmsuatadmin.inventsoftlabs.com/authentication/signin
    at FrameSession._navigate (C:\Users\admin\AppData\Local\Temp\playwright-java-7132369101019484135\package\lib\server\chromium\crPage.js:515:35)
    at async Frame._gotoAction (C:\Users\admin\AppData\Local\Temp\playwright-java-7132369101019484135\package\lib\server\frames.js:534:28)
}
Call log:
- navigating to "http://pmsuatadmin.inventsoftlabs.com/authentication/signin", waiting until "load"
]]>
            </message>
            <full-stacktrace>
              <![CDATA[com.microsoft.playwright.PlaywrightException: Error {
  message='net::ERR_CONNECTION_TIMED_OUT at http://pmsuatadmin.inventsoftlabs.com/authentication/signin
  name='Error
  stack='Error: net::ERR_CONNECTION_TIMED_OUT at http://pmsuatadmin.inventsoftlabs.com/authentication/signin
    at FrameSession._navigate (C:\Users\admin\AppData\Local\Temp\playwright-java-7132369101019484135\package\lib\server\chromium\crPage.js:515:35)
    at async Frame._gotoAction (C:\Users\admin\AppData\Local\Temp\playwright-java-7132369101019484135\package\lib\server\frames.js:534:28)
}
Call log:
- navigating to "http://pmsuatadmin.inventsoftlabs.com/authentication/signin", waiting until "load"

at com.microsoft.playwright.impl.WaitableResult.get(WaitableResult.java:56)
at com.microsoft.playwright.impl.ChannelOwner.runUntil(ChannelOwner.java:120)
at com.microsoft.playwright.impl.Connection.sendMessage(Connection.java:130)
at com.microsoft.playwright.impl.ChannelOwner.sendMessage(ChannelOwner.java:106)
at com.microsoft.playwright.impl.FrameImpl.navigateImpl(FrameImpl.java:463)
at com.microsoft.playwright.impl.PageImpl.lambda$navigate$46(PageImpl.java:927)
at com.microsoft.playwright.impl.LoggingSupport.withLogging(LoggingSupport.java:47)
at com.microsoft.playwright.impl.ChannelOwner.withLogging(ChannelOwner.java:89)
at com.microsoft.playwright.impl.PageImpl.navigate(PageImpl.java:927)
at com.microsoft.playwright.impl.PageImpl.navigate(PageImpl.java:42)
at baseFunctions.CommonFunctions.launchApplication(CommonFunctions.java:23)
at smoke_test_cases.AppointmentPageSmokeTest.launchApplication(AppointmentPageSmokeTest.java:27)
at java.base/jdk.internal.reflect.NativeMethodAccessorImpl.invoke0(Native Method)
at java.base/jdk.internal.reflect.NativeMethodAccessorImpl.invoke(NativeMethodAccessorImpl.java:77)
at java.base/jdk.internal.reflect.DelegatingMethodAccessorImpl.invoke(DelegatingMethodAccessorImpl.java:43)
at java.base/java.lang.reflect.Method.invoke(Method.java:568)
at org.testng.internal.invokers.MethodInvocationHelper.invokeMethod(MethodInvocationHelper.java:139)
at org.testng.internal.invokers.MethodInvocationHelper.invokeMethodConsideringTimeout(MethodInvocationHelper.java:69)
at org.testng.internal.invokers.ConfigInvoker.invokeConfigurationMethod(ConfigInvoker.java:390)
at org.testng.internal.invokers.ConfigInvoker.invokeConfigurations(ConfigInvoker.java:325)
at org.testng.internal.invokers.TestMethodWorker.invokeBeforeClassMethods(TestMethodWorker.java:180)
at org.testng.internal.invokers.TestMethodWorker.run(TestMethodWorker.java:122)
at java.base/java.util.ArrayList.forEach(ArrayList.java:1511)
at org.testng.TestRunner.privateRun(TestRunner.java:848)
at org.testng.TestRunner.run(TestRunner.java:621)
at org.testng.SuiteRunner.runTest(SuiteRunner.java:443)
at org.testng.SuiteRunner.runSequentially(SuiteRunner.java:437)
at org.testng.SuiteRunner.privateRun(SuiteRunner.java:397)
at org.testng.SuiteRunner.run(SuiteRunner.java:336)
at org.testng.SuiteRunnerWorker.runSuite(SuiteRunnerWorker.java:52)
at org.testng.SuiteRunnerWorker.run(SuiteRunnerWorker.java:95)
at org.testng.TestNG.runSuitesSequentially(TestNG.java:1280)
at org.testng.TestNG.runSuitesLocally(TestNG.java:1200)
at org.testng.TestNG.runSuites(TestNG.java:1114)
at org.testng.TestNG.run(TestNG.java:1082)
at org.testng.remote.AbstractRemoteTestNG.run(AbstractRemoteTestNG.java:115)
at org.testng.remote.RemoteTestNG.initAndRun(RemoteTestNG.java:293)
at org.testng.remote.RemoteTestNG.main(RemoteTestNG.java:91)
Caused by: com.microsoft.playwright.impl.DriverException: Error {
  message='net::ERR_CONNECTION_TIMED_OUT at http://pmsuatadmin.inventsoftlabs.com/authentication/signin
  name='Error
  stack='Error: net::ERR_CONNECTION_TIMED_OUT at http://pmsuatadmin.inventsoftlabs.com/authentication/signin
    at FrameSession._navigate (C:\Users\admin\AppData\Local\Temp\playwright-java-7132369101019484135\package\lib\server\chromium\crPage.js:515:35)
    at async Frame._gotoAction (C:\Users\admin\AppData\Local\Temp\playwright-java-7132369101019484135\package\lib\server\frames.js:534:28)
}
Call log:
- navigating to "http://pmsuatadmin.inventsoftlabs.com/authentication/signin", waiting until "load"

at com.microsoft.playwright.impl.Connection.dispatch(Connection.java:259)
at com.microsoft.playwright.impl.Connection.processOneMessage(Connection.java:211)
at com.microsoft.playwright.impl.ChannelOwner.runUntil(ChannelOwner.java:118)
... 36 more
]]>
            </full-stacktrace>
          </exception> <!-- com.microsoft.playwright.PlaywrightException -->
          <reporter-output>
          </reporter-output>
        </test-method> <!-- launchApplication -->
        <test-method signature="appointmentCreationTest()[pri:0, instance:smoke_test_cases.AppointmentPageSmokeTest@3098cf3b]" started-at="2025-11-18T00:05:09 IST" name="appointmentCreationTest" finished-at="2025-11-18T00:05:09 IST" duration-ms="0" status="SKIP">
          <exception class="com.microsoft.playwright.PlaywrightException">
            <message>
              <![CDATA[Error {
  message='net::ERR_CONNECTION_TIMED_OUT at http://pmsuatadmin.inventsoftlabs.com/authentication/signin
  name='Error
  stack='Error: net::ERR_CONNECTION_TIMED_OUT at http://pmsuatadmin.inventsoftlabs.com/authentication/signin
    at FrameSession._navigate (C:\Users\admin\AppData\Local\Temp\playwright-java-7132369101019484135\package\lib\server\chromium\crPage.js:515:35)
    at async Frame._gotoAction (C:\Users\admin\AppData\Local\Temp\playwright-java-7132369101019484135\package\lib\server\frames.js:534:28)
}
Call log:
- navigating to "http://pmsuatadmin.inventsoftlabs.com/authentication/signin", waiting until "load"
]]>
            </message>
            <full-stacktrace>
              <![CDATA[com.microsoft.playwright.PlaywrightException: Error {
  message='net::ERR_CONNECTION_TIMED_OUT at http://pmsuatadmin.inventsoftlabs.com/authentication/signin
  name='Error
  stack='Error: net::ERR_CONNECTION_TIMED_OUT at http://pmsuatadmin.inventsoftlabs.com/authentication/signin
    at FrameSession._navigate (C:\Users\admin\AppData\Local\Temp\playwright-java-7132369101019484135\package\lib\server\chromium\crPage.js:515:35)
    at async Frame._gotoAction (C:\Users\admin\AppData\Local\Temp\playwright-java-7132369101019484135\package\lib\server\frames.js:534:28)
}
Call log:
- navigating to "http://pmsuatadmin.inventsoftlabs.com/authentication/signin", waiting until "load"

at com.microsoft.playwright.impl.WaitableResult.get(WaitableResult.java:56)
at com.microsoft.playwright.impl.ChannelOwner.runUntil(ChannelOwner.java:120)
at com.microsoft.playwright.impl.Connection.sendMessage(Connection.java:130)
at com.microsoft.playwright.impl.ChannelOwner.sendMessage(ChannelOwner.java:106)
at com.microsoft.playwright.impl.FrameImpl.navigateImpl(FrameImpl.java:463)
at com.microsoft.playwright.impl.PageImpl.lambda$navigate$46(PageImpl.java:927)
at com.microsoft.playwright.impl.LoggingSupport.withLogging(LoggingSupport.java:47)
at com.microsoft.playwright.impl.ChannelOwner.withLogging(ChannelOwner.java:89)
at com.microsoft.playwright.impl.PageImpl.navigate(PageImpl.java:927)
at com.microsoft.playwright.impl.PageImpl.navigate(PageImpl.java:42)
at baseFunctions.CommonFunctions.launchApplication(CommonFunctions.java:23)
at smoke_test_cases.AppointmentPageSmokeTest.launchApplication(AppointmentPageSmokeTest.java:27)
at java.base/jdk.internal.reflect.NativeMethodAccessorImpl.invoke0(Native Method)
at java.base/jdk.internal.reflect.NativeMethodAccessorImpl.invoke(NativeMethodAccessorImpl.java:77)
at java.base/jdk.internal.reflect.DelegatingMethodAccessorImpl.invoke(DelegatingMethodAccessorImpl.java:43)
at java.base/java.lang.reflect.Method.invoke(Method.java:568)
at org.testng.internal.invokers.MethodInvocationHelper.invokeMethod(MethodInvocationHelper.java:139)
at org.testng.internal.invokers.MethodInvocationHelper.invokeMethodConsideringTimeout(MethodInvocationHelper.java:69)
at org.testng.internal.invokers.ConfigInvoker.invokeConfigurationMethod(ConfigInvoker.java:390)
at org.testng.internal.invokers.ConfigInvoker.invokeConfigurations(ConfigInvoker.java:325)
at org.testng.internal.invokers.TestMethodWorker.invokeBeforeClassMethods(TestMethodWorker.java:180)
at org.testng.internal.invokers.TestMethodWorker.run(TestMethodWorker.java:122)
at java.base/java.util.ArrayList.forEach(ArrayList.java:1511)
at org.testng.TestRunner.privateRun(TestRunner.java:848)
at org.testng.TestRunner.run(TestRunner.java:621)
at org.testng.SuiteRunner.runTest(SuiteRunner.java:443)
at org.testng.SuiteRunner.runSequentially(SuiteRunner.java:437)
at org.testng.SuiteRunner.privateRun(SuiteRunner.java:397)
at org.testng.SuiteRunner.run(SuiteRunner.java:336)
at org.testng.SuiteRunnerWorker.runSuite(SuiteRunnerWorker.java:52)
at org.testng.SuiteRunnerWorker.run(SuiteRunnerWorker.java:95)
at org.testng.TestNG.runSuitesSequentially(TestNG.java:1280)
at org.testng.TestNG.runSuitesLocally(TestNG.java:1200)
at org.testng.TestNG.runSuites(TestNG.java:1114)
at org.testng.TestNG.run(TestNG.java:1082)
at org.testng.remote.AbstractRemoteTestNG.run(AbstractRemoteTestNG.java:115)
at org.testng.remote.RemoteTestNG.initAndRun(RemoteTestNG.java:293)
at org.testng.remote.RemoteTestNG.main(RemoteTestNG.java:91)
Caused by: com.microsoft.playwright.impl.DriverException: Error {
  message='net::ERR_CONNECTION_TIMED_OUT at http://pmsuatadmin.inventsoftlabs.com/authentication/signin
  name='Error
  stack='Error: net::ERR_CONNECTION_TIMED_OUT at http://pmsuatadmin.inventsoftlabs.com/authentication/signin
    at FrameSession._navigate (C:\Users\admin\AppData\Local\Temp\playwright-java-7132369101019484135\package\lib\server\chromium\crPage.js:515:35)
    at async Frame._gotoAction (C:\Users\admin\AppData\Local\Temp\playwright-java-7132369101019484135\package\lib\server\frames.js:534:28)
}
Call log:
- navigating to "http://pmsuatadmin.inventsoftlabs.com/authentication/signin", waiting until "load"

at com.microsoft.playwright.impl.Connection.dispatch(Connection.java:259)
at com.microsoft.playwright.impl.Connection.processOneMessage(Connection.java:211)
at com.microsoft.playwright.impl.ChannelOwner.runUntil(ChannelOwner.java:118)
... 36 more
]]>
            </full-stacktrace>
          </exception> <!-- com.microsoft.playwright.PlaywrightException -->
          <reporter-output>
          </reporter-output>
        </test-method> <!-- appointmentCreationTest -->
        <test-method is-config="true" signature="afterMethod()[pri:0, instance:smoke_test_cases.AppointmentPageSmokeTest@3098cf3b]" started-at="2025-11-18T00:05:10 IST" name="afterMethod" finished-at="2025-11-18T00:05:13 IST" duration-ms="3075" status="FAIL">
          <exception class="com.microsoft.playwright.PlaywrightException">
            <message>
              <![CDATA[Error {
  message='net::ERR_ABORTED; maybe frame was detached?
  name='Error
  stack='Error: net::ERR_ABORTED; maybe frame was detached?
    at FrameManager.frameAbortedNavigation (C:\Users\admin\AppData\Local\Temp\playwright-java-7132369101019484135\package\lib\server\frames.js:216:14)
    at FrameManager.requestFailed (C:\Users\admin\AppData\Local\Temp\playwright-java-7132369101019484135\package\lib\server\frames.js:276:12)
    at CRNetworkManager._onLoadingFailed (C:\Users\admin\AppData\Local\Temp\playwright-java-7132369101019484135\package\lib\server\chromium\crNetworkManager.js:511:134)
    at CRSession.emit (node:events:518:28)
    at C:\Users\admin\AppData\Local\Temp\playwright-java-7132369101019484135\package\lib\server\chromium\crConnection.js:160:14
}
Call log:
- waiting for navigation until "load"
]]>
            </message>
            <full-stacktrace>
              <![CDATA[com.microsoft.playwright.PlaywrightException: Error {
  message='net::ERR_ABORTED; maybe frame was detached?
  name='Error
  stack='Error: net::ERR_ABORTED; maybe frame was detached?
    at FrameManager.frameAbortedNavigation (C:\Users\admin\AppData\Local\Temp\playwright-java-7132369101019484135\package\lib\server\frames.js:216:14)
    at FrameManager.requestFailed (C:\Users\admin\AppData\Local\Temp\playwright-java-7132369101019484135\package\lib\server\frames.js:276:12)
    at CRNetworkManager._onLoadingFailed (C:\Users\admin\AppData\Local\Temp\playwright-java-7132369101019484135\package\lib\server\chromium\crNetworkManager.js:511:134)
    at CRSession.emit (node:events:518:28)
    at C:\Users\admin\AppData\Local\Temp\playwright-java-7132369101019484135\package\lib\server\chromium\crConnection.js:160:14
}
Call log:
- waiting for navigation until "load"

at com.microsoft.playwright.impl.WaitableResult.get(WaitableResult.java:56)
at com.microsoft.playwright.impl.ChannelOwner.runUntil(ChannelOwner.java:120)
at com.microsoft.playwright.impl.Connection.sendMessage(Connection.java:130)
at com.microsoft.playwright.impl.ChannelOwner.sendMessage(ChannelOwner.java:106)
at com.microsoft.playwright.impl.PageImpl.reloadImpl(PageImpl.java:1083)
at com.microsoft.playwright.impl.PageImpl.lambda$reload$62(PageImpl.java:1070)
at com.microsoft.playwright.impl.LoggingSupport.withLogging(LoggingSupport.java:47)
at com.microsoft.playwright.impl.ChannelOwner.withLogging(ChannelOwner.java:89)
at com.microsoft.playwright.impl.PageImpl.reload(PageImpl.java:1070)
at com.microsoft.playwright.Page.reload(Page.java:6303)
at baseFunctions.CommonFunctions.afterMethod(CommonFunctions.java:47)
at java.base/jdk.internal.reflect.NativeMethodAccessorImpl.invoke0(Native Method)
at java.base/jdk.internal.reflect.NativeMethodAccessorImpl.invoke(NativeMethodAccessorImpl.java:77)
at java.base/jdk.internal.reflect.DelegatingMethodAccessorImpl.invoke(DelegatingMethodAccessorImpl.java:43)
at java.base/java.lang.reflect.Method.invoke(Method.java:568)
at org.testng.internal.invokers.MethodInvocationHelper.invokeMethod(MethodInvocationHelper.java:139)
at org.testng.internal.invokers.MethodInvocationHelper.invokeMethodConsideringTimeout(MethodInvocationHelper.java:69)
at org.testng.internal.invokers.ConfigInvoker.invokeConfigurationMethod(ConfigInvoker.java:390)
at org.testng.internal.invokers.ConfigInvoker.invokeConfigurations(ConfigInvoker.java:325)
at org.testng.internal.invokers.TestInvoker.runConfigMethods(TestInvoker.java:810)
at org.testng.internal.invokers.TestInvoker.runAfterConfigurations(TestInvoker.java:779)
at org.testng.internal.invokers.TestInvoker.invokeMethod(TestInvoker.java:600)
at org.testng.internal.invokers.TestInvoker.invokeTestMethod(TestInvoker.java:227)
at org.testng.internal.invokers.MethodRunner.runInSequence(MethodRunner.java:50)
at org.testng.internal.invokers.TestInvoker$MethodInvocationAgent.invoke(TestInvoker.java:957)
at org.testng.internal.invokers.TestInvoker.invokeTestMethods(TestInvoker.java:200)
at org.testng.internal.invokers.TestMethodWorker.invokeTestMethods(TestMethodWorker.java:148)
at org.testng.internal.invokers.TestMethodWorker.run(TestMethodWorker.java:128)
at java.base/java.util.ArrayList.forEach(ArrayList.java:1511)
at org.testng.TestRunner.privateRun(TestRunner.java:848)
at org.testng.TestRunner.run(TestRunner.java:621)
at org.testng.SuiteRunner.runTest(SuiteRunner.java:443)
at org.testng.SuiteRunner.runSequentially(SuiteRunner.java:437)
at org.testng.SuiteRunner.privateRun(SuiteRunner.java:397)
at org.testng.SuiteRunner.run(SuiteRunner.java:336)
at org.testng.SuiteRunnerWorker.runSuite(SuiteRunnerWorker.java:52)
at org.testng.SuiteRunnerWorker.run(SuiteRunnerWorker.java:95)
at org.testng.TestNG.runSuitesSequentially(TestNG.java:1280)
at org.testng.TestNG.runSuitesLocally(TestNG.java:1200)
at org.testng.TestNG.runSuites(TestNG.java:1114)
at org.testng.TestNG.run(TestNG.java:1082)
at org.testng.remote.AbstractRemoteTestNG.run(AbstractRemoteTestNG.java:115)
at org.testng.remote.RemoteTestNG.initAndRun(RemoteTestNG.java:293)
at org.testng.remote.RemoteTestNG.main(RemoteTestNG.java:91)
Caused by: com.microsoft.playwright.impl.DriverException: Error {
  message='net::ERR_ABORTED; maybe frame was detached?
  name='Error
  stack='Error: net::ERR_ABORTED; maybe frame was detached?
    at FrameManager.frameAbortedNavigation (C:\Users\admin\AppData\Local\Temp\playwright-java-7132369101019484135\package\lib\server\frames.js:216:14)
    at FrameManager.requestFailed (C:\Users\admin\AppData\Local\Temp\playwright-java-7132369101019484135\package\lib\server\frames.js:276:12)
    at CRNetworkManager._onLoadingFailed (C:\Users\admin\AppData\Local\Temp\playwright-java-7132369101019484135\package\lib\server\chromium\crNetworkManager.js:511:134)
    at CRSession.emit (node:events:518:28)
    at C:\Users\admin\AppData\Local\Temp\playwright-java-7132369101019484135\package\lib\server\chromium\crConnection.js:160:14
}
Call log:
- waiting for navigation until "load"

at com.microsoft.playwright.impl.Connection.dispatch(Connection.java:259)
at com.microsoft.playwright.impl.Connection.processOneMessage(Connection.java:211)
at com.microsoft.playwright.impl.ChannelOwner.runUntil(ChannelOwner.java:118)
... 42 more
]]>
            </full-stacktrace>
          </exception> <!-- com.microsoft.playwright.PlaywrightException -->
          <reporter-output>
          </reporter-output>
        </test-method> <!-- afterMethod -->
        <test-method is-config="true" signature="tearDown()[pri:0, instance:smoke_test_cases.AppointmentPageSmokeTest@3098cf3b]" started-at="2025-11-18T00:05:13 IST" name="tearDown" finished-at="2025-11-18T00:05:13 IST" duration-ms="277" status="PASS">
          <reporter-output>
          </reporter-output>
        </test-method> <!-- tearDown -->
        <test-method is-config="true" signature="afterSuite()[pri:0, instance:smoke_test_cases.AppointmentPageSmokeTest@3098cf3b]" started-at="2025-11-18T00:05:14 IST" name="afterSuite" finished-at="2025-11-18T00:05:14 IST" duration-ms="1" status="PASS">
          <reporter-output>
          </reporter-output>
        </test-method> <!-- afterSuite -->
      </class> <!-- smoke_test_cases.AppointmentPageSmokeTest -->
    </test> <!-- Default test -->
  </suite> <!-- Default suite -->
</testng-results>
