<?xml version="1.0" encoding="UTF-8"?>
<!-- Generated by org.testng.reporters.JUnitReportReporter -->
<testsuite hostname="DESKTOP-82MSA1R" failures="0" tests="1" name="org.dewa.framework.regressiontestcases.Challenges360Test" time="17.675" errors="0" timestamp="2025-06-09T16:29:37 IST" skipped="0">
  <testcase classname="org.dewa.framework.regressiontestcases.Challenges360Test" name="verifyChallengesListPageTableHeadersTest" time="17.675"/>
</testsuite> <!-- org.dewa.framework.regressiontestcases.Challenges360Test -->
