<?xml version="1.0" encoding="UTF-8"?>
<!-- Generated by org.testng.reporters.JUnitReportReporter -->
<testsuite hostname="Manoj_Kumar_M" failures="0" tests="1" name="org.dewa.framework.regressiontestcases.DashboardOverallSentimentScoreTest" time="60.421" errors="0" timestamp="2025-04-24T10:34:37 IST" skipped="0">
  <testcase classname="org.dewa.framework.regressiontestcases.DashboardOverallSentimentScoreTest" name="verifyDashboardOverallSentimentScore_SubServiceBillPaymentNeutralFilterTest" time="60.421"/>
</testsuite> <!-- org.dewa.framework.regressiontestcases.DashboardOverallSentimentScoreTest -->
