<?xml version="1.0" encoding="UTF-8"?>
<!-- Generated by org.testng.reporters.JUnitReportReporter -->
<testsuite hostname="DESKTOP-UNS3PT6" failures="5" tests="23" name="org.dewa.framework.regressiontestcases.VoiceListPageTest" time="651.059" errors="3" timestamp="2025-10-13T11:31:58 IST" skipped="2">
  <testcase classname="org.dewa.framework.regressiontestcases.VoiceListPageTest" name="verifyVoiceListPageTitleTest" time="17.147"/>
  <testcase classname="org.dewa.framework.regressiontestcases.VoiceListPageTest" name="verifyTopSqlWidgetTest" time="21.941">
    <failure message="null" type="java.lang.AssertionError">
      <![CDATA[java.lang.AssertionError: null
at org.testng.Assert.fail(Assert.java:111)
at org.testng.Assert.fail(Assert.java:116)
at org.dewa.framework.utils.BaseClass.assertContains(BaseClass.java:203)
at org.dewa.framework.scriptmodules.VoiceListPageModules.verifyTopSqlWidget(VoiceListPageModules.java:381)
at org.dewa.framework.regressiontestcases.VoiceListPageTest.verifyTopSqlWidgetTest(VoiceListPageTest.java:140)
at java.base/jdk.internal.reflect.NativeMethodAccessorImpl.invoke0(Native Method)
at java.base/jdk.internal.reflect.NativeMethodAccessorImpl.invoke(NativeMethodAccessorImpl.java:77)
at java.base/jdk.internal.reflect.DelegatingMethodAccessorImpl.invoke(DelegatingMethodAccessorImpl.java:43)
at java.base/java.lang.reflect.Method.invoke(Method.java:568)
at org.testng.internal.invokers.MethodInvocationHelper.invokeMethod(MethodInvocationHelper.java:141)
at org.testng.internal.invokers.TestInvoker.invokeMethod(TestInvoker.java:687)
at org.testng.internal.invokers.TestInvoker.invokeTestMethod(TestInvoker.java:230)
at org.testng.internal.invokers.MethodRunner.runInSequence(MethodRunner.java:63)
at org.testng.internal.invokers.TestInvoker$MethodInvocationAgent.invoke(TestInvoker.java:995)
at org.testng.internal.invokers.TestInvoker.invokeTestMethods(TestInvoker.java:203)
at org.testng.internal.invokers.TestMethodWorker.invokeTestMethods(TestMethodWorker.java:154)
at org.testng.internal.invokers.TestMethodWorker.run(TestMethodWorker.java:134)
at java.base/java.util.ArrayList.forEach(ArrayList.java:1511)
at org.testng.TestRunner.privateRun(TestRunner.java:741)
at org.testng.TestRunner.run(TestRunner.java:616)
at org.testng.SuiteRunner.runTest(SuiteRunner.java:421)
at org.testng.SuiteRunner.runSequentially(SuiteRunner.java:413)
at org.testng.SuiteRunner.privateRun(SuiteRunner.java:373)
at org.testng.SuiteRunner.run(SuiteRunner.java:312)
at org.testng.SuiteRunnerWorker.runSuite(SuiteRunnerWorker.java:52)
at org.testng.SuiteRunnerWorker.run(SuiteRunnerWorker.java:95)
at org.testng.TestNG.runSuitesSequentially(TestNG.java:1274)
at org.testng.TestNG.runSuitesLocally(TestNG.java:1208)
at org.testng.TestNG.runSuites(TestNG.java:1112)
at org.testng.TestNG.run(TestNG.java:1079)
at org.testng.remote.AbstractRemoteTestNG.run(AbstractRemoteTestNG.java:115)
at org.testng.remote.RemoteTestNG.initAndRun(RemoteTestNG.java:293)
at org.testng.remote.RemoteTestNG.main(RemoteTestNG.java:91)
]]>
    </failure>
  </testcase> <!-- verifyTopSqlWidgetTest -->
  <testcase classname="org.dewa.framework.regressiontestcases.VoiceListPageTest" name="verifyVoiceListPageMultipleFiltersTest" time="88.976">
    <error message="Error {
  message=&#039;Timeout 30000ms exceeded.
  name=&#039;TimeoutError
  stack=&#039;TimeoutError: Timeout 30000ms exceeded.
    at ProgressController.run (C:\Users\admin\AppData\Local\Temp\playwright-java-5137659801676464826\package\lib\server\progress.js:78:26)
    at Frame.click (C:\Users\admin\AppData\Local\Temp\playwright-java-5137659801676464826\package\lib\server\frames.js:1007:23)
    at FrameDispatcher.click (C:\Users\admin\AppData\Local\Temp\playwright-java-5137659801676464826\package\lib\server\dispatchers\frameDispatcher.js:158:30)
    at FrameDispatcher._handleCommand (C:\Users\admin\AppData\Local\Temp\playwright-java-5137659801676464826\package\lib\server\dispatchers\dispatcher.js:94:40)
    at DispatcherConnection.dispatch (C:\Users\admin\AppData\Local\Temp\playwright-java-5137659801676464826\package\lib\server\dispatchers\dispatcher.js:361:39)
}
Call log:
- waiting for locator(&quot;//div[contains(text(),&#039;Show Filters&#039;)]&quot;)
" type="com.microsoft.playwright.TimeoutError">
      <![CDATA[com.microsoft.playwright.TimeoutError: Error {
  message='Timeout 30000ms exceeded.
  name='TimeoutError
  stack='TimeoutError: Timeout 30000ms exceeded.
    at ProgressController.run (C:\Users\admin\AppData\Local\Temp\playwright-java-5137659801676464826\package\lib\server\progress.js:78:26)
    at Frame.click (C:\Users\admin\AppData\Local\Temp\playwright-java-5137659801676464826\package\lib\server\frames.js:1007:23)
    at FrameDispatcher.click (C:\Users\admin\AppData\Local\Temp\playwright-java-5137659801676464826\package\lib\server\dispatchers\frameDispatcher.js:158:30)
    at FrameDispatcher._handleCommand (C:\Users\admin\AppData\Local\Temp\playwright-java-5137659801676464826\package\lib\server\dispatchers\dispatcher.js:94:40)
    at DispatcherConnection.dispatch (C:\Users\admin\AppData\Local\Temp\playwright-java-5137659801676464826\package\lib\server\dispatchers\dispatcher.js:361:39)
}
Call log:
- waiting for locator("//div[contains(text(),'Show Filters')]")

at com.microsoft.playwright.impl.WaitableResult.get(WaitableResult.java:52)
at com.microsoft.playwright.impl.ChannelOwner.runUntil(ChannelOwner.java:120)
at com.microsoft.playwright.impl.Connection.sendMessage(Connection.java:130)
at com.microsoft.playwright.impl.ChannelOwner.sendMessage(ChannelOwner.java:106)
at com.microsoft.playwright.impl.FrameImpl.clickImpl(FrameImpl.java:252)
at com.microsoft.playwright.impl.FrameImpl.lambda$click$8(FrameImpl.java:243)
at com.microsoft.playwright.impl.LoggingSupport.lambda$withLogging$0(LoggingSupport.java:36)
at com.microsoft.playwright.impl.LoggingSupport.withLogging(LoggingSupport.java:47)
at com.microsoft.playwright.impl.ChannelOwner.withLogging(ChannelOwner.java:89)
at com.microsoft.playwright.impl.LoggingSupport.withLogging(LoggingSupport.java:35)
at com.microsoft.playwright.impl.FrameImpl.click(FrameImpl.java:243)
at com.microsoft.playwright.impl.LocatorImpl.click(LocatorImpl.java:160)
at com.microsoft.playwright.Locator.click(Locator.java:2468)
at org.dewa.framework.objectrepo.VoicesListPage.selectMultipleFiltersInOneGo(VoicesListPage.java:336)
at org.dewa.framework.scriptmodules.VoiceListPageModules.verifyVoiceListPageMultipleFilters(VoiceListPageModules.java:244)
at org.dewa.framework.regressiontestcases.VoiceListPageTest.verifyVoiceListPageMultipleFiltersTest(VoiceListPageTest.java:70)
at java.base/jdk.internal.reflect.NativeMethodAccessorImpl.invoke0(Native Method)
at java.base/jdk.internal.reflect.NativeMethodAccessorImpl.invoke(NativeMethodAccessorImpl.java:77)
at java.base/jdk.internal.reflect.DelegatingMethodAccessorImpl.invoke(DelegatingMethodAccessorImpl.java:43)
at java.base/java.lang.reflect.Method.invoke(Method.java:568)
at org.testng.internal.invokers.MethodInvocationHelper.invokeMethod(MethodInvocationHelper.java:141)
at org.testng.internal.invokers.TestInvoker.invokeMethod(TestInvoker.java:687)
at org.testng.internal.invokers.TestInvoker.invokeTestMethod(TestInvoker.java:230)
at org.testng.internal.invokers.MethodRunner.runInSequence(MethodRunner.java:63)
at org.testng.internal.invokers.TestInvoker$MethodInvocationAgent.invoke(TestInvoker.java:995)
at org.testng.internal.invokers.TestInvoker.invokeTestMethods(TestInvoker.java:203)
at org.testng.internal.invokers.TestMethodWorker.invokeTestMethods(TestMethodWorker.java:154)
at org.testng.internal.invokers.TestMethodWorker.run(TestMethodWorker.java:134)
at java.base/java.util.ArrayList.forEach(ArrayList.java:1511)
at org.testng.TestRunner.privateRun(TestRunner.java:741)
at org.testng.TestRunner.run(TestRunner.java:616)
at org.testng.SuiteRunner.runTest(SuiteRunner.java:421)
at org.testng.SuiteRunner.runSequentially(SuiteRunner.java:413)
at org.testng.SuiteRunner.privateRun(SuiteRunner.java:373)
at org.testng.SuiteRunner.run(SuiteRunner.java:312)
at org.testng.SuiteRunnerWorker.runSuite(SuiteRunnerWorker.java:52)
at org.testng.SuiteRunnerWorker.run(SuiteRunnerWorker.java:95)
at org.testng.TestNG.runSuitesSequentially(TestNG.java:1274)
at org.testng.TestNG.runSuitesLocally(TestNG.java:1208)
at org.testng.TestNG.runSuites(TestNG.java:1112)
at org.testng.TestNG.run(TestNG.java:1079)
at org.testng.remote.AbstractRemoteTestNG.run(AbstractRemoteTestNG.java:115)
at org.testng.remote.RemoteTestNG.initAndRun(RemoteTestNG.java:293)
at org.testng.remote.RemoteTestNG.main(RemoteTestNG.java:91)
Caused by: com.microsoft.playwright.TimeoutError: Error {
  message='Timeout 30000ms exceeded.
  name='TimeoutError
  stack='TimeoutError: Timeout 30000ms exceeded.
    at ProgressController.run (C:\Users\admin\AppData\Local\Temp\playwright-java-5137659801676464826\package\lib\server\progress.js:78:26)
    at Frame.click (C:\Users\admin\AppData\Local\Temp\playwright-java-5137659801676464826\package\lib\server\frames.js:1007:23)
    at FrameDispatcher.click (C:\Users\admin\AppData\Local\Temp\playwright-java-5137659801676464826\package\lib\server\dispatchers\frameDispatcher.js:158:30)
    at FrameDispatcher._handleCommand (C:\Users\admin\AppData\Local\Temp\playwright-java-5137659801676464826\package\lib\server\dispatchers\dispatcher.js:94:40)
    at DispatcherConnection.dispatch (C:\Users\admin\AppData\Local\Temp\playwright-java-5137659801676464826\package\lib\server\dispatchers\dispatcher.js:361:39)
}
Call log:
- waiting for locator("//div[contains(text(),'Show Filters')]")

at com.microsoft.playwright.impl.Connection.dispatch(Connection.java:254)
at com.microsoft.playwright.impl.Connection.processOneMessage(Connection.java:211)
at com.microsoft.playwright.impl.ChannelOwner.runUntil(ChannelOwner.java:118)
... 42 more
]]>
    </error>
  </testcase> <!-- verifyVoiceListPageMultipleFiltersTest -->
  <testcase classname="org.dewa.framework.regressiontestcases.VoiceListPageTest" name="verifyTopSourceWidgetTest" time="29.682"/>
  <testcase classname="org.dewa.framework.regressiontestcases.VoiceListPageTest" name="verifyVoiceListClearFiltersTest" time="30.770"/>
  <testcase classname="org.dewa.framework.regressiontestcases.VoiceListPageTest" name="verifyVoiceListPageWidgetStatsTest" time="21.274"/>
  <testcase classname="org.dewa.framework.regressiontestcases.VoiceListPageTest" name="verifyViewDetailedReportTest" time="54.760">
    <error message="Error {
  message=&#039;Timeout 30000ms exceeded.
  name=&#039;TimeoutError
  stack=&#039;TimeoutError: Timeout 30000ms exceeded.
    at ProgressController.run (C:\Users\admin\AppData\Local\Temp\playwright-java-5137659801676464826\package\lib\server\progress.js:78:26)
    at Frame.click (C:\Users\admin\AppData\Local\Temp\playwright-java-5137659801676464826\package\lib\server\frames.js:1007:23)
    at FrameDispatcher.click (C:\Users\admin\AppData\Local\Temp\playwright-java-5137659801676464826\package\lib\server\dispatchers\frameDispatcher.js:158:30)
    at FrameDispatcher._handleCommand (C:\Users\admin\AppData\Local\Temp\playwright-java-5137659801676464826\package\lib\server\dispatchers\dispatcher.js:94:40)
    at DispatcherConnection.dispatch (C:\Users\admin\AppData\Local\Temp\playwright-java-5137659801676464826\package\lib\server\dispatchers\dispatcher.js:361:39)
}
Call log:
- waiting for locator(&quot;//*[contains(text(),&#039;View Detailed Report&#039;)]&quot;)
" type="com.microsoft.playwright.TimeoutError">
      <![CDATA[com.microsoft.playwright.TimeoutError: Error {
  message='Timeout 30000ms exceeded.
  name='TimeoutError
  stack='TimeoutError: Timeout 30000ms exceeded.
    at ProgressController.run (C:\Users\admin\AppData\Local\Temp\playwright-java-5137659801676464826\package\lib\server\progress.js:78:26)
    at Frame.click (C:\Users\admin\AppData\Local\Temp\playwright-java-5137659801676464826\package\lib\server\frames.js:1007:23)
    at FrameDispatcher.click (C:\Users\admin\AppData\Local\Temp\playwright-java-5137659801676464826\package\lib\server\dispatchers\frameDispatcher.js:158:30)
    at FrameDispatcher._handleCommand (C:\Users\admin\AppData\Local\Temp\playwright-java-5137659801676464826\package\lib\server\dispatchers\dispatcher.js:94:40)
    at DispatcherConnection.dispatch (C:\Users\admin\AppData\Local\Temp\playwright-java-5137659801676464826\package\lib\server\dispatchers\dispatcher.js:361:39)
}
Call log:
- waiting for locator("//*[contains(text(),'View Detailed Report')]")

at com.microsoft.playwright.impl.WaitableResult.get(WaitableResult.java:52)
at com.microsoft.playwright.impl.ChannelOwner.runUntil(ChannelOwner.java:120)
at com.microsoft.playwright.impl.Connection.sendMessage(Connection.java:130)
at com.microsoft.playwright.impl.ChannelOwner.sendMessage(ChannelOwner.java:106)
at com.microsoft.playwright.impl.FrameImpl.clickImpl(FrameImpl.java:252)
at com.microsoft.playwright.impl.FrameImpl.lambda$click$8(FrameImpl.java:243)
at com.microsoft.playwright.impl.LoggingSupport.lambda$withLogging$0(LoggingSupport.java:36)
at com.microsoft.playwright.impl.LoggingSupport.withLogging(LoggingSupport.java:47)
at com.microsoft.playwright.impl.ChannelOwner.withLogging(ChannelOwner.java:89)
at com.microsoft.playwright.impl.LoggingSupport.withLogging(LoggingSupport.java:35)
at com.microsoft.playwright.impl.FrameImpl.click(FrameImpl.java:243)
at com.microsoft.playwright.impl.LocatorImpl.click(LocatorImpl.java:160)
at com.microsoft.playwright.Locator.click(Locator.java:2468)
at org.dewa.framework.objectrepo.VoicesListPage.clickViewDetailedReport(VoicesListPage.java:561)
at org.dewa.framework.scriptmodules.VoiceListPageModules.viewDetailedReport(VoiceListPageModules.java:474)
at org.dewa.framework.regressiontestcases.VoiceListPageTest.verifyViewDetailedReportTest(VoiceListPageTest.java:122)
at java.base/jdk.internal.reflect.NativeMethodAccessorImpl.invoke0(Native Method)
at java.base/jdk.internal.reflect.NativeMethodAccessorImpl.invoke(NativeMethodAccessorImpl.java:77)
at java.base/jdk.internal.reflect.DelegatingMethodAccessorImpl.invoke(DelegatingMethodAccessorImpl.java:43)
at java.base/java.lang.reflect.Method.invoke(Method.java:568)
at org.testng.internal.invokers.MethodInvocationHelper.invokeMethod(MethodInvocationHelper.java:141)
at org.testng.internal.invokers.TestInvoker.invokeMethod(TestInvoker.java:687)
at org.testng.internal.invokers.TestInvoker.invokeTestMethod(TestInvoker.java:230)
at org.testng.internal.invokers.MethodRunner.runInSequence(MethodRunner.java:63)
at org.testng.internal.invokers.TestInvoker$MethodInvocationAgent.invoke(TestInvoker.java:995)
at org.testng.internal.invokers.TestInvoker.invokeTestMethods(TestInvoker.java:203)
at org.testng.internal.invokers.TestMethodWorker.invokeTestMethods(TestMethodWorker.java:154)
at org.testng.internal.invokers.TestMethodWorker.run(TestMethodWorker.java:134)
at java.base/java.util.ArrayList.forEach(ArrayList.java:1511)
at org.testng.TestRunner.privateRun(TestRunner.java:741)
at org.testng.TestRunner.run(TestRunner.java:616)
at org.testng.SuiteRunner.runTest(SuiteRunner.java:421)
at org.testng.SuiteRunner.runSequentially(SuiteRunner.java:413)
at org.testng.SuiteRunner.privateRun(SuiteRunner.java:373)
at org.testng.SuiteRunner.run(SuiteRunner.java:312)
at org.testng.SuiteRunnerWorker.runSuite(SuiteRunnerWorker.java:52)
at org.testng.SuiteRunnerWorker.run(SuiteRunnerWorker.java:95)
at org.testng.TestNG.runSuitesSequentially(TestNG.java:1274)
at org.testng.TestNG.runSuitesLocally(TestNG.java:1208)
at org.testng.TestNG.runSuites(TestNG.java:1112)
at org.testng.TestNG.run(TestNG.java:1079)
at org.testng.remote.AbstractRemoteTestNG.run(AbstractRemoteTestNG.java:115)
at org.testng.remote.RemoteTestNG.initAndRun(RemoteTestNG.java:293)
at org.testng.remote.RemoteTestNG.main(RemoteTestNG.java:91)
Caused by: com.microsoft.playwright.TimeoutError: Error {
  message='Timeout 30000ms exceeded.
  name='TimeoutError
  stack='TimeoutError: Timeout 30000ms exceeded.
    at ProgressController.run (C:\Users\admin\AppData\Local\Temp\playwright-java-5137659801676464826\package\lib\server\progress.js:78:26)
    at Frame.click (C:\Users\admin\AppData\Local\Temp\playwright-java-5137659801676464826\package\lib\server\frames.js:1007:23)
    at FrameDispatcher.click (C:\Users\admin\AppData\Local\Temp\playwright-java-5137659801676464826\package\lib\server\dispatchers\frameDispatcher.js:158:30)
    at FrameDispatcher._handleCommand (C:\Users\admin\AppData\Local\Temp\playwright-java-5137659801676464826\package\lib\server\dispatchers\dispatcher.js:94:40)
    at DispatcherConnection.dispatch (C:\Users\admin\AppData\Local\Temp\playwright-java-5137659801676464826\package\lib\server\dispatchers\dispatcher.js:361:39)
}
Call log:
- waiting for locator("//*[contains(text(),'View Detailed Report')]")

at com.microsoft.playwright.impl.Connection.dispatch(Connection.java:254)
at com.microsoft.playwright.impl.Connection.processOneMessage(Connection.java:211)
at com.microsoft.playwright.impl.ChannelOwner.runUntil(ChannelOwner.java:118)
... 42 more
]]>
    </error>
  </testcase> <!-- verifyViewDetailedReportTest -->
  <testcase classname="org.dewa.framework.regressiontestcases.VoiceListPageTest" name="verifyVoiceListPageComplaintTabTest" time="21.087"/>
  <testcase classname="org.dewa.framework.regressiontestcases.VoiceListPageTest" name="verifyVoiceListPageUnhappyNeutralTabTest" time="20.452"/>
  <testcase classname="org.dewa.framework.regressiontestcases.VoiceListPageTest" name="verifyShowAllFunctionalityTest" time="26.930"/>
  <testcase classname="org.dewa.framework.regressiontestcases.VoiceListPageTest" name="verifyTopVoiceTypeWidgetTest" time="28.372"/>
  <testcase classname="org.dewa.framework.regressiontestcases.VoiceListPageTest" name="verifyTopServiceWidgetTest" time="22.266">
    <failure message="Top Service Widget count mismatch. Expected: 51, Found: 99" type="java.lang.AssertionError">
      <![CDATA[java.lang.AssertionError: Top Service Widget count mismatch. Expected: 51, Found: 99
at org.testng.Assert.fail(Assert.java:111)
at org.dewa.framework.scriptmodules.VoiceListPageModules.verifyTopServiceWidget(VoiceListPageModules.java:367)
at org.dewa.framework.regressiontestcases.VoiceListPageTest.verifyTopServiceWidgetTest(VoiceListPageTest.java:134)
at java.base/jdk.internal.reflect.NativeMethodAccessorImpl.invoke0(Native Method)
at java.base/jdk.internal.reflect.NativeMethodAccessorImpl.invoke(NativeMethodAccessorImpl.java:77)
at java.base/jdk.internal.reflect.DelegatingMethodAccessorImpl.invoke(DelegatingMethodAccessorImpl.java:43)
at java.base/java.lang.reflect.Method.invoke(Method.java:568)
at org.testng.internal.invokers.MethodInvocationHelper.invokeMethod(MethodInvocationHelper.java:141)
at org.testng.internal.invokers.TestInvoker.invokeMethod(TestInvoker.java:687)
at org.testng.internal.invokers.TestInvoker.invokeTestMethod(TestInvoker.java:230)
at org.testng.internal.invokers.MethodRunner.runInSequence(MethodRunner.java:63)
at org.testng.internal.invokers.TestInvoker$MethodInvocationAgent.invoke(TestInvoker.java:995)
at org.testng.internal.invokers.TestInvoker.invokeTestMethods(TestInvoker.java:203)
at org.testng.internal.invokers.TestMethodWorker.invokeTestMethods(TestMethodWorker.java:154)
at org.testng.internal.invokers.TestMethodWorker.run(TestMethodWorker.java:134)
at java.base/java.util.ArrayList.forEach(ArrayList.java:1511)
at org.testng.TestRunner.privateRun(TestRunner.java:741)
at org.testng.TestRunner.run(TestRunner.java:616)
at org.testng.SuiteRunner.runTest(SuiteRunner.java:421)
at org.testng.SuiteRunner.runSequentially(SuiteRunner.java:413)
at org.testng.SuiteRunner.privateRun(SuiteRunner.java:373)
at org.testng.SuiteRunner.run(SuiteRunner.java:312)
at org.testng.SuiteRunnerWorker.runSuite(SuiteRunnerWorker.java:52)
at org.testng.SuiteRunnerWorker.run(SuiteRunnerWorker.java:95)
at org.testng.TestNG.runSuitesSequentially(TestNG.java:1274)
at org.testng.TestNG.runSuitesLocally(TestNG.java:1208)
at org.testng.TestNG.runSuites(TestNG.java:1112)
at org.testng.TestNG.run(TestNG.java:1079)
at org.testng.remote.AbstractRemoteTestNG.run(AbstractRemoteTestNG.java:115)
at org.testng.remote.RemoteTestNG.initAndRun(RemoteTestNG.java:293)
at org.testng.remote.RemoteTestNG.main(RemoteTestNG.java:91)
]]>
    </failure>
  </testcase> <!-- verifyTopServiceWidgetTest -->
  <testcase classname="org.dewa.framework.regressiontestcases.VoiceListPageTest" name="verifyPaginationTest" time="19.327"/>
  <testcase classname="org.dewa.framework.regressiontestcases.VoiceListPageTest" name="verifyUnhappyChannelWidgetTest" time="22.359">
    <failure message="null" type="java.lang.AssertionError">
      <![CDATA[java.lang.AssertionError: null
at org.testng.Assert.fail(Assert.java:111)
at org.testng.Assert.fail(Assert.java:116)
at org.dewa.framework.utils.BaseClass.assertContains(BaseClass.java:203)
at org.dewa.framework.scriptmodules.VoiceListPageModules.verifyUnhappyChannelWidget(VoiceListPageModules.java:330)
at org.dewa.framework.regressiontestcases.VoiceListPageTest.verifyUnhappyChannelWidgetTest(VoiceListPageTest.java:128)
at java.base/jdk.internal.reflect.NativeMethodAccessorImpl.invoke0(Native Method)
at java.base/jdk.internal.reflect.NativeMethodAccessorImpl.invoke(NativeMethodAccessorImpl.java:77)
at java.base/jdk.internal.reflect.DelegatingMethodAccessorImpl.invoke(DelegatingMethodAccessorImpl.java:43)
at java.base/java.lang.reflect.Method.invoke(Method.java:568)
at org.testng.internal.invokers.MethodInvocationHelper.invokeMethod(MethodInvocationHelper.java:141)
at org.testng.internal.invokers.TestInvoker.invokeMethod(TestInvoker.java:687)
at org.testng.internal.invokers.TestInvoker.invokeTestMethod(TestInvoker.java:230)
at org.testng.internal.invokers.MethodRunner.runInSequence(MethodRunner.java:63)
at org.testng.internal.invokers.TestInvoker$MethodInvocationAgent.invoke(TestInvoker.java:995)
at org.testng.internal.invokers.TestInvoker.invokeTestMethods(TestInvoker.java:203)
at org.testng.internal.invokers.TestMethodWorker.invokeTestMethods(TestMethodWorker.java:154)
at org.testng.internal.invokers.TestMethodWorker.run(TestMethodWorker.java:134)
at java.base/java.util.ArrayList.forEach(ArrayList.java:1511)
at org.testng.TestRunner.privateRun(TestRunner.java:741)
at org.testng.TestRunner.run(TestRunner.java:616)
at org.testng.SuiteRunner.runTest(SuiteRunner.java:421)
at org.testng.SuiteRunner.runSequentially(SuiteRunner.java:413)
at org.testng.SuiteRunner.privateRun(SuiteRunner.java:373)
at org.testng.SuiteRunner.run(SuiteRunner.java:312)
at org.testng.SuiteRunnerWorker.runSuite(SuiteRunnerWorker.java:52)
at org.testng.SuiteRunnerWorker.run(SuiteRunnerWorker.java:95)
at org.testng.TestNG.runSuitesSequentially(TestNG.java:1274)
at org.testng.TestNG.runSuitesLocally(TestNG.java:1208)
at org.testng.TestNG.runSuites(TestNG.java:1112)
at org.testng.TestNG.run(TestNG.java:1079)
at org.testng.remote.AbstractRemoteTestNG.run(AbstractRemoteTestNG.java:115)
at org.testng.remote.RemoteTestNG.initAndRun(RemoteTestNG.java:293)
at org.testng.remote.RemoteTestNG.main(RemoteTestNG.java:91)
]]>
    </failure>
  </testcase> <!-- verifyUnhappyChannelWidgetTest -->
  <testcase classname="org.dewa.framework.regressiontestcases.VoiceListPageTest" name="verifyVoiceListPageVoiceListSectionHeadersTest" time="28.473"/>
  <testcase classname="org.dewa.framework.regressiontestcases.VoiceListPageTest" name="verifyVoiceListPageSingleFiltersTest" time="89.061"/>
  <testcase classname="org.dewa.framework.regressiontestcases.VoiceListPageTest" name="verifyVoiceListPageSuggestionsTabTest" time="20.106"/>
  <testcase classname="org.dewa.framework.regressiontestcases.VoiceListPageTest" name="verifyDayWeekMonthTest" time="23.388">
    <error message="Error {
  message=&#039;Error: strict mode violation: locator(&quot;//mat-icon[contains(text(),&#039;calendar&#039;)]&quot;) resolved to 2 elements:
    1) &lt;mat-icon role=&quot;img&quot; aria-hidden=&quot;true&quot; data-mat-icon-type…&gt;calendar_today&lt;/mat-icon&gt; aka getByLabel(&quot;Filters&quot;).locator(&quot;button&quot;).filter(new Locator.FilterOptions().setHasText(&quot;calendar_today&quot;))
    2) &lt;mat-icon role=&quot;img&quot; aria-hidden=&quot;true&quot; data-mat-icon-type…&gt;calendar_today&lt;/mat-icon&gt; aka locator(&quot;button&quot;).filter(new Locator.FilterOptions().setHasText(&quot;calendar_today&quot;)).nth(1)

  name=&#039;Error
  stack=&#039;Error: Error: strict mode violation: locator(&quot;//mat-icon[contains(text(),&#039;calendar&#039;)]&quot;) resolved to 2 elements:
    1) &lt;mat-icon role=&quot;img&quot; aria-hidden=&quot;true&quot; data-mat-icon-type…&gt;calendar_today&lt;/mat-icon&gt; aka getByLabel(&quot;Filters&quot;).locator(&quot;button&quot;).filter(new Locator.FilterOptions().setHasText(&quot;calendar_today&quot;))
    2) &lt;mat-icon role=&quot;img&quot; aria-hidden=&quot;true&quot; data-mat-icon-type…&gt;calendar_today&lt;/mat-icon&gt; aka locator(&quot;button&quot;).filter(new Locator.FilterOptions().setHasText(&quot;calendar_today&quot;)).nth(1)

    at CRExecutionContext.evaluateWithArguments (C:\Users\admin\AppData\Local\Temp\playwright-java-5137659801676464826\package\lib\server\chromium\crExecutionContext.js:92:33)
    at async LongStandingScope._race (C:\Users\admin\AppData\Local\Temp\playwright-java-5137659801676464826\package\lib\utils\manualPromise.js:96:14)
    at async evaluateExpression (C:\Users\admin\AppData\Local\Temp\playwright-java-5137659801676464826\package\lib\server\javascript.js:241:12)
    at async C:\Users\admin\AppData\Local\Temp\playwright-java-5137659801676464826\package\lib\server\frames.js:953:22
    at async Frame.retryWithProgressAndTimeouts (C:\Users\admin\AppData\Local\Temp\playwright-java-5137659801676464826\package\lib\server\frames.js:923:24)
    at async C:\Users\admin\AppData\Local\Temp\playwright-java-5137659801676464826\package\lib\server\frames.js:1008:29
    at async ProgressController.run (C:\Users\admin\AppData\Local\Temp\playwright-java-5137659801676464826\package\lib\server\progress.js:82:22)
    at async FrameDispatcher.click (C:\Users\admin\AppData\Local\Temp\playwright-java-5137659801676464826\package\lib\server\dispatchers\frameDispatcher.js:158:12)
    at async LongStandingScope._race (C:\Users\admin\AppData\Local\Temp\playwright-java-5137659801676464826\package\lib\utils\manualPromise.js:96:14)
    at async FrameDispatcher._handleCommand (C:\Users\admin\AppData\Local\Temp\playwright-java-5137659801676464826\package\lib\server\dispatchers\dispatcher.js:96:14)
}
Call log:
- waiting for locator(&quot;//mat-icon[contains(text(),&#039;calendar&#039;)]&quot;)
" type="com.microsoft.playwright.PlaywrightException">
      <![CDATA[com.microsoft.playwright.PlaywrightException: Error {
  message='Error: strict mode violation: locator("//mat-icon[contains(text(),'calendar')]") resolved to 2 elements:
    1) <mat-icon role="img" aria-hidden="true" data-mat-icon-type…>calendar_today</mat-icon> aka getByLabel("Filters").locator("button").filter(new Locator.FilterOptions().setHasText("calendar_today"))
    2) <mat-icon role="img" aria-hidden="true" data-mat-icon-type…>calendar_today</mat-icon> aka locator("button").filter(new Locator.FilterOptions().setHasText("calendar_today")).nth(1)

  name='Error
  stack='Error: Error: strict mode violation: locator("//mat-icon[contains(text(),'calendar')]") resolved to 2 elements:
    1) <mat-icon role="img" aria-hidden="true" data-mat-icon-type…>calendar_today</mat-icon> aka getByLabel("Filters").locator("button").filter(new Locator.FilterOptions().setHasText("calendar_today"))
    2) <mat-icon role="img" aria-hidden="true" data-mat-icon-type…>calendar_today</mat-icon> aka locator("button").filter(new Locator.FilterOptions().setHasText("calendar_today")).nth(1)

    at CRExecutionContext.evaluateWithArguments (C:\Users\admin\AppData\Local\Temp\playwright-java-5137659801676464826\package\lib\server\chromium\crExecutionContext.js:92:33)
    at async LongStandingScope._race (C:\Users\admin\AppData\Local\Temp\playwright-java-5137659801676464826\package\lib\utils\manualPromise.js:96:14)
    at async evaluateExpression (C:\Users\admin\AppData\Local\Temp\playwright-java-5137659801676464826\package\lib\server\javascript.js:241:12)
    at async C:\Users\admin\AppData\Local\Temp\playwright-java-5137659801676464826\package\lib\server\frames.js:953:22
    at async Frame.retryWithProgressAndTimeouts (C:\Users\admin\AppData\Local\Temp\playwright-java-5137659801676464826\package\lib\server\frames.js:923:24)
    at async C:\Users\admin\AppData\Local\Temp\playwright-java-5137659801676464826\package\lib\server\frames.js:1008:29
    at async ProgressController.run (C:\Users\admin\AppData\Local\Temp\playwright-java-5137659801676464826\package\lib\server\progress.js:82:22)
    at async FrameDispatcher.click (C:\Users\admin\AppData\Local\Temp\playwright-java-5137659801676464826\package\lib\server\dispatchers\frameDispatcher.js:158:12)
    at async LongStandingScope._race (C:\Users\admin\AppData\Local\Temp\playwright-java-5137659801676464826\package\lib\utils\manualPromise.js:96:14)
    at async FrameDispatcher._handleCommand (C:\Users\admin\AppData\Local\Temp\playwright-java-5137659801676464826\package\lib\server\dispatchers\dispatcher.js:96:14)
}
Call log:
- waiting for locator("//mat-icon[contains(text(),'calendar')]")

at com.microsoft.playwright.impl.WaitableResult.get(WaitableResult.java:56)
at com.microsoft.playwright.impl.ChannelOwner.runUntil(ChannelOwner.java:120)
at com.microsoft.playwright.impl.Connection.sendMessage(Connection.java:130)
at com.microsoft.playwright.impl.ChannelOwner.sendMessage(ChannelOwner.java:106)
at com.microsoft.playwright.impl.FrameImpl.clickImpl(FrameImpl.java:252)
at com.microsoft.playwright.impl.FrameImpl.lambda$click$8(FrameImpl.java:243)
at com.microsoft.playwright.impl.LoggingSupport.lambda$withLogging$0(LoggingSupport.java:36)
at com.microsoft.playwright.impl.LoggingSupport.withLogging(LoggingSupport.java:47)
at com.microsoft.playwright.impl.ChannelOwner.withLogging(ChannelOwner.java:89)
at com.microsoft.playwright.impl.LoggingSupport.withLogging(LoggingSupport.java:35)
at com.microsoft.playwright.impl.FrameImpl.click(FrameImpl.java:243)
at com.microsoft.playwright.impl.LocatorImpl.click(LocatorImpl.java:160)
at com.microsoft.playwright.Locator.click(Locator.java:2468)
at org.dewa.framework.objectrepo.VoicesListPage.clickOnDateFilter(VoicesListPage.java:566)
at org.dewa.framework.objectrepo.VoicesListPage.filerVoicesOnDayWeekMonth(VoicesListPage.java:585)
at org.dewa.framework.scriptmodules.VoiceListPageModules.dayWeekMonth(VoiceListPageModules.java:485)
at org.dewa.framework.regressiontestcases.VoiceListPageTest.verifyDayWeekMonthTest(VoiceListPageTest.java:169)
at java.base/jdk.internal.reflect.NativeMethodAccessorImpl.invoke0(Native Method)
at java.base/jdk.internal.reflect.NativeMethodAccessorImpl.invoke(NativeMethodAccessorImpl.java:77)
at java.base/jdk.internal.reflect.DelegatingMethodAccessorImpl.invoke(DelegatingMethodAccessorImpl.java:43)
at java.base/java.lang.reflect.Method.invoke(Method.java:568)
at org.testng.internal.invokers.MethodInvocationHelper.invokeMethod(MethodInvocationHelper.java:141)
at org.testng.internal.invokers.TestInvoker.invokeMethod(TestInvoker.java:687)
at org.testng.internal.invokers.TestInvoker.invokeTestMethod(TestInvoker.java:230)
at org.testng.internal.invokers.MethodRunner.runInSequence(MethodRunner.java:63)
at org.testng.internal.invokers.TestInvoker$MethodInvocationAgent.invoke(TestInvoker.java:995)
at org.testng.internal.invokers.TestInvoker.invokeTestMethods(TestInvoker.java:203)
at org.testng.internal.invokers.TestMethodWorker.invokeTestMethods(TestMethodWorker.java:154)
at org.testng.internal.invokers.TestMethodWorker.run(TestMethodWorker.java:134)
at java.base/java.util.ArrayList.forEach(ArrayList.java:1511)
at org.testng.TestRunner.privateRun(TestRunner.java:741)
at org.testng.TestRunner.run(TestRunner.java:616)
at org.testng.SuiteRunner.runTest(SuiteRunner.java:421)
at org.testng.SuiteRunner.runSequentially(SuiteRunner.java:413)
at org.testng.SuiteRunner.privateRun(SuiteRunner.java:373)
at org.testng.SuiteRunner.run(SuiteRunner.java:312)
at org.testng.SuiteRunnerWorker.runSuite(SuiteRunnerWorker.java:52)
at org.testng.SuiteRunnerWorker.run(SuiteRunnerWorker.java:95)
at org.testng.TestNG.runSuitesSequentially(TestNG.java:1274)
at org.testng.TestNG.runSuitesLocally(TestNG.java:1208)
at org.testng.TestNG.runSuites(TestNG.java:1112)
at org.testng.TestNG.run(TestNG.java:1079)
at org.testng.remote.AbstractRemoteTestNG.run(AbstractRemoteTestNG.java:115)
at org.testng.remote.RemoteTestNG.initAndRun(RemoteTestNG.java:293)
at org.testng.remote.RemoteTestNG.main(RemoteTestNG.java:91)
Caused by: com.microsoft.playwright.impl.DriverException: Error {
  message='Error: strict mode violation: locator("//mat-icon[contains(text(),'calendar')]") resolved to 2 elements:
    1) <mat-icon role="img" aria-hidden="true" data-mat-icon-type…>calendar_today</mat-icon> aka getByLabel("Filters").locator("button").filter(new Locator.FilterOptions().setHasText("calendar_today"))
    2) <mat-icon role="img" aria-hidden="true" data-mat-icon-type…>calendar_today</mat-icon> aka locator("button").filter(new Locator.FilterOptions().setHasText("calendar_today")).nth(1)

  name='Error
  stack='Error: Error: strict mode violation: locator("//mat-icon[contains(text(),'calendar')]") resolved to 2 elements:
    1) <mat-icon role="img" aria-hidden="true" data-mat-icon-type…>calendar_today</mat-icon> aka getByLabel("Filters").locator("button").filter(new Locator.FilterOptions().setHasText("calendar_today"))
    2) <mat-icon role="img" aria-hidden="true" data-mat-icon-type…>calendar_today</mat-icon> aka locator("button").filter(new Locator.FilterOptions().setHasText("calendar_today")).nth(1)

    at CRExecutionContext.evaluateWithArguments (C:\Users\admin\AppData\Local\Temp\playwright-java-5137659801676464826\package\lib\server\chromium\crExecutionContext.js:92:33)
    at async LongStandingScope._race (C:\Users\admin\AppData\Local\Temp\playwright-java-5137659801676464826\package\lib\utils\manualPromise.js:96:14)
    at async evaluateExpression (C:\Users\admin\AppData\Local\Temp\playwright-java-5137659801676464826\package\lib\server\javascript.js:241:12)
    at async C:\Users\admin\AppData\Local\Temp\playwright-java-5137659801676464826\package\lib\server\frames.js:953:22
    at async Frame.retryWithProgressAndTimeouts (C:\Users\admin\AppData\Local\Temp\playwright-java-5137659801676464826\package\lib\server\frames.js:923:24)
    at async C:\Users\admin\AppData\Local\Temp\playwright-java-5137659801676464826\package\lib\server\frames.js:1008:29
    at async ProgressController.run (C:\Users\admin\AppData\Local\Temp\playwright-java-5137659801676464826\package\lib\server\progress.js:82:22)
    at async FrameDispatcher.click (C:\Users\admin\AppData\Local\Temp\playwright-java-5137659801676464826\package\lib\server\dispatchers\frameDispatcher.js:158:12)
    at async LongStandingScope._race (C:\Users\admin\AppData\Local\Temp\playwright-java-5137659801676464826\package\lib\utils\manualPromise.js:96:14)
    at async FrameDispatcher._handleCommand (C:\Users\admin\AppData\Local\Temp\playwright-java-5137659801676464826\package\lib\server\dispatchers\dispatcher.js:96:14)
}
Call log:
- waiting for locator("//mat-icon[contains(text(),'calendar')]")

at com.microsoft.playwright.impl.Connection.dispatch(Connection.java:259)
at com.microsoft.playwright.impl.Connection.processOneMessage(Connection.java:211)
at com.microsoft.playwright.impl.ChannelOwner.runUntil(ChannelOwner.java:118)
... 43 more
]]>
    </error>
  </testcase> <!-- verifyDayWeekMonthTest -->
  <testcase classname="org.dewa.framework.regressiontestcases.VoiceListPageTest" name="verifyTopSubjectWidgetTest" time="23.807">
    <failure message="null" type="java.lang.AssertionError">
      <![CDATA[java.lang.AssertionError: null
at org.testng.Assert.fail(Assert.java:111)
at org.testng.Assert.fail(Assert.java:116)
at org.dewa.framework.utils.BaseClass.assertContains(BaseClass.java:203)
at org.dewa.framework.scriptmodules.VoiceListPageModules.verifyTopSubjectWidget(VoiceListPageModules.java:424)
at org.dewa.framework.regressiontestcases.VoiceListPageTest.verifyTopSubjectWidgetTest(VoiceListPageTest.java:146)
at java.base/jdk.internal.reflect.NativeMethodAccessorImpl.invoke0(Native Method)
at java.base/jdk.internal.reflect.NativeMethodAccessorImpl.invoke(NativeMethodAccessorImpl.java:77)
at java.base/jdk.internal.reflect.DelegatingMethodAccessorImpl.invoke(DelegatingMethodAccessorImpl.java:43)
at java.base/java.lang.reflect.Method.invoke(Method.java:568)
at org.testng.internal.invokers.MethodInvocationHelper.invokeMethod(MethodInvocationHelper.java:141)
at org.testng.internal.invokers.TestInvoker.invokeMethod(TestInvoker.java:687)
at org.testng.internal.invokers.TestInvoker.invokeTestMethod(TestInvoker.java:230)
at org.testng.internal.invokers.MethodRunner.runInSequence(MethodRunner.java:63)
at org.testng.internal.invokers.TestInvoker$MethodInvocationAgent.invoke(TestInvoker.java:995)
at org.testng.internal.invokers.TestInvoker.invokeTestMethods(TestInvoker.java:203)
at org.testng.internal.invokers.TestMethodWorker.invokeTestMethods(TestMethodWorker.java:154)
at org.testng.internal.invokers.TestMethodWorker.run(TestMethodWorker.java:134)
at java.base/java.util.ArrayList.forEach(ArrayList.java:1511)
at org.testng.TestRunner.privateRun(TestRunner.java:741)
at org.testng.TestRunner.run(TestRunner.java:616)
at org.testng.SuiteRunner.runTest(SuiteRunner.java:421)
at org.testng.SuiteRunner.runSequentially(SuiteRunner.java:413)
at org.testng.SuiteRunner.privateRun(SuiteRunner.java:373)
at org.testng.SuiteRunner.run(SuiteRunner.java:312)
at org.testng.SuiteRunnerWorker.runSuite(SuiteRunnerWorker.java:52)
at org.testng.SuiteRunnerWorker.run(SuiteRunnerWorker.java:95)
at org.testng.TestNG.runSuitesSequentially(TestNG.java:1274)
at org.testng.TestNG.runSuitesLocally(TestNG.java:1208)
at org.testng.TestNG.runSuites(TestNG.java:1112)
at org.testng.TestNG.run(TestNG.java:1079)
at org.testng.remote.AbstractRemoteTestNG.run(AbstractRemoteTestNG.java:115)
at org.testng.remote.RemoteTestNG.initAndRun(RemoteTestNG.java:293)
at org.testng.remote.RemoteTestNG.main(RemoteTestNG.java:91)
]]>
    </failure>
  </testcase> <!-- verifyTopSubjectWidgetTest -->
  <testcase classname="org.dewa.framework.regressiontestcases.VoiceListPageTest" name="verifyShowResultTest" time="22.743"/>
  <testcase classname="org.dewa.framework.regressiontestcases.VoiceListPageTest" name="verifyVoiceListHideFiltersTest" time="18.138">
    <failure message="null" type="java.lang.AssertionError">
      <![CDATA[java.lang.AssertionError: null
at org.testng.Assert.fail(Assert.java:111)
at org.testng.Assert.fail(Assert.java:116)
at org.dewa.framework.utils.BaseClass.assertEquals(BaseClass.java:143)
at org.dewa.framework.scriptmodules.VoiceListPageModules.verifyVoiceListHideFilters(VoiceListPageModules.java:276)
at org.dewa.framework.regressiontestcases.VoiceListPageTest.verifyVoiceListHideFiltersTest(VoiceListPageTest.java:82)
at java.base/jdk.internal.reflect.NativeMethodAccessorImpl.invoke0(Native Method)
at java.base/jdk.internal.reflect.NativeMethodAccessorImpl.invoke(NativeMethodAccessorImpl.java:77)
at java.base/jdk.internal.reflect.DelegatingMethodAccessorImpl.invoke(DelegatingMethodAccessorImpl.java:43)
at java.base/java.lang.reflect.Method.invoke(Method.java:568)
at org.testng.internal.invokers.MethodInvocationHelper.invokeMethod(MethodInvocationHelper.java:141)
at org.testng.internal.invokers.TestInvoker.invokeMethod(TestInvoker.java:687)
at org.testng.internal.invokers.TestInvoker.invokeTestMethod(TestInvoker.java:230)
at org.testng.internal.invokers.MethodRunner.runInSequence(MethodRunner.java:63)
at org.testng.internal.invokers.TestInvoker$MethodInvocationAgent.invoke(TestInvoker.java:995)
at org.testng.internal.invokers.TestInvoker.invokeTestMethods(TestInvoker.java:203)
at org.testng.internal.invokers.TestMethodWorker.invokeTestMethods(TestMethodWorker.java:154)
at org.testng.internal.invokers.TestMethodWorker.run(TestMethodWorker.java:134)
at java.base/java.util.ArrayList.forEach(ArrayList.java:1511)
at org.testng.TestRunner.privateRun(TestRunner.java:741)
at org.testng.TestRunner.run(TestRunner.java:616)
at org.testng.SuiteRunner.runTest(SuiteRunner.java:421)
at org.testng.SuiteRunner.runSequentially(SuiteRunner.java:413)
at org.testng.SuiteRunner.privateRun(SuiteRunner.java:373)
at org.testng.SuiteRunner.run(SuiteRunner.java:312)
at org.testng.SuiteRunnerWorker.runSuite(SuiteRunnerWorker.java:52)
at org.testng.SuiteRunnerWorker.run(SuiteRunnerWorker.java:95)
at org.testng.TestNG.runSuitesSequentially(TestNG.java:1274)
at org.testng.TestNG.runSuitesLocally(TestNG.java:1208)
at org.testng.TestNG.runSuites(TestNG.java:1112)
at org.testng.TestNG.run(TestNG.java:1079)
at org.testng.remote.AbstractRemoteTestNG.run(AbstractRemoteTestNG.java:115)
at org.testng.remote.RemoteTestNG.initAndRun(RemoteTestNG.java:293)
at org.testng.remote.RemoteTestNG.main(RemoteTestNG.java:91)
]]>
    </failure>
  </testcase> <!-- verifyVoiceListHideFiltersTest -->
  <testcase classname="org.dewa.framework.regressiontestcases.VoiceListPageTest" name="verifyVoiceListExportedExcelFileTest">
    <skipped/>
  </testcase> <!-- verifyVoiceListExportedExcelFileTest -->
  <testcase classname="org.dewa.framework.regressiontestcases.VoiceListPageTest" name="verifyVoiceListExcelExportTest">
    <skipped/>
  </testcase> <!-- verifyVoiceListExcelExportTest -->
</testsuite> <!-- org.dewa.framework.regressiontestcases.VoiceListPageTest -->
