<?xml version="1.0" encoding="UTF-8"?>
<!-- Generated by org.testng.reporters.JUnitReportReporter -->
<testsuite hostname="Manoj_Kumar_M" failures="0" tests="12" name="org.dewa.framework.regressiontestcases.DashboardOverallSentimentScore" time="489.727" errors="0" timestamp="2025-04-10T12:19:25 IST" skipped="0">
  <testcase classname="org.dewa.framework.regressiontestcases.DashboardOverallSentimentScore" name="verifyDashboardOverallSentimentScore_ChannelNoFilterTest" time="27.593"/>
  <testcase classname="org.dewa.framework.regressiontestcases.DashboardOverallSentimentScore" name="verifyDashboardOverallSentimentScore_SourceNoFilterTest" time="24.029"/>
  <testcase classname="org.dewa.framework.regressiontestcases.DashboardOverallSentimentScore" name="verifyDashboardOverallSentimentScore_ChannelSmartApplicationHappyFilterTest" time="48.294"/>
  <testcase classname="org.dewa.framework.regressiontestcases.DashboardOverallSentimentScore" name="verifyDashboardOverallSentimentScore_ChannelWebsiteUnhappyFilterTest" time="50.082"/>
  <testcase classname="org.dewa.framework.regressiontestcases.DashboardOverallSentimentScore" name="verifyDashboardOverallSentimentScore_ChannelSmartApplicationNeutralFilterTest" time="48.318"/>
  <testcase classname="org.dewa.framework.regressiontestcases.DashboardOverallSentimentScore" name="verifyDashboardOverallSentimentScore_SqlAccessibilityFilterTest" time="35.642"/>
  <testcase classname="org.dewa.framework.regressiontestcases.DashboardOverallSentimentScore" name="verifyDashboardOverallSentimentScore_ChannelWebsiteNeutralFilterTest" time="49.457"/>
  <testcase classname="org.dewa.framework.regressiontestcases.DashboardOverallSentimentScore" name="verifyDashboardOverallSentimentScore_ChannelSmartApplicationUnhappyFilterTest" time="48.417"/>
  <testcase classname="org.dewa.framework.regressiontestcases.DashboardOverallSentimentScore" name="verifyDashboardOverallSentimentScore_ChannelWebsiteTest" time="37.234"/>
  <testcase classname="org.dewa.framework.regressiontestcases.DashboardOverallSentimentScore" name="verifyDashboardOverallSentimentScore_ChannelSmartApplicationFilterTest" time="35.230"/>
  <testcase classname="org.dewa.framework.regressiontestcases.DashboardOverallSentimentScore" name="verifyDashboardOverallSentimentScore_SqlInformationQualityFilterTest" time="36.081"/>
  <testcase classname="org.dewa.framework.regressiontestcases.DashboardOverallSentimentScore" name="verifyDashboardOverallSentimentScore_ChannelWebsiteHappyFilterTest" time="49.350"/>
</testsuite> <!-- org.dewa.framework.regressiontestcases.DashboardOverallSentimentScore -->
