<?xml version="1.0" encoding="UTF-8"?>
<!-- Generated by org.testng.reporters.JUnitReportReporter -->
<testsuite hostname="Manoj_Kumar_M" failures="0" tests="27" name="org.dewa.framework.regressiontestcases.VoiceTypeAndSQLTest" time="537.035" errors="0" timestamp="2025-02-04T15:48:59 IST" skipped="0">
  <testcase classname="org.dewa.framework.regressiontestcases.VoiceTypeAndSQLTest" name="voiceTypeAndSQLTest" time="19.099"/>
  <testcase classname="org.dewa.framework.regressiontestcases.VoiceTypeAndSQLTest" name="voiceTypeAndSQLTest" time="21.877"/>
  <testcase classname="org.dewa.framework.regressiontestcases.VoiceTypeAndSQLTest" name="voiceTypeAndSQLTest" time="19.958"/>
  <testcase classname="org.dewa.framework.regressiontestcases.VoiceTypeAndSQLTest" name="voiceTypeAndSQLTest" time="19.177"/>
  <testcase classname="org.dewa.framework.regressiontestcases.VoiceTypeAndSQLTest" name="voiceTypeAndSQLTest" time="19.804"/>
  <testcase classname="org.dewa.framework.regressiontestcases.VoiceTypeAndSQLTest" name="voiceTypeAndSQLTest" time="20.516"/>
  <testcase classname="org.dewa.framework.regressiontestcases.VoiceTypeAndSQLTest" name="voiceTypeAndSQLTest" time="19.246"/>
  <testcase classname="org.dewa.framework.regressiontestcases.VoiceTypeAndSQLTest" name="voiceTypeAndSQLTest" time="19.935"/>
  <testcase classname="org.dewa.framework.regressiontestcases.VoiceTypeAndSQLTest" name="voiceTypeAndSQLTest" time="19.115"/>
  <testcase classname="org.dewa.framework.regressiontestcases.VoiceTypeAndSQLTest" name="voiceTypeAndSQLTest" time="20.658"/>
  <testcase classname="org.dewa.framework.regressiontestcases.VoiceTypeAndSQLTest" name="voiceTypeAndSQLTest" time="19.926"/>
  <testcase classname="org.dewa.framework.regressiontestcases.VoiceTypeAndSQLTest" name="voiceTypeAndSQLTest" time="20.120"/>
  <testcase classname="org.dewa.framework.regressiontestcases.VoiceTypeAndSQLTest" name="voiceTypeAndSQLTest" time="19.409"/>
  <testcase classname="org.dewa.framework.regressiontestcases.VoiceTypeAndSQLTest" name="voiceTypeAndSQLTest" time="19.316"/>
  <testcase classname="org.dewa.framework.regressiontestcases.VoiceTypeAndSQLTest" name="voiceTypeAndSQLTest" time="20.571"/>
  <testcase classname="org.dewa.framework.regressiontestcases.VoiceTypeAndSQLTest" name="voiceTypeAndSQLTest" time="19.751"/>
  <testcase classname="org.dewa.framework.regressiontestcases.VoiceTypeAndSQLTest" name="voiceTypeAndSQLTest" time="19.692"/>
  <testcase classname="org.dewa.framework.regressiontestcases.VoiceTypeAndSQLTest" name="voiceTypeAndSQLTest" time="19.219"/>
  <testcase classname="org.dewa.framework.regressiontestcases.VoiceTypeAndSQLTest" name="voiceTypeAndSQLTest" time="19.208"/>
  <testcase classname="org.dewa.framework.regressiontestcases.VoiceTypeAndSQLTest" name="voiceTypeAndSQLTest" time="19.264"/>
  <testcase classname="org.dewa.framework.regressiontestcases.VoiceTypeAndSQLTest" name="voiceTypeAndSQLTest" time="25.340"/>
  <testcase classname="org.dewa.framework.regressiontestcases.VoiceTypeAndSQLTest" name="voiceTypeAndSQLTest" time="20.180"/>
  <testcase classname="org.dewa.framework.regressiontestcases.VoiceTypeAndSQLTest" name="voiceTypeAndSQLTest" time="18.756"/>
  <testcase classname="org.dewa.framework.regressiontestcases.VoiceTypeAndSQLTest" name="voiceTypeAndSQLTest" time="19.120"/>
  <testcase classname="org.dewa.framework.regressiontestcases.VoiceTypeAndSQLTest" name="voiceTypeAndSQLTest" time="19.260"/>
  <testcase classname="org.dewa.framework.regressiontestcases.VoiceTypeAndSQLTest" name="voiceTypeAndSQLTest" time="19.129"/>
  <testcase classname="org.dewa.framework.regressiontestcases.VoiceTypeAndSQLTest" name="voiceTypeAndSQLTest" time="19.389"/>
</testsuite> <!-- org.dewa.framework.regressiontestcases.VoiceTypeAndSQLTest -->
