<?xml version="1.0" encoding="UTF-8"?>
<!-- Generated by org.testng.reporters.JUnitReportReporter -->
<testsuite hostname="DESKTOP-82MSA1R" failures="0" tests="5" name="org.dewa.framework.regressiontestcases.VoicedCustomersPageTest" time="20.430" errors="0" timestamp="2025-06-09T14:31:53 IST" skipped="4">
  <testcase classname="org.dewa.framework.regressiontestcases.VoicedCustomersPageTest" name="verifyCustomersListPageCustomersListTest" time="20.430"/>
  <testcase classname="org.dewa.framework.regressiontestcases.VoicedCustomersPageTest" name="verifyCustomersListPageDayWeekMonthTest">
    <skipped/>
  </testcase> <!-- verifyCustomersListPageDayWeekMonthTest -->
  <testcase classname="org.dewa.framework.regressiontestcases.VoicedCustomersPageTest" name="verifyCustomersDetailsTopSQLTest">
    <skipped/>
  </testcase> <!-- verifyCustomersDetailsTopSQLTest -->
  <testcase classname="org.dewa.framework.regressiontestcases.VoicedCustomersPageTest" name="verifyCustomersDetailsTopServiceTest">
    <skipped/>
  </testcase> <!-- verifyCustomersDetailsTopServiceTest -->
  <testcase classname="org.dewa.framework.regressiontestcases.VoicedCustomersPageTest" name="verifyCustomersListDateRangeSelectorTest">
    <skipped/>
  </testcase> <!-- verifyCustomersListDateRangeSelectorTest -->
</testsuite> <!-- org.dewa.framework.regressiontestcases.VoicedCustomersPageTest -->
