<?xml version="1.0" encoding="UTF-8"?>
<!-- Generated by org.testng.reporters.JUnitReportReporter -->
<testsuite hostname="Manoj_Kumar_M" failures="0" tests="21" name="org.dewa.framework.sanitytestcases.AccuracyCheckTest" time="325.266" errors="0" timestamp="2025-01-31T15:50:36 IST" skipped="0">
  <testcase classname="org.dewa.framework.sanitytestcases.AccuracyCheckTest" name="sanityTest" time="17.303"/>
  <testcase classname="org.dewa.framework.sanitytestcases.AccuracyCheckTest" name="sanityTest" time="23.751"/>
  <testcase classname="org.dewa.framework.sanitytestcases.AccuracyCheckTest" name="sanityTest" time="18.191"/>
  <testcase classname="org.dewa.framework.sanitytestcases.AccuracyCheckTest" name="sanityTest" time="18.925"/>
  <testcase classname="org.dewa.framework.sanitytestcases.AccuracyCheckTest" name="sanityTest" time="17.839"/>
  <testcase classname="org.dewa.framework.sanitytestcases.AccuracyCheckTest" name="sanityTest" time="20.535"/>
  <testcase classname="org.dewa.framework.sanitytestcases.AccuracyCheckTest" name="sanityTest" time="18.118"/>
  <testcase classname="org.dewa.framework.sanitytestcases.AccuracyCheckTest" name="sanityTest" time="17.577"/>
  <testcase classname="org.dewa.framework.sanitytestcases.AccuracyCheckTest" name="sanityTest" time="18.798"/>
  <testcase classname="org.dewa.framework.sanitytestcases.AccuracyCheckTest" name="sanityTest" time="17.432"/>
  <testcase classname="org.dewa.framework.sanitytestcases.AccuracyCheckTest" name="sanityTest" time="18.986"/>
  <testcase classname="org.dewa.framework.sanitytestcases.AccuracyCheckTest" name="sanityTest" time="18.264"/>
  <testcase classname="org.dewa.framework.sanitytestcases.AccuracyCheckTest" name="sanityTest" time="19.042"/>
  <testcase classname="org.dewa.framework.sanitytestcases.AccuracyCheckTest" name="sanityTest" time="18.140"/>
  <testcase classname="org.dewa.framework.sanitytestcases.AccuracyCheckTest" name="sanityTest" time="17.428"/>
  <testcase classname="org.dewa.framework.sanitytestcases.AccuracyCheckTest" name="accuracyCalulationTest" time="6.781"/>
  <testcase classname="org.dewa.framework.sanitytestcases.AccuracyCheckTest" name="accuracyCalulationTest" time="7.553"/>
  <testcase classname="org.dewa.framework.sanitytestcases.AccuracyCheckTest" name="accuracyCalulationTest" time="9.558"/>
  <testcase classname="org.dewa.framework.sanitytestcases.AccuracyCheckTest" name="accuracyCalulationTest" time="6.778"/>
  <testcase classname="org.dewa.framework.sanitytestcases.AccuracyCheckTest" name="accuracyCalulationTest" time="6.710"/>
  <testcase classname="org.dewa.framework.sanitytestcases.AccuracyCheckTest" name="totalAccuracyTest" time="7.557"/>
</testsuite> <!-- org.dewa.framework.sanitytestcases.AccuracyCheckTest -->
