<?xml version="1.0" encoding="UTF-8"?>
<!-- Generated by org.testng.reporters.JUnitReportReporter -->
<testsuite hostname="Manoj_Kumar_M" failures="0" tests="24" name="accuracycheck.AccuracyCheckTest" time="723.220" errors="0" timestamp="2025-01-17T15:50:44 IST" skipped="3">
  <testcase classname="accuracycheck.AccuracyCheckTest" name="accuracyTest" time="20.426"/>
  <testcase classname="accuracycheck.AccuracyCheckTest" name="accuracyTest" time="36.951"/>
  <testcase classname="accuracycheck.AccuracyCheckTest" name="accuracyTest" time="48.518"/>
  <testcase classname="accuracycheck.AccuracyCheckTest" name="accuracyTest" time="19.723"/>
  <testcase classname="accuracycheck.AccuracyCheckTest" name="accuracyTest" time="17.083"/>
  <testcase classname="accuracycheck.AccuracyCheckTest" name="accuracyTest" time="67.415">
    <skipped/>
  </testcase> <!-- accuracyTest -->
  <testcase classname="accuracycheck.AccuracyCheckTest" name="accuracyTest" time="65.843"/>
  <testcase classname="accuracycheck.AccuracyCheckTest" name="accuracyTest" time="19.012"/>
  <testcase classname="accuracycheck.AccuracyCheckTest" name="accuracyTest" time="96.599">
    <skipped/>
  </testcase> <!-- accuracyTest -->
  <testcase classname="accuracycheck.AccuracyCheckTest" name="accuracyTest" time="18.275"/>
  <testcase classname="accuracycheck.AccuracyCheckTest" name="accuracyTest" time="22.502"/>
  <testcase classname="accuracycheck.AccuracyCheckTest" name="accuracyTest" time="16.540"/>
  <testcase classname="accuracycheck.AccuracyCheckTest" name="accuracyTest" time="48.360"/>
  <testcase classname="accuracycheck.AccuracyCheckTest" name="accuracyTest" time="39.515"/>
  <testcase classname="accuracycheck.AccuracyCheckTest" name="accuracyTest" time="22.324"/>
  <testcase classname="accuracycheck.AccuracyCheckTest" name="accuracyTest" time="71.877">
    <skipped/>
  </testcase> <!-- accuracyTest -->
  <testcase classname="accuracycheck.AccuracyCheckTest" name="accuracyTest" time="30.758"/>
  <testcase classname="accuracycheck.AccuracyCheckTest" name="accuracyTest" time="17.809"/>
  <testcase classname="accuracycheck.AccuracyCheckTest" name="accuracyCalulationTest" time="7.554"/>
  <testcase classname="accuracycheck.AccuracyCheckTest" name="accuracyCalulationTest" time="6.910"/>
  <testcase classname="accuracycheck.AccuracyCheckTest" name="accuracyCalulationTest" time="7.984"/>
  <testcase classname="accuracycheck.AccuracyCheckTest" name="accuracyCalulationTest" time="6.986"/>
  <testcase classname="accuracycheck.AccuracyCheckTest" name="accuracyCalulationTest" time="7.158"/>
  <testcase classname="accuracycheck.AccuracyCheckTest" name="clearExcelTest" time="7.098"/>
</testsuite> <!-- accuracycheck.AccuracyCheckTest -->
