<?xml version="1.0" encoding="UTF-8"?>
<!-- Generated by org.testng.reporters.JUnitReportReporter -->
<testsuite hostname="Manoj_Kumar_M" failures="0" tests="100" name="org.dewa.framework.sanitytestcases.SummaryDataExtractionTest" time="1788.460" errors="0" timestamp="2025-03-12T15:25:27 IST" skipped="0">
  <testcase classname="org.dewa.framework.sanitytestcases.SummaryDataExtractionTest" name="summaryExtractionTest" time="17.304"/>
  <testcase classname="org.dewa.framework.sanitytestcases.SummaryDataExtractionTest" name="summaryExtractionTest" time="14.863"/>
  <testcase classname="org.dewa.framework.sanitytestcases.SummaryDataExtractionTest" name="summaryExtractionTest" time="17.308"/>
  <testcase classname="org.dewa.framework.sanitytestcases.SummaryDataExtractionTest" name="summaryExtractionTest" time="17.324"/>
  <testcase classname="org.dewa.framework.sanitytestcases.SummaryDataExtractionTest" name="summaryExtractionTest" time="18.018"/>
  <testcase classname="org.dewa.framework.sanitytestcases.SummaryDataExtractionTest" name="summaryExtractionTest" time="17.120"/>
  <testcase classname="org.dewa.framework.sanitytestcases.SummaryDataExtractionTest" name="summaryExtractionTest" time="16.866"/>
  <testcase classname="org.dewa.framework.sanitytestcases.SummaryDataExtractionTest" name="summaryExtractionTest" time="16.797"/>
  <testcase classname="org.dewa.framework.sanitytestcases.SummaryDataExtractionTest" name="summaryExtractionTest" time="17.470"/>
  <testcase classname="org.dewa.framework.sanitytestcases.SummaryDataExtractionTest" name="summaryExtractionTest" time="17.202"/>
  <testcase classname="org.dewa.framework.sanitytestcases.SummaryDataExtractionTest" name="summaryExtractionTest" time="17.160"/>
  <testcase classname="org.dewa.framework.sanitytestcases.SummaryDataExtractionTest" name="summaryExtractionTest" time="20.531"/>
  <testcase classname="org.dewa.framework.sanitytestcases.SummaryDataExtractionTest" name="summaryExtractionTest" time="17.733"/>
  <testcase classname="org.dewa.framework.sanitytestcases.SummaryDataExtractionTest" name="summaryExtractionTest" time="18.049"/>
  <testcase classname="org.dewa.framework.sanitytestcases.SummaryDataExtractionTest" name="summaryExtractionTest" time="17.174"/>
  <testcase classname="org.dewa.framework.sanitytestcases.SummaryDataExtractionTest" name="summaryExtractionTest" time="17.840"/>
  <testcase classname="org.dewa.framework.sanitytestcases.SummaryDataExtractionTest" name="summaryExtractionTest" time="16.890"/>
  <testcase classname="org.dewa.framework.sanitytestcases.SummaryDataExtractionTest" name="summaryExtractionTest" time="16.868"/>
  <testcase classname="org.dewa.framework.sanitytestcases.SummaryDataExtractionTest" name="summaryExtractionTest" time="16.921"/>
  <testcase classname="org.dewa.framework.sanitytestcases.SummaryDataExtractionTest" name="summaryExtractionTest" time="17.241"/>
  <testcase classname="org.dewa.framework.sanitytestcases.SummaryDataExtractionTest" name="summaryExtractionTest" time="19.285"/>
  <testcase classname="org.dewa.framework.sanitytestcases.SummaryDataExtractionTest" name="summaryExtractionTest" time="17.821"/>
  <testcase classname="org.dewa.framework.sanitytestcases.SummaryDataExtractionTest" name="summaryExtractionTest" time="17.934"/>
  <testcase classname="org.dewa.framework.sanitytestcases.SummaryDataExtractionTest" name="summaryExtractionTest" time="17.707"/>
  <testcase classname="org.dewa.framework.sanitytestcases.SummaryDataExtractionTest" name="summaryExtractionTest" time="17.228"/>
  <testcase classname="org.dewa.framework.sanitytestcases.SummaryDataExtractionTest" name="summaryExtractionTest" time="18.354"/>
  <testcase classname="org.dewa.framework.sanitytestcases.SummaryDataExtractionTest" name="summaryExtractionTest" time="18.043"/>
  <testcase classname="org.dewa.framework.sanitytestcases.SummaryDataExtractionTest" name="summaryExtractionTest" time="18.589"/>
  <testcase classname="org.dewa.framework.sanitytestcases.SummaryDataExtractionTest" name="summaryExtractionTest" time="17.094"/>
  <testcase classname="org.dewa.framework.sanitytestcases.SummaryDataExtractionTest" name="summaryExtractionTest" time="17.524"/>
  <testcase classname="org.dewa.framework.sanitytestcases.SummaryDataExtractionTest" name="summaryExtractionTest" time="16.854"/>
  <testcase classname="org.dewa.framework.sanitytestcases.SummaryDataExtractionTest" name="summaryExtractionTest" time="18.338"/>
  <testcase classname="org.dewa.framework.sanitytestcases.SummaryDataExtractionTest" name="summaryExtractionTest" time="17.509"/>
  <testcase classname="org.dewa.framework.sanitytestcases.SummaryDataExtractionTest" name="summaryExtractionTest" time="19.991"/>
  <testcase classname="org.dewa.framework.sanitytestcases.SummaryDataExtractionTest" name="summaryExtractionTest" time="17.803"/>
  <testcase classname="org.dewa.framework.sanitytestcases.SummaryDataExtractionTest" name="summaryExtractionTest" time="17.067"/>
  <testcase classname="org.dewa.framework.sanitytestcases.SummaryDataExtractionTest" name="summaryExtractionTest" time="16.821"/>
  <testcase classname="org.dewa.framework.sanitytestcases.SummaryDataExtractionTest" name="summaryExtractionTest" time="17.284"/>
  <testcase classname="org.dewa.framework.sanitytestcases.SummaryDataExtractionTest" name="summaryExtractionTest" time="18.269"/>
  <testcase classname="org.dewa.framework.sanitytestcases.SummaryDataExtractionTest" name="summaryExtractionTest" time="16.974"/>
  <testcase classname="org.dewa.framework.sanitytestcases.SummaryDataExtractionTest" name="summaryExtractionTest" time="17.146"/>
  <testcase classname="org.dewa.framework.sanitytestcases.SummaryDataExtractionTest" name="summaryExtractionTest" time="18.289"/>
  <testcase classname="org.dewa.framework.sanitytestcases.SummaryDataExtractionTest" name="summaryExtractionTest" time="29.250"/>
  <testcase classname="org.dewa.framework.sanitytestcases.SummaryDataExtractionTest" name="summaryExtractionTest" time="17.463"/>
  <testcase classname="org.dewa.framework.sanitytestcases.SummaryDataExtractionTest" name="summaryExtractionTest" time="19.277"/>
  <testcase classname="org.dewa.framework.sanitytestcases.SummaryDataExtractionTest" name="summaryExtractionTest" time="18.302"/>
  <testcase classname="org.dewa.framework.sanitytestcases.SummaryDataExtractionTest" name="summaryExtractionTest" time="17.567"/>
  <testcase classname="org.dewa.framework.sanitytestcases.SummaryDataExtractionTest" name="summaryExtractionTest" time="17.579"/>
  <testcase classname="org.dewa.framework.sanitytestcases.SummaryDataExtractionTest" name="summaryExtractionTest" time="18.341"/>
  <testcase classname="org.dewa.framework.sanitytestcases.SummaryDataExtractionTest" name="summaryExtractionTest" time="17.050"/>
  <testcase classname="org.dewa.framework.sanitytestcases.SummaryDataExtractionTest" name="summaryExtractionTest" time="17.256"/>
  <testcase classname="org.dewa.framework.sanitytestcases.SummaryDataExtractionTest" name="summaryExtractionTest" time="20.311"/>
  <testcase classname="org.dewa.framework.sanitytestcases.SummaryDataExtractionTest" name="summaryExtractionTest" time="16.645"/>
  <testcase classname="org.dewa.framework.sanitytestcases.SummaryDataExtractionTest" name="summaryExtractionTest" time="17.324"/>
  <testcase classname="org.dewa.framework.sanitytestcases.SummaryDataExtractionTest" name="summaryExtractionTest" time="17.386"/>
  <testcase classname="org.dewa.framework.sanitytestcases.SummaryDataExtractionTest" name="summaryExtractionTest" time="17.074"/>
  <testcase classname="org.dewa.framework.sanitytestcases.SummaryDataExtractionTest" name="summaryExtractionTest" time="17.015"/>
  <testcase classname="org.dewa.framework.sanitytestcases.SummaryDataExtractionTest" name="summaryExtractionTest" time="17.016"/>
  <testcase classname="org.dewa.framework.sanitytestcases.SummaryDataExtractionTest" name="summaryExtractionTest" time="16.718"/>
  <testcase classname="org.dewa.framework.sanitytestcases.SummaryDataExtractionTest" name="summaryExtractionTest" time="17.813"/>
  <testcase classname="org.dewa.framework.sanitytestcases.SummaryDataExtractionTest" name="summaryExtractionTest" time="17.416"/>
  <testcase classname="org.dewa.framework.sanitytestcases.SummaryDataExtractionTest" name="summaryExtractionTest" time="17.992"/>
  <testcase classname="org.dewa.framework.sanitytestcases.SummaryDataExtractionTest" name="summaryExtractionTest" time="18.231"/>
  <testcase classname="org.dewa.framework.sanitytestcases.SummaryDataExtractionTest" name="summaryExtractionTest" time="16.929"/>
  <testcase classname="org.dewa.framework.sanitytestcases.SummaryDataExtractionTest" name="summaryExtractionTest" time="17.990"/>
  <testcase classname="org.dewa.framework.sanitytestcases.SummaryDataExtractionTest" name="summaryExtractionTest" time="19.805"/>
  <testcase classname="org.dewa.framework.sanitytestcases.SummaryDataExtractionTest" name="summaryExtractionTest" time="17.837"/>
  <testcase classname="org.dewa.framework.sanitytestcases.SummaryDataExtractionTest" name="summaryExtractionTest" time="17.630"/>
  <testcase classname="org.dewa.framework.sanitytestcases.SummaryDataExtractionTest" name="summaryExtractionTest" time="18.923"/>
  <testcase classname="org.dewa.framework.sanitytestcases.SummaryDataExtractionTest" name="summaryExtractionTest" time="17.312"/>
  <testcase classname="org.dewa.framework.sanitytestcases.SummaryDataExtractionTest" name="summaryExtractionTest" time="18.038"/>
  <testcase classname="org.dewa.framework.sanitytestcases.SummaryDataExtractionTest" name="summaryExtractionTest" time="17.795"/>
  <testcase classname="org.dewa.framework.sanitytestcases.SummaryDataExtractionTest" name="summaryExtractionTest" time="17.820"/>
  <testcase classname="org.dewa.framework.sanitytestcases.SummaryDataExtractionTest" name="summaryExtractionTest" time="18.348"/>
  <testcase classname="org.dewa.framework.sanitytestcases.SummaryDataExtractionTest" name="summaryExtractionTest" time="17.350"/>
  <testcase classname="org.dewa.framework.sanitytestcases.SummaryDataExtractionTest" name="summaryExtractionTest" time="20.767"/>
  <testcase classname="org.dewa.framework.sanitytestcases.SummaryDataExtractionTest" name="summaryExtractionTest" time="17.903"/>
  <testcase classname="org.dewa.framework.sanitytestcases.SummaryDataExtractionTest" name="summaryExtractionTest" time="18.788"/>
  <testcase classname="org.dewa.framework.sanitytestcases.SummaryDataExtractionTest" name="summaryExtractionTest" time="17.277"/>
  <testcase classname="org.dewa.framework.sanitytestcases.SummaryDataExtractionTest" name="summaryExtractionTest" time="17.992"/>
  <testcase classname="org.dewa.framework.sanitytestcases.SummaryDataExtractionTest" name="summaryExtractionTest" time="18.082"/>
  <testcase classname="org.dewa.framework.sanitytestcases.SummaryDataExtractionTest" name="summaryExtractionTest" time="17.627"/>
  <testcase classname="org.dewa.framework.sanitytestcases.SummaryDataExtractionTest" name="summaryExtractionTest" time="17.001"/>
  <testcase classname="org.dewa.framework.sanitytestcases.SummaryDataExtractionTest" name="summaryExtractionTest" time="17.004"/>
  <testcase classname="org.dewa.framework.sanitytestcases.SummaryDataExtractionTest" name="summaryExtractionTest" time="17.039"/>
  <testcase classname="org.dewa.framework.sanitytestcases.SummaryDataExtractionTest" name="summaryExtractionTest" time="17.010"/>
  <testcase classname="org.dewa.framework.sanitytestcases.SummaryDataExtractionTest" name="summaryExtractionTest" time="17.502"/>
  <testcase classname="org.dewa.framework.sanitytestcases.SummaryDataExtractionTest" name="summaryExtractionTest" time="17.168"/>
  <testcase classname="org.dewa.framework.sanitytestcases.SummaryDataExtractionTest" name="summaryExtractionTest" time="18.261"/>
  <testcase classname="org.dewa.framework.sanitytestcases.SummaryDataExtractionTest" name="summaryExtractionTest" time="17.440"/>
  <testcase classname="org.dewa.framework.sanitytestcases.SummaryDataExtractionTest" name="summaryExtractionTest" time="17.002"/>
  <testcase classname="org.dewa.framework.sanitytestcases.SummaryDataExtractionTest" name="summaryExtractionTest" time="25.045"/>
  <testcase classname="org.dewa.framework.sanitytestcases.SummaryDataExtractionTest" name="summaryExtractionTest" time="18.318"/>
  <testcase classname="org.dewa.framework.sanitytestcases.SummaryDataExtractionTest" name="summaryExtractionTest" time="17.411"/>
  <testcase classname="org.dewa.framework.sanitytestcases.SummaryDataExtractionTest" name="summaryExtractionTest" time="18.348"/>
  <testcase classname="org.dewa.framework.sanitytestcases.SummaryDataExtractionTest" name="summaryExtractionTest" time="17.004"/>
  <testcase classname="org.dewa.framework.sanitytestcases.SummaryDataExtractionTest" name="summaryExtractionTest" time="18.186"/>
  <testcase classname="org.dewa.framework.sanitytestcases.SummaryDataExtractionTest" name="summaryExtractionTest" time="17.817"/>
  <testcase classname="org.dewa.framework.sanitytestcases.SummaryDataExtractionTest" name="summaryExtractionTest" time="17.882"/>
  <testcase classname="org.dewa.framework.sanitytestcases.SummaryDataExtractionTest" name="summaryExtractionTest" time="17.180"/>
</testsuite> <!-- org.dewa.framework.sanitytestcases.SummaryDataExtractionTest -->
