<?xml version="1.0" encoding="UTF-8"?>
<!-- Generated by org.testng.reporters.JUnitReportReporter -->
<testsuite hostname="DESKTOP-82MSA1R" failures="0" tests="11" name="org.dewa.framework.regressiontestcases.CloneProject_BMX_Test" time="344.670" errors="0" timestamp="2025-06-10T17:05:29 IST" skipped="0">
  <testcase classname="org.dewa.framework.regressiontestcases.CloneProject_BMX_Test" name="createProjectUsingBmxTest" time="107.566"/>
  <testcase classname="org.dewa.framework.regressiontestcases.CloneProject_BMX_Test" name="verifyProjectModuleUploadTest" time="29.730"/>
  <testcase classname="org.dewa.framework.regressiontestcases.CloneProject_BMX_Test" name="verifyDataModelModuleUploadTest" time="72.055"/>
  <testcase classname="org.dewa.framework.regressiontestcases.CloneProject_BMX_Test" name="verifyAutomationUploadTest" time="24.264"/>
  <testcase classname="org.dewa.framework.regressiontestcases.CloneProject_BMX_Test" name="verifySearchModuleUploadTest" time="16.086"/>
  <testcase classname="org.dewa.framework.regressiontestcases.CloneProject_BMX_Test" name="verifyChatModuleUploadTest" time="15.887"/>
  <testcase classname="org.dewa.framework.regressiontestcases.CloneProject_BMX_Test" name="verifyIntelligenceModuleUploadTest" time="20.397"/>
  <testcase classname="org.dewa.framework.regressiontestcases.CloneProject_BMX_Test" name="verifyAiBuilderModuleUploadTest" time="12.800"/>
  <testcase classname="org.dewa.framework.regressiontestcases.CloneProject_BMX_Test" name="verifyAgentBuilderModuleUploadTest" time="19.000"/>
  <testcase classname="org.dewa.framework.regressiontestcases.CloneProject_BMX_Test" name="verifyAssetBuilderModuleUploadTest" time="13.041"/>
  <testcase classname="org.dewa.framework.regressiontestcases.CloneProject_BMX_Test" name="verifyDataLakeModuleUploadTest" time="13.844"/>
</testsuite> <!-- org.dewa.framework.regressiontestcases.CloneProject_BMX_Test -->
