<?xml version="1.0" encoding="UTF-8"?>
<!-- Generated by org.testng.reporters.JUnitReportReporter -->
<testsuite hostname="Manoj_Kumar_M" failures="0" tests="436" name="org.dewa.framework.sanitytestcases.SummaryDataExtraction" time="11352.004" errors="0" timestamp="2025-02-18T01:41:32 IST" skipped="0">
  <testcase classname="org.dewa.framework.sanitytestcases.SummaryDataExtraction" name="summaryExtractionTest" time="25.892"/>
  <testcase classname="org.dewa.framework.sanitytestcases.SummaryDataExtraction" name="summaryExtractionTest" time="24.771"/>
  <testcase classname="org.dewa.framework.sanitytestcases.SummaryDataExtraction" name="summaryExtractionTest" time="26.184"/>
  <testcase classname="org.dewa.framework.sanitytestcases.SummaryDataExtraction" name="summaryExtractionTest" time="26.381"/>
  <testcase classname="org.dewa.framework.sanitytestcases.SummaryDataExtraction" name="summaryExtractionTest" time="25.188"/>
  <testcase classname="org.dewa.framework.sanitytestcases.SummaryDataExtraction" name="summaryExtractionTest" time="25.087"/>
  <testcase classname="org.dewa.framework.sanitytestcases.SummaryDataExtraction" name="summaryExtractionTest" time="26.513"/>
  <testcase classname="org.dewa.framework.sanitytestcases.SummaryDataExtraction" name="summaryExtractionTest" time="26.062"/>
  <testcase classname="org.dewa.framework.sanitytestcases.SummaryDataExtraction" name="summaryExtractionTest" time="26.491"/>
  <testcase classname="org.dewa.framework.sanitytestcases.SummaryDataExtraction" name="summaryExtractionTest" time="26.639"/>
  <testcase classname="org.dewa.framework.sanitytestcases.SummaryDataExtraction" name="summaryExtractionTest" time="25.989"/>
  <testcase classname="org.dewa.framework.sanitytestcases.SummaryDataExtraction" name="summaryExtractionTest" time="25.851"/>
  <testcase classname="org.dewa.framework.sanitytestcases.SummaryDataExtraction" name="summaryExtractionTest" time="26.162"/>
  <testcase classname="org.dewa.framework.sanitytestcases.SummaryDataExtraction" name="summaryExtractionTest" time="26.618"/>
  <testcase classname="org.dewa.framework.sanitytestcases.SummaryDataExtraction" name="summaryExtractionTest" time="25.945"/>
  <testcase classname="org.dewa.framework.sanitytestcases.SummaryDataExtraction" name="summaryExtractionTest" time="25.990"/>
  <testcase classname="org.dewa.framework.sanitytestcases.SummaryDataExtraction" name="summaryExtractionTest" time="26.269"/>
  <testcase classname="org.dewa.framework.sanitytestcases.SummaryDataExtraction" name="summaryExtractionTest" time="24.282"/>
  <testcase classname="org.dewa.framework.sanitytestcases.SummaryDataExtraction" name="summaryExtractionTest" time="25.705"/>
  <testcase classname="org.dewa.framework.sanitytestcases.SummaryDataExtraction" name="summaryExtractionTest" time="26.046"/>
  <testcase classname="org.dewa.framework.sanitytestcases.SummaryDataExtraction" name="summaryExtractionTest" time="25.804"/>
  <testcase classname="org.dewa.framework.sanitytestcases.SummaryDataExtraction" name="summaryExtractionTest" time="26.202"/>
  <testcase classname="org.dewa.framework.sanitytestcases.SummaryDataExtraction" name="summaryExtractionTest" time="26.293"/>
  <testcase classname="org.dewa.framework.sanitytestcases.SummaryDataExtraction" name="summaryExtractionTest" time="25.373"/>
  <testcase classname="org.dewa.framework.sanitytestcases.SummaryDataExtraction" name="summaryExtractionTest" time="25.843"/>
  <testcase classname="org.dewa.framework.sanitytestcases.SummaryDataExtraction" name="summaryExtractionTest" time="25.927"/>
  <testcase classname="org.dewa.framework.sanitytestcases.SummaryDataExtraction" name="summaryExtractionTest" time="26.223"/>
  <testcase classname="org.dewa.framework.sanitytestcases.SummaryDataExtraction" name="summaryExtractionTest" time="26.118"/>
  <testcase classname="org.dewa.framework.sanitytestcases.SummaryDataExtraction" name="summaryExtractionTest" time="26.077"/>
  <testcase classname="org.dewa.framework.sanitytestcases.SummaryDataExtraction" name="summaryExtractionTest" time="25.245"/>
  <testcase classname="org.dewa.framework.sanitytestcases.SummaryDataExtraction" name="summaryExtractionTest" time="26.150"/>
  <testcase classname="org.dewa.framework.sanitytestcases.SummaryDataExtraction" name="summaryExtractionTest" time="25.226"/>
  <testcase classname="org.dewa.framework.sanitytestcases.SummaryDataExtraction" name="summaryExtractionTest" time="25.472"/>
  <testcase classname="org.dewa.framework.sanitytestcases.SummaryDataExtraction" name="summaryExtractionTest" time="26.203"/>
  <testcase classname="org.dewa.framework.sanitytestcases.SummaryDataExtraction" name="summaryExtractionTest" time="25.693"/>
  <testcase classname="org.dewa.framework.sanitytestcases.SummaryDataExtraction" name="summaryExtractionTest" time="25.701"/>
  <testcase classname="org.dewa.framework.sanitytestcases.SummaryDataExtraction" name="summaryExtractionTest" time="25.888"/>
  <testcase classname="org.dewa.framework.sanitytestcases.SummaryDataExtraction" name="summaryExtractionTest" time="26.232"/>
  <testcase classname="org.dewa.framework.sanitytestcases.SummaryDataExtraction" name="summaryExtractionTest" time="26.139"/>
  <testcase classname="org.dewa.framework.sanitytestcases.SummaryDataExtraction" name="summaryExtractionTest" time="26.146"/>
  <testcase classname="org.dewa.framework.sanitytestcases.SummaryDataExtraction" name="summaryExtractionTest" time="26.274"/>
  <testcase classname="org.dewa.framework.sanitytestcases.SummaryDataExtraction" name="summaryExtractionTest" time="25.228"/>
  <testcase classname="org.dewa.framework.sanitytestcases.SummaryDataExtraction" name="summaryExtractionTest" time="26.049"/>
  <testcase classname="org.dewa.framework.sanitytestcases.SummaryDataExtraction" name="summaryExtractionTest" time="26.710"/>
  <testcase classname="org.dewa.framework.sanitytestcases.SummaryDataExtraction" name="summaryExtractionTest" time="26.398"/>
  <testcase classname="org.dewa.framework.sanitytestcases.SummaryDataExtraction" name="summaryExtractionTest" time="25.889"/>
  <testcase classname="org.dewa.framework.sanitytestcases.SummaryDataExtraction" name="summaryExtractionTest" time="25.897"/>
  <testcase classname="org.dewa.framework.sanitytestcases.SummaryDataExtraction" name="summaryExtractionTest" time="26.052"/>
  <testcase classname="org.dewa.framework.sanitytestcases.SummaryDataExtraction" name="summaryExtractionTest" time="26.062"/>
  <testcase classname="org.dewa.framework.sanitytestcases.SummaryDataExtraction" name="summaryExtractionTest" time="25.779"/>
  <testcase classname="org.dewa.framework.sanitytestcases.SummaryDataExtraction" name="summaryExtractionTest" time="24.661"/>
  <testcase classname="org.dewa.framework.sanitytestcases.SummaryDataExtraction" name="summaryExtractionTest" time="26.140"/>
  <testcase classname="org.dewa.framework.sanitytestcases.SummaryDataExtraction" name="summaryExtractionTest" time="26.239"/>
  <testcase classname="org.dewa.framework.sanitytestcases.SummaryDataExtraction" name="summaryExtractionTest" time="26.204"/>
  <testcase classname="org.dewa.framework.sanitytestcases.SummaryDataExtraction" name="summaryExtractionTest" time="26.454"/>
  <testcase classname="org.dewa.framework.sanitytestcases.SummaryDataExtraction" name="summaryExtractionTest" time="25.921"/>
  <testcase classname="org.dewa.framework.sanitytestcases.SummaryDataExtraction" name="summaryExtractionTest" time="26.358"/>
  <testcase classname="org.dewa.framework.sanitytestcases.SummaryDataExtraction" name="summaryExtractionTest" time="25.879"/>
  <testcase classname="org.dewa.framework.sanitytestcases.SummaryDataExtraction" name="summaryExtractionTest" time="25.937"/>
  <testcase classname="org.dewa.framework.sanitytestcases.SummaryDataExtraction" name="summaryExtractionTest" time="26.061"/>
  <testcase classname="org.dewa.framework.sanitytestcases.SummaryDataExtraction" name="summaryExtractionTest" time="26.224"/>
  <testcase classname="org.dewa.framework.sanitytestcases.SummaryDataExtraction" name="summaryExtractionTest" time="25.437"/>
  <testcase classname="org.dewa.framework.sanitytestcases.SummaryDataExtraction" name="summaryExtractionTest" time="26.523"/>
  <testcase classname="org.dewa.framework.sanitytestcases.SummaryDataExtraction" name="summaryExtractionTest" time="25.224"/>
  <testcase classname="org.dewa.framework.sanitytestcases.SummaryDataExtraction" name="summaryExtractionTest" time="24.827"/>
  <testcase classname="org.dewa.framework.sanitytestcases.SummaryDataExtraction" name="summaryExtractionTest" time="26.136"/>
  <testcase classname="org.dewa.framework.sanitytestcases.SummaryDataExtraction" name="summaryExtractionTest" time="25.141"/>
  <testcase classname="org.dewa.framework.sanitytestcases.SummaryDataExtraction" name="summaryExtractionTest" time="25.923"/>
  <testcase classname="org.dewa.framework.sanitytestcases.SummaryDataExtraction" name="summaryExtractionTest" time="31.371"/>
  <testcase classname="org.dewa.framework.sanitytestcases.SummaryDataExtraction" name="summaryExtractionTest" time="26.103"/>
  <testcase classname="org.dewa.framework.sanitytestcases.SummaryDataExtraction" name="summaryExtractionTest" time="26.027"/>
  <testcase classname="org.dewa.framework.sanitytestcases.SummaryDataExtraction" name="summaryExtractionTest" time="26.159"/>
  <testcase classname="org.dewa.framework.sanitytestcases.SummaryDataExtraction" name="summaryExtractionTest" time="26.925"/>
  <testcase classname="org.dewa.framework.sanitytestcases.SummaryDataExtraction" name="summaryExtractionTest" time="26.370"/>
  <testcase classname="org.dewa.framework.sanitytestcases.SummaryDataExtraction" name="summaryExtractionTest" time="25.984"/>
  <testcase classname="org.dewa.framework.sanitytestcases.SummaryDataExtraction" name="summaryExtractionTest" time="25.846"/>
  <testcase classname="org.dewa.framework.sanitytestcases.SummaryDataExtraction" name="summaryExtractionTest" time="25.912"/>
  <testcase classname="org.dewa.framework.sanitytestcases.SummaryDataExtraction" name="summaryExtractionTest" time="26.445"/>
  <testcase classname="org.dewa.framework.sanitytestcases.SummaryDataExtraction" name="summaryExtractionTest" time="25.981"/>
  <testcase classname="org.dewa.framework.sanitytestcases.SummaryDataExtraction" name="summaryExtractionTest" time="26.188"/>
  <testcase classname="org.dewa.framework.sanitytestcases.SummaryDataExtraction" name="summaryExtractionTest" time="25.832"/>
  <testcase classname="org.dewa.framework.sanitytestcases.SummaryDataExtraction" name="summaryExtractionTest" time="26.091"/>
  <testcase classname="org.dewa.framework.sanitytestcases.SummaryDataExtraction" name="summaryExtractionTest" time="26.077"/>
  <testcase classname="org.dewa.framework.sanitytestcases.SummaryDataExtraction" name="summaryExtractionTest" time="24.878"/>
  <testcase classname="org.dewa.framework.sanitytestcases.SummaryDataExtraction" name="summaryExtractionTest" time="26.169"/>
  <testcase classname="org.dewa.framework.sanitytestcases.SummaryDataExtraction" name="summaryExtractionTest" time="26.217"/>
  <testcase classname="org.dewa.framework.sanitytestcases.SummaryDataExtraction" name="summaryExtractionTest" time="26.394"/>
  <testcase classname="org.dewa.framework.sanitytestcases.SummaryDataExtraction" name="summaryExtractionTest" time="25.813"/>
  <testcase classname="org.dewa.framework.sanitytestcases.SummaryDataExtraction" name="summaryExtractionTest" time="25.887"/>
  <testcase classname="org.dewa.framework.sanitytestcases.SummaryDataExtraction" name="summaryExtractionTest" time="25.956"/>
  <testcase classname="org.dewa.framework.sanitytestcases.SummaryDataExtraction" name="summaryExtractionTest" time="26.676"/>
  <testcase classname="org.dewa.framework.sanitytestcases.SummaryDataExtraction" name="summaryExtractionTest" time="31.423"/>
  <testcase classname="org.dewa.framework.sanitytestcases.SummaryDataExtraction" name="summaryExtractionTest" time="25.954"/>
  <testcase classname="org.dewa.framework.sanitytestcases.SummaryDataExtraction" name="summaryExtractionTest" time="25.706"/>
  <testcase classname="org.dewa.framework.sanitytestcases.SummaryDataExtraction" name="summaryExtractionTest" time="26.309"/>
  <testcase classname="org.dewa.framework.sanitytestcases.SummaryDataExtraction" name="summaryExtractionTest" time="26.341"/>
  <testcase classname="org.dewa.framework.sanitytestcases.SummaryDataExtraction" name="summaryExtractionTest" time="25.827"/>
  <testcase classname="org.dewa.framework.sanitytestcases.SummaryDataExtraction" name="summaryExtractionTest" time="26.126"/>
  <testcase classname="org.dewa.framework.sanitytestcases.SummaryDataExtraction" name="summaryExtractionTest" time="26.318"/>
  <testcase classname="org.dewa.framework.sanitytestcases.SummaryDataExtraction" name="summaryExtractionTest" time="26.411"/>
  <testcase classname="org.dewa.framework.sanitytestcases.SummaryDataExtraction" name="summaryExtractionTest" time="26.178"/>
  <testcase classname="org.dewa.framework.sanitytestcases.SummaryDataExtraction" name="summaryExtractionTest" time="26.085"/>
  <testcase classname="org.dewa.framework.sanitytestcases.SummaryDataExtraction" name="summaryExtractionTest" time="26.122"/>
  <testcase classname="org.dewa.framework.sanitytestcases.SummaryDataExtraction" name="summaryExtractionTest" time="26.253"/>
  <testcase classname="org.dewa.framework.sanitytestcases.SummaryDataExtraction" name="summaryExtractionTest" time="26.173"/>
  <testcase classname="org.dewa.framework.sanitytestcases.SummaryDataExtraction" name="summaryExtractionTest" time="24.821"/>
  <testcase classname="org.dewa.framework.sanitytestcases.SummaryDataExtraction" name="summaryExtractionTest" time="25.840"/>
  <testcase classname="org.dewa.framework.sanitytestcases.SummaryDataExtraction" name="summaryExtractionTest" time="25.940"/>
  <testcase classname="org.dewa.framework.sanitytestcases.SummaryDataExtraction" name="summaryExtractionTest" time="26.535"/>
  <testcase classname="org.dewa.framework.sanitytestcases.SummaryDataExtraction" name="summaryExtractionTest" time="26.610"/>
  <testcase classname="org.dewa.framework.sanitytestcases.SummaryDataExtraction" name="summaryExtractionTest" time="26.534"/>
  <testcase classname="org.dewa.framework.sanitytestcases.SummaryDataExtraction" name="summaryExtractionTest" time="25.864"/>
  <testcase classname="org.dewa.framework.sanitytestcases.SummaryDataExtraction" name="summaryExtractionTest" time="25.561"/>
  <testcase classname="org.dewa.framework.sanitytestcases.SummaryDataExtraction" name="summaryExtractionTest" time="26.156"/>
  <testcase classname="org.dewa.framework.sanitytestcases.SummaryDataExtraction" name="summaryExtractionTest" time="24.536"/>
  <testcase classname="org.dewa.framework.sanitytestcases.SummaryDataExtraction" name="summaryExtractionTest" time="25.733"/>
  <testcase classname="org.dewa.framework.sanitytestcases.SummaryDataExtraction" name="summaryExtractionTest" time="25.628"/>
  <testcase classname="org.dewa.framework.sanitytestcases.SummaryDataExtraction" name="summaryExtractionTest" time="25.766"/>
  <testcase classname="org.dewa.framework.sanitytestcases.SummaryDataExtraction" name="summaryExtractionTest" time="25.964"/>
  <testcase classname="org.dewa.framework.sanitytestcases.SummaryDataExtraction" name="summaryExtractionTest" time="25.598"/>
  <testcase classname="org.dewa.framework.sanitytestcases.SummaryDataExtraction" name="summaryExtractionTest" time="26.001"/>
  <testcase classname="org.dewa.framework.sanitytestcases.SummaryDataExtraction" name="summaryExtractionTest" time="23.780"/>
  <testcase classname="org.dewa.framework.sanitytestcases.SummaryDataExtraction" name="summaryExtractionTest" time="25.889"/>
  <testcase classname="org.dewa.framework.sanitytestcases.SummaryDataExtraction" name="summaryExtractionTest" time="26.107"/>
  <testcase classname="org.dewa.framework.sanitytestcases.SummaryDataExtraction" name="summaryExtractionTest" time="26.350"/>
  <testcase classname="org.dewa.framework.sanitytestcases.SummaryDataExtraction" name="summaryExtractionTest" time="24.796"/>
  <testcase classname="org.dewa.framework.sanitytestcases.SummaryDataExtraction" name="summaryExtractionTest" time="26.022"/>
  <testcase classname="org.dewa.framework.sanitytestcases.SummaryDataExtraction" name="summaryExtractionTest" time="26.091"/>
  <testcase classname="org.dewa.framework.sanitytestcases.SummaryDataExtraction" name="summaryExtractionTest" time="25.869"/>
  <testcase classname="org.dewa.framework.sanitytestcases.SummaryDataExtraction" name="summaryExtractionTest" time="26.308"/>
  <testcase classname="org.dewa.framework.sanitytestcases.SummaryDataExtraction" name="summaryExtractionTest" time="25.984"/>
  <testcase classname="org.dewa.framework.sanitytestcases.SummaryDataExtraction" name="summaryExtractionTest" time="24.998"/>
  <testcase classname="org.dewa.framework.sanitytestcases.SummaryDataExtraction" name="summaryExtractionTest" time="24.496"/>
  <testcase classname="org.dewa.framework.sanitytestcases.SummaryDataExtraction" name="summaryExtractionTest" time="25.910"/>
  <testcase classname="org.dewa.framework.sanitytestcases.SummaryDataExtraction" name="summaryExtractionTest" time="26.370"/>
  <testcase classname="org.dewa.framework.sanitytestcases.SummaryDataExtraction" name="summaryExtractionTest" time="25.930"/>
  <testcase classname="org.dewa.framework.sanitytestcases.SummaryDataExtraction" name="summaryExtractionTest" time="28.038"/>
  <testcase classname="org.dewa.framework.sanitytestcases.SummaryDataExtraction" name="summaryExtractionTest" time="26.122"/>
  <testcase classname="org.dewa.framework.sanitytestcases.SummaryDataExtraction" name="summaryExtractionTest" time="26.145"/>
  <testcase classname="org.dewa.framework.sanitytestcases.SummaryDataExtraction" name="summaryExtractionTest" time="26.478"/>
  <testcase classname="org.dewa.framework.sanitytestcases.SummaryDataExtraction" name="summaryExtractionTest" time="26.119"/>
  <testcase classname="org.dewa.framework.sanitytestcases.SummaryDataExtraction" name="summaryExtractionTest" time="25.964"/>
  <testcase classname="org.dewa.framework.sanitytestcases.SummaryDataExtraction" name="summaryExtractionTest" time="26.040"/>
  <testcase classname="org.dewa.framework.sanitytestcases.SummaryDataExtraction" name="summaryExtractionTest" time="25.998"/>
  <testcase classname="org.dewa.framework.sanitytestcases.SummaryDataExtraction" name="summaryExtractionTest" time="25.075"/>
  <testcase classname="org.dewa.framework.sanitytestcases.SummaryDataExtraction" name="summaryExtractionTest" time="26.389"/>
  <testcase classname="org.dewa.framework.sanitytestcases.SummaryDataExtraction" name="summaryExtractionTest" time="25.981"/>
  <testcase classname="org.dewa.framework.sanitytestcases.SummaryDataExtraction" name="summaryExtractionTest" time="26.016"/>
  <testcase classname="org.dewa.framework.sanitytestcases.SummaryDataExtraction" name="summaryExtractionTest" time="26.081"/>
  <testcase classname="org.dewa.framework.sanitytestcases.SummaryDataExtraction" name="summaryExtractionTest" time="26.561"/>
  <testcase classname="org.dewa.framework.sanitytestcases.SummaryDataExtraction" name="summaryExtractionTest" time="26.335"/>
  <testcase classname="org.dewa.framework.sanitytestcases.SummaryDataExtraction" name="summaryExtractionTest" time="26.533"/>
  <testcase classname="org.dewa.framework.sanitytestcases.SummaryDataExtraction" name="summaryExtractionTest" time="26.037"/>
  <testcase classname="org.dewa.framework.sanitytestcases.SummaryDataExtraction" name="summaryExtractionTest" time="26.108"/>
  <testcase classname="org.dewa.framework.sanitytestcases.SummaryDataExtraction" name="summaryExtractionTest" time="26.053"/>
  <testcase classname="org.dewa.framework.sanitytestcases.SummaryDataExtraction" name="summaryExtractionTest" time="26.197"/>
  <testcase classname="org.dewa.framework.sanitytestcases.SummaryDataExtraction" name="summaryExtractionTest" time="26.314"/>
  <testcase classname="org.dewa.framework.sanitytestcases.SummaryDataExtraction" name="summaryExtractionTest" time="26.365"/>
  <testcase classname="org.dewa.framework.sanitytestcases.SummaryDataExtraction" name="summaryExtractionTest" time="26.001"/>
  <testcase classname="org.dewa.framework.sanitytestcases.SummaryDataExtraction" name="summaryExtractionTest" time="25.822"/>
  <testcase classname="org.dewa.framework.sanitytestcases.SummaryDataExtraction" name="summaryExtractionTest" time="25.143"/>
  <testcase classname="org.dewa.framework.sanitytestcases.SummaryDataExtraction" name="summaryExtractionTest" time="26.304"/>
  <testcase classname="org.dewa.framework.sanitytestcases.SummaryDataExtraction" name="summaryExtractionTest" time="26.586"/>
  <testcase classname="org.dewa.framework.sanitytestcases.SummaryDataExtraction" name="summaryExtractionTest" time="25.964"/>
  <testcase classname="org.dewa.framework.sanitytestcases.SummaryDataExtraction" name="summaryExtractionTest" time="25.890"/>
  <testcase classname="org.dewa.framework.sanitytestcases.SummaryDataExtraction" name="summaryExtractionTest" time="25.084"/>
  <testcase classname="org.dewa.framework.sanitytestcases.SummaryDataExtraction" name="summaryExtractionTest" time="26.566"/>
  <testcase classname="org.dewa.framework.sanitytestcases.SummaryDataExtraction" name="summaryExtractionTest" time="26.015"/>
  <testcase classname="org.dewa.framework.sanitytestcases.SummaryDataExtraction" name="summaryExtractionTest" time="26.103"/>
  <testcase classname="org.dewa.framework.sanitytestcases.SummaryDataExtraction" name="summaryExtractionTest" time="25.856"/>
  <testcase classname="org.dewa.framework.sanitytestcases.SummaryDataExtraction" name="summaryExtractionTest" time="26.093"/>
  <testcase classname="org.dewa.framework.sanitytestcases.SummaryDataExtraction" name="summaryExtractionTest" time="28.045"/>
  <testcase classname="org.dewa.framework.sanitytestcases.SummaryDataExtraction" name="summaryExtractionTest" time="24.602"/>
  <testcase classname="org.dewa.framework.sanitytestcases.SummaryDataExtraction" name="summaryExtractionTest" time="26.034"/>
  <testcase classname="org.dewa.framework.sanitytestcases.SummaryDataExtraction" name="summaryExtractionTest" time="26.170"/>
  <testcase classname="org.dewa.framework.sanitytestcases.SummaryDataExtraction" name="summaryExtractionTest" time="26.349"/>
  <testcase classname="org.dewa.framework.sanitytestcases.SummaryDataExtraction" name="summaryExtractionTest" time="26.972"/>
  <testcase classname="org.dewa.framework.sanitytestcases.SummaryDataExtraction" name="summaryExtractionTest" time="26.483"/>
  <testcase classname="org.dewa.framework.sanitytestcases.SummaryDataExtraction" name="summaryExtractionTest" time="25.882"/>
  <testcase classname="org.dewa.framework.sanitytestcases.SummaryDataExtraction" name="summaryExtractionTest" time="24.906"/>
  <testcase classname="org.dewa.framework.sanitytestcases.SummaryDataExtraction" name="summaryExtractionTest" time="26.595"/>
  <testcase classname="org.dewa.framework.sanitytestcases.SummaryDataExtraction" name="summaryExtractionTest" time="25.808"/>
  <testcase classname="org.dewa.framework.sanitytestcases.SummaryDataExtraction" name="summaryExtractionTest" time="25.896"/>
  <testcase classname="org.dewa.framework.sanitytestcases.SummaryDataExtraction" name="summaryExtractionTest" time="26.749"/>
  <testcase classname="org.dewa.framework.sanitytestcases.SummaryDataExtraction" name="summaryExtractionTest" time="25.965"/>
  <testcase classname="org.dewa.framework.sanitytestcases.SummaryDataExtraction" name="summaryExtractionTest" time="25.831"/>
  <testcase classname="org.dewa.framework.sanitytestcases.SummaryDataExtraction" name="summaryExtractionTest" time="26.080"/>
  <testcase classname="org.dewa.framework.sanitytestcases.SummaryDataExtraction" name="summaryExtractionTest" time="25.784"/>
  <testcase classname="org.dewa.framework.sanitytestcases.SummaryDataExtraction" name="summaryExtractionTest" time="26.372"/>
  <testcase classname="org.dewa.framework.sanitytestcases.SummaryDataExtraction" name="summaryExtractionTest" time="25.906"/>
  <testcase classname="org.dewa.framework.sanitytestcases.SummaryDataExtraction" name="summaryExtractionTest" time="26.016"/>
  <testcase classname="org.dewa.framework.sanitytestcases.SummaryDataExtraction" name="summaryExtractionTest" time="25.957"/>
  <testcase classname="org.dewa.framework.sanitytestcases.SummaryDataExtraction" name="summaryExtractionTest" time="26.620"/>
  <testcase classname="org.dewa.framework.sanitytestcases.SummaryDataExtraction" name="summaryExtractionTest" time="25.786"/>
  <testcase classname="org.dewa.framework.sanitytestcases.SummaryDataExtraction" name="summaryExtractionTest" time="26.233"/>
  <testcase classname="org.dewa.framework.sanitytestcases.SummaryDataExtraction" name="summaryExtractionTest" time="26.400"/>
  <testcase classname="org.dewa.framework.sanitytestcases.SummaryDataExtraction" name="summaryExtractionTest" time="25.843"/>
  <testcase classname="org.dewa.framework.sanitytestcases.SummaryDataExtraction" name="summaryExtractionTest" time="25.921"/>
  <testcase classname="org.dewa.framework.sanitytestcases.SummaryDataExtraction" name="summaryExtractionTest" time="24.978"/>
  <testcase classname="org.dewa.framework.sanitytestcases.SummaryDataExtraction" name="summaryExtractionTest" time="26.025"/>
  <testcase classname="org.dewa.framework.sanitytestcases.SummaryDataExtraction" name="summaryExtractionTest" time="26.229"/>
  <testcase classname="org.dewa.framework.sanitytestcases.SummaryDataExtraction" name="summaryExtractionTest" time="25.776"/>
  <testcase classname="org.dewa.framework.sanitytestcases.SummaryDataExtraction" name="summaryExtractionTest" time="26.180"/>
  <testcase classname="org.dewa.framework.sanitytestcases.SummaryDataExtraction" name="summaryExtractionTest" time="25.795"/>
  <testcase classname="org.dewa.framework.sanitytestcases.SummaryDataExtraction" name="summaryExtractionTest" time="26.185"/>
  <testcase classname="org.dewa.framework.sanitytestcases.SummaryDataExtraction" name="summaryExtractionTest" time="25.990"/>
  <testcase classname="org.dewa.framework.sanitytestcases.SummaryDataExtraction" name="summaryExtractionTest" time="26.390"/>
  <testcase classname="org.dewa.framework.sanitytestcases.SummaryDataExtraction" name="summaryExtractionTest" time="26.424"/>
  <testcase classname="org.dewa.framework.sanitytestcases.SummaryDataExtraction" name="summaryExtractionTest" time="26.253"/>
  <testcase classname="org.dewa.framework.sanitytestcases.SummaryDataExtraction" name="summaryExtractionTest" time="26.595"/>
  <testcase classname="org.dewa.framework.sanitytestcases.SummaryDataExtraction" name="summaryExtractionTest" time="25.079"/>
  <testcase classname="org.dewa.framework.sanitytestcases.SummaryDataExtraction" name="summaryExtractionTest" time="26.234"/>
  <testcase classname="org.dewa.framework.sanitytestcases.SummaryDataExtraction" name="summaryExtractionTest" time="25.780"/>
  <testcase classname="org.dewa.framework.sanitytestcases.SummaryDataExtraction" name="summaryExtractionTest" time="25.805"/>
  <testcase classname="org.dewa.framework.sanitytestcases.SummaryDataExtraction" name="summaryExtractionTest" time="25.974"/>
  <testcase classname="org.dewa.framework.sanitytestcases.SummaryDataExtraction" name="summaryExtractionTest" time="26.013"/>
  <testcase classname="org.dewa.framework.sanitytestcases.SummaryDataExtraction" name="summaryExtractionTest" time="25.994"/>
  <testcase classname="org.dewa.framework.sanitytestcases.SummaryDataExtraction" name="summaryExtractionTest" time="26.682"/>
  <testcase classname="org.dewa.framework.sanitytestcases.SummaryDataExtraction" name="summaryExtractionTest" time="26.022"/>
  <testcase classname="org.dewa.framework.sanitytestcases.SummaryDataExtraction" name="summaryExtractionTest" time="25.611"/>
  <testcase classname="org.dewa.framework.sanitytestcases.SummaryDataExtraction" name="summaryExtractionTest" time="25.889"/>
  <testcase classname="org.dewa.framework.sanitytestcases.SummaryDataExtraction" name="summaryExtractionTest" time="26.033"/>
  <testcase classname="org.dewa.framework.sanitytestcases.SummaryDataExtraction" name="summaryExtractionTest" time="26.187"/>
  <testcase classname="org.dewa.framework.sanitytestcases.SummaryDataExtraction" name="summaryExtractionTest" time="26.208"/>
  <testcase classname="org.dewa.framework.sanitytestcases.SummaryDataExtraction" name="summaryExtractionTest" time="25.605"/>
  <testcase classname="org.dewa.framework.sanitytestcases.SummaryDataExtraction" name="summaryExtractionTest" time="26.196"/>
  <testcase classname="org.dewa.framework.sanitytestcases.SummaryDataExtraction" name="summaryExtractionTest" time="25.926"/>
  <testcase classname="org.dewa.framework.sanitytestcases.SummaryDataExtraction" name="summaryExtractionTest" time="25.912"/>
  <testcase classname="org.dewa.framework.sanitytestcases.SummaryDataExtraction" name="summaryExtractionTest" time="25.956"/>
  <testcase classname="org.dewa.framework.sanitytestcases.SummaryDataExtraction" name="summaryExtractionTest" time="25.997"/>
  <testcase classname="org.dewa.framework.sanitytestcases.SummaryDataExtraction" name="summaryExtractionTest" time="24.477"/>
  <testcase classname="org.dewa.framework.sanitytestcases.SummaryDataExtraction" name="summaryExtractionTest" time="26.395"/>
  <testcase classname="org.dewa.framework.sanitytestcases.SummaryDataExtraction" name="summaryExtractionTest" time="26.017"/>
  <testcase classname="org.dewa.framework.sanitytestcases.SummaryDataExtraction" name="summaryExtractionTest" time="26.154"/>
  <testcase classname="org.dewa.framework.sanitytestcases.SummaryDataExtraction" name="summaryExtractionTest" time="26.108"/>
  <testcase classname="org.dewa.framework.sanitytestcases.SummaryDataExtraction" name="summaryExtractionTest" time="25.889"/>
  <testcase classname="org.dewa.framework.sanitytestcases.SummaryDataExtraction" name="summaryExtractionTest" time="26.592"/>
  <testcase classname="org.dewa.framework.sanitytestcases.SummaryDataExtraction" name="summaryExtractionTest" time="25.595"/>
  <testcase classname="org.dewa.framework.sanitytestcases.SummaryDataExtraction" name="summaryExtractionTest" time="26.357"/>
  <testcase classname="org.dewa.framework.sanitytestcases.SummaryDataExtraction" name="summaryExtractionTest" time="26.736"/>
  <testcase classname="org.dewa.framework.sanitytestcases.SummaryDataExtraction" name="summaryExtractionTest" time="25.997"/>
  <testcase classname="org.dewa.framework.sanitytestcases.SummaryDataExtraction" name="summaryExtractionTest" time="26.393"/>
  <testcase classname="org.dewa.framework.sanitytestcases.SummaryDataExtraction" name="summaryExtractionTest" time="26.564"/>
  <testcase classname="org.dewa.framework.sanitytestcases.SummaryDataExtraction" name="summaryExtractionTest" time="26.197"/>
  <testcase classname="org.dewa.framework.sanitytestcases.SummaryDataExtraction" name="summaryExtractionTest" time="26.024"/>
  <testcase classname="org.dewa.framework.sanitytestcases.SummaryDataExtraction" name="summaryExtractionTest" time="26.112"/>
  <testcase classname="org.dewa.framework.sanitytestcases.SummaryDataExtraction" name="summaryExtractionTest" time="26.045"/>
  <testcase classname="org.dewa.framework.sanitytestcases.SummaryDataExtraction" name="summaryExtractionTest" time="25.882"/>
  <testcase classname="org.dewa.framework.sanitytestcases.SummaryDataExtraction" name="summaryExtractionTest" time="26.198"/>
  <testcase classname="org.dewa.framework.sanitytestcases.SummaryDataExtraction" name="summaryExtractionTest" time="25.790"/>
  <testcase classname="org.dewa.framework.sanitytestcases.SummaryDataExtraction" name="summaryExtractionTest" time="25.002"/>
  <testcase classname="org.dewa.framework.sanitytestcases.SummaryDataExtraction" name="summaryExtractionTest" time="26.544"/>
  <testcase classname="org.dewa.framework.sanitytestcases.SummaryDataExtraction" name="summaryExtractionTest" time="25.993"/>
  <testcase classname="org.dewa.framework.sanitytestcases.SummaryDataExtraction" name="summaryExtractionTest" time="25.890"/>
  <testcase classname="org.dewa.framework.sanitytestcases.SummaryDataExtraction" name="summaryExtractionTest" time="26.297"/>
  <testcase classname="org.dewa.framework.sanitytestcases.SummaryDataExtraction" name="summaryExtractionTest" time="25.526"/>
  <testcase classname="org.dewa.framework.sanitytestcases.SummaryDataExtraction" name="summaryExtractionTest" time="26.178"/>
  <testcase classname="org.dewa.framework.sanitytestcases.SummaryDataExtraction" name="summaryExtractionTest" time="26.121"/>
  <testcase classname="org.dewa.framework.sanitytestcases.SummaryDataExtraction" name="summaryExtractionTest" time="25.914"/>
  <testcase classname="org.dewa.framework.sanitytestcases.SummaryDataExtraction" name="summaryExtractionTest" time="25.871"/>
  <testcase classname="org.dewa.framework.sanitytestcases.SummaryDataExtraction" name="summaryExtractionTest" time="26.519"/>
  <testcase classname="org.dewa.framework.sanitytestcases.SummaryDataExtraction" name="summaryExtractionTest" time="26.493"/>
  <testcase classname="org.dewa.framework.sanitytestcases.SummaryDataExtraction" name="summaryExtractionTest" time="25.608"/>
  <testcase classname="org.dewa.framework.sanitytestcases.SummaryDataExtraction" name="summaryExtractionTest" time="25.712"/>
  <testcase classname="org.dewa.framework.sanitytestcases.SummaryDataExtraction" name="summaryExtractionTest" time="25.795"/>
  <testcase classname="org.dewa.framework.sanitytestcases.SummaryDataExtraction" name="summaryExtractionTest" time="26.017"/>
  <testcase classname="org.dewa.framework.sanitytestcases.SummaryDataExtraction" name="summaryExtractionTest" time="26.196"/>
  <testcase classname="org.dewa.framework.sanitytestcases.SummaryDataExtraction" name="summaryExtractionTest" time="25.967"/>
  <testcase classname="org.dewa.framework.sanitytestcases.SummaryDataExtraction" name="summaryExtractionTest" time="25.875"/>
  <testcase classname="org.dewa.framework.sanitytestcases.SummaryDataExtraction" name="summaryExtractionTest" time="26.357"/>
  <testcase classname="org.dewa.framework.sanitytestcases.SummaryDataExtraction" name="summaryExtractionTest" time="26.018"/>
  <testcase classname="org.dewa.framework.sanitytestcases.SummaryDataExtraction" name="summaryExtractionTest" time="26.422"/>
  <testcase classname="org.dewa.framework.sanitytestcases.SummaryDataExtraction" name="summaryExtractionTest" time="26.555"/>
  <testcase classname="org.dewa.framework.sanitytestcases.SummaryDataExtraction" name="summaryExtractionTest" time="26.142"/>
  <testcase classname="org.dewa.framework.sanitytestcases.SummaryDataExtraction" name="summaryExtractionTest" time="25.832"/>
  <testcase classname="org.dewa.framework.sanitytestcases.SummaryDataExtraction" name="summaryExtractionTest" time="25.976"/>
  <testcase classname="org.dewa.framework.sanitytestcases.SummaryDataExtraction" name="summaryExtractionTest" time="25.894"/>
  <testcase classname="org.dewa.framework.sanitytestcases.SummaryDataExtraction" name="summaryExtractionTest" time="25.479"/>
  <testcase classname="org.dewa.framework.sanitytestcases.SummaryDataExtraction" name="summaryExtractionTest" time="24.313"/>
  <testcase classname="org.dewa.framework.sanitytestcases.SummaryDataExtraction" name="summaryExtractionTest" time="25.980"/>
  <testcase classname="org.dewa.framework.sanitytestcases.SummaryDataExtraction" name="summaryExtractionTest" time="25.871"/>
  <testcase classname="org.dewa.framework.sanitytestcases.SummaryDataExtraction" name="summaryExtractionTest" time="25.815"/>
  <testcase classname="org.dewa.framework.sanitytestcases.SummaryDataExtraction" name="summaryExtractionTest" time="26.079"/>
  <testcase classname="org.dewa.framework.sanitytestcases.SummaryDataExtraction" name="summaryExtractionTest" time="25.926"/>
  <testcase classname="org.dewa.framework.sanitytestcases.SummaryDataExtraction" name="summaryExtractionTest" time="26.635"/>
  <testcase classname="org.dewa.framework.sanitytestcases.SummaryDataExtraction" name="summaryExtractionTest" time="26.029"/>
  <testcase classname="org.dewa.framework.sanitytestcases.SummaryDataExtraction" name="summaryExtractionTest" time="26.315"/>
  <testcase classname="org.dewa.framework.sanitytestcases.SummaryDataExtraction" name="summaryExtractionTest" time="26.119"/>
  <testcase classname="org.dewa.framework.sanitytestcases.SummaryDataExtraction" name="summaryExtractionTest" time="25.915"/>
  <testcase classname="org.dewa.framework.sanitytestcases.SummaryDataExtraction" name="summaryExtractionTest" time="31.298"/>
  <testcase classname="org.dewa.framework.sanitytestcases.SummaryDataExtraction" name="summaryExtractionTest" time="26.136"/>
  <testcase classname="org.dewa.framework.sanitytestcases.SummaryDataExtraction" name="summaryExtractionTest" time="25.853"/>
  <testcase classname="org.dewa.framework.sanitytestcases.SummaryDataExtraction" name="summaryExtractionTest" time="25.588"/>
  <testcase classname="org.dewa.framework.sanitytestcases.SummaryDataExtraction" name="summaryExtractionTest" time="25.704"/>
  <testcase classname="org.dewa.framework.sanitytestcases.SummaryDataExtraction" name="summaryExtractionTest" time="26.135"/>
  <testcase classname="org.dewa.framework.sanitytestcases.SummaryDataExtraction" name="summaryExtractionTest" time="25.761"/>
  <testcase classname="org.dewa.framework.sanitytestcases.SummaryDataExtraction" name="summaryExtractionTest" time="26.122"/>
  <testcase classname="org.dewa.framework.sanitytestcases.SummaryDataExtraction" name="summaryExtractionTest" time="26.057"/>
  <testcase classname="org.dewa.framework.sanitytestcases.SummaryDataExtraction" name="summaryExtractionTest" time="26.134"/>
  <testcase classname="org.dewa.framework.sanitytestcases.SummaryDataExtraction" name="summaryExtractionTest" time="26.057"/>
  <testcase classname="org.dewa.framework.sanitytestcases.SummaryDataExtraction" name="summaryExtractionTest" time="26.089"/>
  <testcase classname="org.dewa.framework.sanitytestcases.SummaryDataExtraction" name="summaryExtractionTest" time="26.007"/>
  <testcase classname="org.dewa.framework.sanitytestcases.SummaryDataExtraction" name="summaryExtractionTest" time="26.372"/>
  <testcase classname="org.dewa.framework.sanitytestcases.SummaryDataExtraction" name="summaryExtractionTest" time="26.057"/>
  <testcase classname="org.dewa.framework.sanitytestcases.SummaryDataExtraction" name="summaryExtractionTest" time="26.193"/>
  <testcase classname="org.dewa.framework.sanitytestcases.SummaryDataExtraction" name="summaryExtractionTest" time="25.754"/>
  <testcase classname="org.dewa.framework.sanitytestcases.SummaryDataExtraction" name="summaryExtractionTest" time="25.963"/>
  <testcase classname="org.dewa.framework.sanitytestcases.SummaryDataExtraction" name="summaryExtractionTest" time="25.879"/>
  <testcase classname="org.dewa.framework.sanitytestcases.SummaryDataExtraction" name="summaryExtractionTest" time="24.649"/>
  <testcase classname="org.dewa.framework.sanitytestcases.SummaryDataExtraction" name="summaryExtractionTest" time="25.607"/>
  <testcase classname="org.dewa.framework.sanitytestcases.SummaryDataExtraction" name="summaryExtractionTest" time="26.003"/>
  <testcase classname="org.dewa.framework.sanitytestcases.SummaryDataExtraction" name="summaryExtractionTest" time="26.364"/>
  <testcase classname="org.dewa.framework.sanitytestcases.SummaryDataExtraction" name="summaryExtractionTest" time="26.256"/>
  <testcase classname="org.dewa.framework.sanitytestcases.SummaryDataExtraction" name="summaryExtractionTest" time="25.854"/>
  <testcase classname="org.dewa.framework.sanitytestcases.SummaryDataExtraction" name="summaryExtractionTest" time="26.135"/>
  <testcase classname="org.dewa.framework.sanitytestcases.SummaryDataExtraction" name="summaryExtractionTest" time="26.626"/>
  <testcase classname="org.dewa.framework.sanitytestcases.SummaryDataExtraction" name="summaryExtractionTest" time="25.926"/>
  <testcase classname="org.dewa.framework.sanitytestcases.SummaryDataExtraction" name="summaryExtractionTest" time="26.039"/>
  <testcase classname="org.dewa.framework.sanitytestcases.SummaryDataExtraction" name="summaryExtractionTest" time="25.765"/>
  <testcase classname="org.dewa.framework.sanitytestcases.SummaryDataExtraction" name="summaryExtractionTest" time="25.206"/>
  <testcase classname="org.dewa.framework.sanitytestcases.SummaryDataExtraction" name="summaryExtractionTest" time="25.873"/>
  <testcase classname="org.dewa.framework.sanitytestcases.SummaryDataExtraction" name="summaryExtractionTest" time="25.885"/>
  <testcase classname="org.dewa.framework.sanitytestcases.SummaryDataExtraction" name="summaryExtractionTest" time="25.941"/>
  <testcase classname="org.dewa.framework.sanitytestcases.SummaryDataExtraction" name="summaryExtractionTest" time="25.766"/>
  <testcase classname="org.dewa.framework.sanitytestcases.SummaryDataExtraction" name="summaryExtractionTest" time="26.073"/>
  <testcase classname="org.dewa.framework.sanitytestcases.SummaryDataExtraction" name="summaryExtractionTest" time="26.529"/>
  <testcase classname="org.dewa.framework.sanitytestcases.SummaryDataExtraction" name="summaryExtractionTest" time="25.920"/>
  <testcase classname="org.dewa.framework.sanitytestcases.SummaryDataExtraction" name="summaryExtractionTest" time="26.535"/>
  <testcase classname="org.dewa.framework.sanitytestcases.SummaryDataExtraction" name="summaryExtractionTest" time="25.775"/>
  <testcase classname="org.dewa.framework.sanitytestcases.SummaryDataExtraction" name="summaryExtractionTest" time="25.734"/>
  <testcase classname="org.dewa.framework.sanitytestcases.SummaryDataExtraction" name="summaryExtractionTest" time="26.175"/>
  <testcase classname="org.dewa.framework.sanitytestcases.SummaryDataExtraction" name="summaryExtractionTest" time="26.019"/>
  <testcase classname="org.dewa.framework.sanitytestcases.SummaryDataExtraction" name="summaryExtractionTest" time="24.390"/>
  <testcase classname="org.dewa.framework.sanitytestcases.SummaryDataExtraction" name="summaryExtractionTest" time="25.979"/>
  <testcase classname="org.dewa.framework.sanitytestcases.SummaryDataExtraction" name="summaryExtractionTest" time="26.128"/>
  <testcase classname="org.dewa.framework.sanitytestcases.SummaryDataExtraction" name="summaryExtractionTest" time="26.409"/>
  <testcase classname="org.dewa.framework.sanitytestcases.SummaryDataExtraction" name="summaryExtractionTest" time="25.566"/>
  <testcase classname="org.dewa.framework.sanitytestcases.SummaryDataExtraction" name="summaryExtractionTest" time="26.204"/>
  <testcase classname="org.dewa.framework.sanitytestcases.SummaryDataExtraction" name="summaryExtractionTest" time="26.315"/>
  <testcase classname="org.dewa.framework.sanitytestcases.SummaryDataExtraction" name="summaryExtractionTest" time="26.406"/>
  <testcase classname="org.dewa.framework.sanitytestcases.SummaryDataExtraction" name="summaryExtractionTest" time="25.850"/>
  <testcase classname="org.dewa.framework.sanitytestcases.SummaryDataExtraction" name="summaryExtractionTest" time="26.397"/>
  <testcase classname="org.dewa.framework.sanitytestcases.SummaryDataExtraction" name="summaryExtractionTest" time="25.997"/>
  <testcase classname="org.dewa.framework.sanitytestcases.SummaryDataExtraction" name="summaryExtractionTest" time="25.901"/>
  <testcase classname="org.dewa.framework.sanitytestcases.SummaryDataExtraction" name="summaryExtractionTest" time="25.918"/>
  <testcase classname="org.dewa.framework.sanitytestcases.SummaryDataExtraction" name="summaryExtractionTest" time="26.164"/>
  <testcase classname="org.dewa.framework.sanitytestcases.SummaryDataExtraction" name="summaryExtractionTest" time="25.744"/>
  <testcase classname="org.dewa.framework.sanitytestcases.SummaryDataExtraction" name="summaryExtractionTest" time="26.133"/>
  <testcase classname="org.dewa.framework.sanitytestcases.SummaryDataExtraction" name="summaryExtractionTest" time="26.285"/>
  <testcase classname="org.dewa.framework.sanitytestcases.SummaryDataExtraction" name="summaryExtractionTest" time="25.863"/>
  <testcase classname="org.dewa.framework.sanitytestcases.SummaryDataExtraction" name="summaryExtractionTest" time="24.476"/>
  <testcase classname="org.dewa.framework.sanitytestcases.SummaryDataExtraction" name="summaryExtractionTest" time="25.707"/>
  <testcase classname="org.dewa.framework.sanitytestcases.SummaryDataExtraction" name="summaryExtractionTest" time="26.273"/>
  <testcase classname="org.dewa.framework.sanitytestcases.SummaryDataExtraction" name="summaryExtractionTest" time="25.947"/>
  <testcase classname="org.dewa.framework.sanitytestcases.SummaryDataExtraction" name="summaryExtractionTest" time="25.996"/>
  <testcase classname="org.dewa.framework.sanitytestcases.SummaryDataExtraction" name="summaryExtractionTest" time="24.501"/>
  <testcase classname="org.dewa.framework.sanitytestcases.SummaryDataExtraction" name="summaryExtractionTest" time="26.349"/>
  <testcase classname="org.dewa.framework.sanitytestcases.SummaryDataExtraction" name="summaryExtractionTest" time="25.727"/>
  <testcase classname="org.dewa.framework.sanitytestcases.SummaryDataExtraction" name="summaryExtractionTest" time="26.100"/>
  <testcase classname="org.dewa.framework.sanitytestcases.SummaryDataExtraction" name="summaryExtractionTest" time="26.121"/>
  <testcase classname="org.dewa.framework.sanitytestcases.SummaryDataExtraction" name="summaryExtractionTest" time="25.723"/>
  <testcase classname="org.dewa.framework.sanitytestcases.SummaryDataExtraction" name="summaryExtractionTest" time="26.088"/>
  <testcase classname="org.dewa.framework.sanitytestcases.SummaryDataExtraction" name="summaryExtractionTest" time="25.974"/>
  <testcase classname="org.dewa.framework.sanitytestcases.SummaryDataExtraction" name="summaryExtractionTest" time="28.460"/>
  <testcase classname="org.dewa.framework.sanitytestcases.SummaryDataExtraction" name="summaryExtractionTest" time="25.978"/>
  <testcase classname="org.dewa.framework.sanitytestcases.SummaryDataExtraction" name="summaryExtractionTest" time="26.121"/>
  <testcase classname="org.dewa.framework.sanitytestcases.SummaryDataExtraction" name="summaryExtractionTest" time="25.845"/>
  <testcase classname="org.dewa.framework.sanitytestcases.SummaryDataExtraction" name="summaryExtractionTest" time="24.493"/>
  <testcase classname="org.dewa.framework.sanitytestcases.SummaryDataExtraction" name="summaryExtractionTest" time="25.877"/>
  <testcase classname="org.dewa.framework.sanitytestcases.SummaryDataExtraction" name="summaryExtractionTest" time="26.284"/>
  <testcase classname="org.dewa.framework.sanitytestcases.SummaryDataExtraction" name="summaryExtractionTest" time="26.032"/>
  <testcase classname="org.dewa.framework.sanitytestcases.SummaryDataExtraction" name="summaryExtractionTest" time="26.115"/>
  <testcase classname="org.dewa.framework.sanitytestcases.SummaryDataExtraction" name="summaryExtractionTest" time="26.449"/>
  <testcase classname="org.dewa.framework.sanitytestcases.SummaryDataExtraction" name="summaryExtractionTest" time="26.039"/>
  <testcase classname="org.dewa.framework.sanitytestcases.SummaryDataExtraction" name="summaryExtractionTest" time="25.643"/>
  <testcase classname="org.dewa.framework.sanitytestcases.SummaryDataExtraction" name="summaryExtractionTest" time="26.162"/>
  <testcase classname="org.dewa.framework.sanitytestcases.SummaryDataExtraction" name="summaryExtractionTest" time="25.877"/>
  <testcase classname="org.dewa.framework.sanitytestcases.SummaryDataExtraction" name="summaryExtractionTest" time="26.492"/>
  <testcase classname="org.dewa.framework.sanitytestcases.SummaryDataExtraction" name="summaryExtractionTest" time="26.847"/>
  <testcase classname="org.dewa.framework.sanitytestcases.SummaryDataExtraction" name="summaryExtractionTest" time="26.407"/>
  <testcase classname="org.dewa.framework.sanitytestcases.SummaryDataExtraction" name="summaryExtractionTest" time="25.927"/>
  <testcase classname="org.dewa.framework.sanitytestcases.SummaryDataExtraction" name="summaryExtractionTest" time="25.948"/>
  <testcase classname="org.dewa.framework.sanitytestcases.SummaryDataExtraction" name="summaryExtractionTest" time="24.508"/>
  <testcase classname="org.dewa.framework.sanitytestcases.SummaryDataExtraction" name="summaryExtractionTest" time="26.263"/>
  <testcase classname="org.dewa.framework.sanitytestcases.SummaryDataExtraction" name="summaryExtractionTest" time="25.956"/>
  <testcase classname="org.dewa.framework.sanitytestcases.SummaryDataExtraction" name="summaryExtractionTest" time="26.197"/>
  <testcase classname="org.dewa.framework.sanitytestcases.SummaryDataExtraction" name="summaryExtractionTest" time="26.713"/>
  <testcase classname="org.dewa.framework.sanitytestcases.SummaryDataExtraction" name="summaryExtractionTest" time="26.185"/>
  <testcase classname="org.dewa.framework.sanitytestcases.SummaryDataExtraction" name="summaryExtractionTest" time="26.036"/>
  <testcase classname="org.dewa.framework.sanitytestcases.SummaryDataExtraction" name="summaryExtractionTest" time="26.485"/>
  <testcase classname="org.dewa.framework.sanitytestcases.SummaryDataExtraction" name="summaryExtractionTest" time="26.521"/>
  <testcase classname="org.dewa.framework.sanitytestcases.SummaryDataExtraction" name="summaryExtractionTest" time="26.118"/>
  <testcase classname="org.dewa.framework.sanitytestcases.SummaryDataExtraction" name="summaryExtractionTest" time="26.243"/>
  <testcase classname="org.dewa.framework.sanitytestcases.SummaryDataExtraction" name="summaryExtractionTest" time="26.552"/>
  <testcase classname="org.dewa.framework.sanitytestcases.SummaryDataExtraction" name="summaryExtractionTest" time="26.131"/>
  <testcase classname="org.dewa.framework.sanitytestcases.SummaryDataExtraction" name="summaryExtractionTest" time="26.234"/>
  <testcase classname="org.dewa.framework.sanitytestcases.SummaryDataExtraction" name="summaryExtractionTest" time="26.250"/>
  <testcase classname="org.dewa.framework.sanitytestcases.SummaryDataExtraction" name="summaryExtractionTest" time="26.134"/>
  <testcase classname="org.dewa.framework.sanitytestcases.SummaryDataExtraction" name="summaryExtractionTest" time="25.562"/>
  <testcase classname="org.dewa.framework.sanitytestcases.SummaryDataExtraction" name="summaryExtractionTest" time="25.929"/>
  <testcase classname="org.dewa.framework.sanitytestcases.SummaryDataExtraction" name="summaryExtractionTest" time="26.285"/>
  <testcase classname="org.dewa.framework.sanitytestcases.SummaryDataExtraction" name="summaryExtractionTest" time="25.799"/>
  <testcase classname="org.dewa.framework.sanitytestcases.SummaryDataExtraction" name="summaryExtractionTest" time="26.099"/>
  <testcase classname="org.dewa.framework.sanitytestcases.SummaryDataExtraction" name="summaryExtractionTest" time="25.925"/>
  <testcase classname="org.dewa.framework.sanitytestcases.SummaryDataExtraction" name="summaryExtractionTest" time="26.344"/>
  <testcase classname="org.dewa.framework.sanitytestcases.SummaryDataExtraction" name="summaryExtractionTest" time="26.353"/>
  <testcase classname="org.dewa.framework.sanitytestcases.SummaryDataExtraction" name="summaryExtractionTest" time="25.481"/>
  <testcase classname="org.dewa.framework.sanitytestcases.SummaryDataExtraction" name="summaryExtractionTest" time="25.918"/>
  <testcase classname="org.dewa.framework.sanitytestcases.SummaryDataExtraction" name="summaryExtractionTest" time="26.578"/>
  <testcase classname="org.dewa.framework.sanitytestcases.SummaryDataExtraction" name="summaryExtractionTest" time="25.771"/>
  <testcase classname="org.dewa.framework.sanitytestcases.SummaryDataExtraction" name="summaryExtractionTest" time="26.208"/>
  <testcase classname="org.dewa.framework.sanitytestcases.SummaryDataExtraction" name="summaryExtractionTest" time="24.888"/>
  <testcase classname="org.dewa.framework.sanitytestcases.SummaryDataExtraction" name="summaryExtractionTest" time="26.610"/>
  <testcase classname="org.dewa.framework.sanitytestcases.SummaryDataExtraction" name="summaryExtractionTest" time="25.151"/>
  <testcase classname="org.dewa.framework.sanitytestcases.SummaryDataExtraction" name="summaryExtractionTest" time="25.686"/>
  <testcase classname="org.dewa.framework.sanitytestcases.SummaryDataExtraction" name="summaryExtractionTest" time="26.254"/>
  <testcase classname="org.dewa.framework.sanitytestcases.SummaryDataExtraction" name="summaryExtractionTest" time="25.826"/>
  <testcase classname="org.dewa.framework.sanitytestcases.SummaryDataExtraction" name="summaryExtractionTest" time="26.038"/>
  <testcase classname="org.dewa.framework.sanitytestcases.SummaryDataExtraction" name="summaryExtractionTest" time="25.964"/>
  <testcase classname="org.dewa.framework.sanitytestcases.SummaryDataExtraction" name="summaryExtractionTest" time="26.479"/>
  <testcase classname="org.dewa.framework.sanitytestcases.SummaryDataExtraction" name="summaryExtractionTest" time="26.233"/>
  <testcase classname="org.dewa.framework.sanitytestcases.SummaryDataExtraction" name="summaryExtractionTest" time="26.009"/>
  <testcase classname="org.dewa.framework.sanitytestcases.SummaryDataExtraction" name="summaryExtractionTest" time="24.606"/>
  <testcase classname="org.dewa.framework.sanitytestcases.SummaryDataExtraction" name="summaryExtractionTest" time="25.856"/>
  <testcase classname="org.dewa.framework.sanitytestcases.SummaryDataExtraction" name="summaryExtractionTest" time="31.127"/>
  <testcase classname="org.dewa.framework.sanitytestcases.SummaryDataExtraction" name="summaryExtractionTest" time="25.019"/>
  <testcase classname="org.dewa.framework.sanitytestcases.SummaryDataExtraction" name="summaryExtractionTest" time="25.807"/>
  <testcase classname="org.dewa.framework.sanitytestcases.SummaryDataExtraction" name="summaryExtractionTest" time="26.118"/>
  <testcase classname="org.dewa.framework.sanitytestcases.SummaryDataExtraction" name="summaryExtractionTest" time="25.843"/>
  <testcase classname="org.dewa.framework.sanitytestcases.SummaryDataExtraction" name="summaryExtractionTest" time="26.268"/>
  <testcase classname="org.dewa.framework.sanitytestcases.SummaryDataExtraction" name="summaryExtractionTest" time="26.471"/>
  <testcase classname="org.dewa.framework.sanitytestcases.SummaryDataExtraction" name="summaryExtractionTest" time="25.929"/>
  <testcase classname="org.dewa.framework.sanitytestcases.SummaryDataExtraction" name="summaryExtractionTest" time="25.063"/>
  <testcase classname="org.dewa.framework.sanitytestcases.SummaryDataExtraction" name="summaryExtractionTest" time="25.705"/>
  <testcase classname="org.dewa.framework.sanitytestcases.SummaryDataExtraction" name="summaryExtractionTest" time="26.654"/>
  <testcase classname="org.dewa.framework.sanitytestcases.SummaryDataExtraction" name="summaryExtractionTest" time="25.804"/>
</testsuite> <!-- org.dewa.framework.sanitytestcases.SummaryDataExtraction -->
